#
# There is insufficient memory for the Java Runtime Environment to continue.
# Native memory allocation (malloc) failed to allocate 2343056 bytes for Chunk::new
# Possible reasons:
#   The system is out of physical RAM or swap space
#   The process is running with CompressedOops enabled, and the Java Heap may be blocking the growth of the native heap
# Possible solutions:
#   Reduce memory load on the system
#   Increase physical memory or swap space
#   Check if swap backing store is full
#   Decrease Java heap size (-Xmx/-Xms)
#   Decrease number of Java threads
#   Decrease Java thread stack sizes (-Xss)
#   Set larger code cache with -XX:ReservedCodeCacheSize=
#   JVM is running with Unscaled Compressed Oops mode in which the Java heap is
#     placed in the first 4GB address space. The Java Heap base address is the
#     maximum limit for the native heap growth. Please use -XX:HeapBaseMinAddress
#     to set the Java Heap base and to place the Java Heap above 4GB virtual address.
# This output file may be truncated or incomplete.
#
#  Out of Memory Error (arena.cpp:189), pid=4920, tid=2496
#
# JRE version: OpenJDK Runtime Environment (17.0.6) (build 17.0.6+0-b2043.56-9586694)
# Java VM: OpenJDK 64-Bit Server VM (17.0.6+0-b2043.56-9586694, mixed mode, tiered, compressed oops, compressed class ptrs, g1 gc, windows-amd64)
# No core dump will be written. Minidumps are not enabled by default on client versions of Windows
#

---------------  S U M M A R Y ------------

Command Line: -XX:MaxPermSize=512m-Dfile.encoding=UTF-8 --add-opens=java.base/java.util=ALL-UNNAMED --add-opens=java.base/java.lang=ALL-UNNAMED --add-opens=java.base/java.lang.invoke=ALL-UNNAMED --add-opens=java.base/java.util=ALL-UNNAMED --add-opens=java.prefs/java.util.prefs=ALL-UNNAMED --add-opens=java.prefs/java.util.prefs=ALL-UNNAMED --add-opens=java.base/java.nio.charset=ALL-UNNAMED --add-opens=java.base/java.net=ALL-UNNAMED --add-opens=java.base/java.util.concurrent.atomic=ALL-UNNAMED -Xmx2048m -Dfile.encoding=windows-1254 -Duser.country=TR -Duser.language=tr -Duser.variant org.gradle.launcher.daemon.bootstrap.GradleDaemon 7.5

Host: Intel(R) Core(TM) i5-9300H CPU @ 2.40GHz, 8 cores, 15G,  Windows 11 , 64 bit Build 22621 (10.0.22621.1485)
Time: Wed Apr 26 18:43:28 2023 Türkiye Standart Saati elapsed time: 12.246382 seconds (0d 0h 0m 12s)

---------------  T H R E A D  ---------------

Current thread (0x0000021144adab70):  JavaThread "C2 CompilerThread1" daemon [_thread_in_native, id=2496, stack(0x000000c5b6500000,0x000000c5b6600000)]


Current CompileTask:
C2:  12246 10408   !   4       com.sun.tools.javac.jvm.ClassReader::classSigToType (497 bytes)

Stack: [0x000000c5b6500000,0x000000c5b6600000]
Native frames: (J=compiled Java code, j=interpreted, Vv=VM code, C=native code)
V  [jvm.dll+0x683b4a]
V  [jvm.dll+0x842654]
V  [jvm.dll+0x843dfe]
V  [jvm.dll+0x844463]
V  [jvm.dll+0x249b75]
V  [jvm.dll+0xabcac]
V  [jvm.dll+0xac27c]
V  [jvm.dll+0x368802]
V  [jvm.dll+0x332f31]
V  [jvm.dll+0x3323da]
V  [jvm.dll+0x21c201]
V  [jvm.dll+0x21b621]
V  [jvm.dll+0x1a4fdd]
V  [jvm.dll+0x22b098]
V  [jvm.dll+0x229159]
V  [jvm.dll+0x7f809c]
V  [jvm.dll+0x7f25fa]
V  [jvm.dll+0x682985]
C  [ucrtbase.dll+0x29363]
C  [KERNEL32.DLL+0x1269d]
C  [ntdll.dll+0x5a9f8]


---------------  P R O C E S S  ---------------

Threads class SMR info:
_java_thread_list=0x000002114e13e260, length=137, elements={
0x0000021127cbe000, 0x00000211448280b0, 0x0000021144828780, 0x0000021143cc8150,
0x0000021143cc8a10, 0x0000021143cc93c0, 0x0000021143cc9d70, 0x0000021143ccca60,
0x0000021143ccd500, 0x0000021143ccdef0, 0x0000021144a11ff0, 0x0000021144a124c0,
0x0000021144adab70, 0x00000211453fe910, 0x0000021147770310, 0x00000211473790a0,
0x0000021145c774c0, 0x0000021146c4ed60, 0x0000021146334ba0, 0x0000021147bc7340,
0x0000021147bc7810, 0x00000211463328f0, 0x0000021146332dc0, 0x0000021146333290,
0x00000211463310e0, 0x0000021146330c10, 0x00000211463315b0, 0x0000021146330740,
0x000002114632f8d0, 0x0000021146330270, 0x0000021146331a80, 0x000002114632fda0,
0x0000021146331f50, 0x0000021146332420, 0x0000021147e84a00, 0x0000021147e88890,
0x0000021147e84ed0, 0x0000021147e8a0a0, 0x0000021147e89700, 0x0000021147e86bb0,
0x0000021147e866e0, 0x0000021147e8a570, 0x0000021147e85d40, 0x0000021147e8af10,
0x0000021147e8b3e0, 0x0000021147e84060, 0x0000021147e84530, 0x0000021147e86210,
0x0000021147e87080, 0x0000021147e883c0, 0x0000021147e89230, 0x0000021147e87550,
0x0000021147e87a20, 0x0000021147e89bd0, 0x0000021148b20cc0, 0x0000021148b1d300,
0x0000021148b1e640, 0x0000021148b1f4b0, 0x0000021148b1baf0, 0x0000021148b1ce30,
0x0000021148b21b30, 0x0000021148b21190, 0x0000021148b1eb10, 0x0000021148b1efe0,
0x0000021148b1dca0, 0x0000021148b1d7d0, 0x0000021148b1b150, 0x0000021148b1f980,
0x0000021148b1fe50, 0x0000021148b20320, 0x0000021148b21660, 0x0000021148b1b620,
0x0000021148b207f0, 0x0000021148b1bfc0, 0x0000021148b22000, 0x0000021148b224d0,
0x0000021148b1e170, 0x0000021148b1c490, 0x0000021148b1c960, 0x0000021148b1ac80,
0x00000211479a81a0, 0x00000211479a6e60, 0x00000211479aa820, 0x00000211479a5ff0,
0x00000211479acea0, 0x00000211479a6990, 0x00000211479aacf0, 0x00000211479ab1c0,
0x00000211479ac9d0, 0x00000211479a8670, 0x00000211479ad840, 0x00000211479a7330,
0x00000211479a7800, 0x00000211479a7cd0, 0x00000211479ab690, 0x00000211479abb60,
0x00000211479a8b40, 0x00000211479ad370, 0x00000211479a94e0, 0x00000211479a99b0,
0x00000211479a9010, 0x00000211479a9e80, 0x00000211479a64c0, 0x00000211479aa350,
0x00000211479ac030, 0x00000211479ac500, 0x000002114a2bdfe0, 0x000002114a2c0b30,
0x000002114a2c1000, 0x000002114a2c1e70, 0x000002114a2c14d0, 0x000002114a2c19a0,
0x000002114a2bdb10, 0x000002114a2bc300, 0x000002114a2c2340, 0x000002114a2be4b0,
0x000002114a2bf320, 0x000002114a2bf7f0, 0x000002114a2bcca0, 0x000002114a2bd640,
0x000002114a2bfcc0, 0x000002114a2c0190, 0x000002114a2c2810, 0x000002114a2be980,
0x000002114a2c31b0, 0x000002114a2bb960, 0x000002114a2bd170, 0x0000021144ef7210,
0x0000021144ef76e0, 0x0000021144ef7bb0, 0x0000021144ef6d40, 0x0000021144ef5ed0,
0x0000021144ef8550, 0x0000021144ef8080, 0x0000021144ef8a20, 0x0000021144ef5060,
0x0000021144ef5a00
}

Java Threads: ( => current thread )
  0x0000021127cbe000 JavaThread "main" [_thread_blocked, id=1188, stack(0x000000c5b5200000,0x000000c5b5300000)]
  0x00000211448280b0 JavaThread "Reference Handler" daemon [_thread_blocked, id=28724, stack(0x000000c5b5900000,0x000000c5b5a00000)]
  0x0000021144828780 JavaThread "Finalizer" daemon [_thread_blocked, id=16776, stack(0x000000c5b5a00000,0x000000c5b5b00000)]
  0x0000021143cc8150 JavaThread "Signal Dispatcher" daemon [_thread_blocked, id=18204, stack(0x000000c5b5b00000,0x000000c5b5c00000)]
  0x0000021143cc8a10 JavaThread "Attach Listener" daemon [_thread_blocked, id=5408, stack(0x000000c5b5c00000,0x000000c5b5d00000)]
  0x0000021143cc93c0 JavaThread "Service Thread" daemon [_thread_blocked, id=8968, stack(0x000000c5b5d00000,0x000000c5b5e00000)]
  0x0000021143cc9d70 JavaThread "Monitor Deflation Thread" daemon [_thread_blocked, id=2940, stack(0x000000c5b5e00000,0x000000c5b5f00000)]
  0x0000021143ccca60 JavaThread "C2 CompilerThread0" daemon [_thread_in_native, id=13028, stack(0x000000c5b5f00000,0x000000c5b6000000)]
  0x0000021143ccd500 JavaThread "C1 CompilerThread0" daemon [_thread_in_native, id=24552, stack(0x000000c5b6000000,0x000000c5b6100000)]
  0x0000021143ccdef0 JavaThread "Sweeper thread" daemon [_thread_blocked, id=30568, stack(0x000000c5b6100000,0x000000c5b6200000)]
  0x0000021144a11ff0 JavaThread "Common-Cleaner" daemon [_thread_blocked, id=24020, stack(0x000000c5b6200000,0x000000c5b6300000)]
  0x0000021144a124c0 JavaThread "Notification Thread" daemon [_thread_blocked, id=27456, stack(0x000000c5b6300000,0x000000c5b6400000)]
=>0x0000021144adab70 JavaThread "C2 CompilerThread1" daemon [_thread_in_native, id=2496, stack(0x000000c5b6500000,0x000000c5b6600000)]
  0x00000211453fe910 JavaThread "C2 CompilerThread2" daemon [_thread_in_native, id=13444, stack(0x000000c5b6600000,0x000000c5b6700000)]
  0x0000021147770310 JavaThread "Daemon health stats" [_thread_blocked, id=9088, stack(0x000000c5b6c00000,0x000000c5b6d00000)]
  0x00000211473790a0 JavaThread "Incoming local TCP Connector on port 53183" [_thread_in_native, id=13460, stack(0x000000c5b6d00000,0x000000c5b6e00000)]
  0x0000021145c774c0 JavaThread "Daemon periodic checks" [_thread_blocked, id=30164, stack(0x000000c5b6e00000,0x000000c5b6f00000)]
  0x0000021146c4ed60 JavaThread "Daemon" [_thread_blocked, id=17936, stack(0x000000c5b6f00000,0x000000c5b7000000)]
  0x0000021146334ba0 JavaThread "Handler for socket connection from /127.0.0.1:53183 to /127.0.0.1:53184" [_thread_in_native, id=5972, stack(0x000000c5b7000000,0x000000c5b7100000)]
  0x0000021147bc7340 JavaThread "Cancel handler" [_thread_blocked, id=28204, stack(0x000000c5b7100000,0x000000c5b7200000)]
  0x0000021147bc7810 JavaThread "Daemon worker" [_thread_blocked, id=12988, stack(0x000000c5b7200000,0x000000c5b7300000)]
  0x00000211463328f0 JavaThread "Asynchronous log dispatcher for DefaultDaemonConnection: socket connection from /127.0.0.1:53183 to /127.0.0.1:53184" [_thread_blocked, id=20404, stack(0x000000c5b7300000,0x000000c5b7400000)]
  0x0000021146332dc0 JavaThread "Stdin handler" [_thread_blocked, id=24052, stack(0x000000c5b7400000,0x000000c5b7500000)]
  0x0000021146333290 JavaThread "Daemon client event forwarder" [_thread_blocked, id=1148, stack(0x000000c5b7500000,0x000000c5b7600000)]
  0x00000211463310e0 JavaThread "Cache worker for journal cache (C:\Users\kaan4\.gradle\caches\journal-1)" [_thread_blocked, id=18516, stack(0x000000c5b7600000,0x000000c5b7700000)]
  0x0000021146330c10 JavaThread "File lock request listener" [_thread_in_native, id=25324, stack(0x000000c5b7700000,0x000000c5b7800000)]
  0x00000211463315b0 JavaThread "Cache worker for file hash cache (C:\Users\kaan4\.gradle\caches\7.5\fileHashes)" [_thread_blocked, id=27712, stack(0x000000c5b7b00000,0x000000c5b7c00000)]
  0x0000021146330740 JavaThread "File watcher server" daemon [_thread_in_native, id=7356, stack(0x000000c5b7c00000,0x000000c5b7d00000)]
  0x000002114632f8d0 JavaThread "File watcher consumer" daemon [_thread_blocked, id=14820, stack(0x000000c5b7d00000,0x000000c5b7e00000)]
  0x0000021146330270 JavaThread "Cache worker for checksums cache (C:\Users\kaan4\OneDrive\Belgeler\GitHub\EnvanterKontrolSistemi\.gradle\7.5\checksums)" [_thread_blocked, id=21944, stack(0x000000c5b7e00000,0x000000c5b7f00000)]
  0x0000021146331a80 JavaThread "Cache worker for cache directory md-rule (C:\Users\kaan4\.gradle\caches\7.5\md-rule)" [_thread_blocked, id=7180, stack(0x000000c5b7f00000,0x000000c5b8000000)]
  0x000002114632fda0 JavaThread "Cache worker for file content cache (C:\Users\kaan4\.gradle\caches\7.5\fileContent)" [_thread_blocked, id=10168, stack(0x000000c5b8000000,0x000000c5b8100000)]
  0x0000021146331f50 JavaThread "Cache worker for file hash cache (C:\Users\kaan4\OneDrive\Belgeler\GitHub\EnvanterKontrolSistemi\.gradle\7.5\fileHashes)" [_thread_blocked, id=7096, stack(0x000000c5b8100000,0x000000c5b8200000)]
  0x0000021146332420 JavaThread "Cache worker for cache directory md-supplier (C:\Users\kaan4\.gradle\caches\7.5\md-supplier)" [_thread_blocked, id=24444, stack(0x000000c5b8200000,0x000000c5b8300000)]
  0x0000021147e84a00 JavaThread "Cache worker for execution history cache (C:\Users\kaan4\.gradle\caches\7.5\executionHistory)" [_thread_blocked, id=30228, stack(0x000000c5b8300000,0x000000c5b8400000)]
  0x0000021147e88890 JavaThread "jar transforms" [_thread_blocked, id=25008, stack(0x000000c5b8400000,0x000000c5b8500000)]
  0x0000021147e84ed0 JavaThread "jar transforms Thread 2" [_thread_blocked, id=28392, stack(0x000000c5b8500000,0x000000c5b8600000)]
  0x0000021147e8a0a0 JavaThread "jar transforms Thread 3" [_thread_blocked, id=9612, stack(0x000000c5b8600000,0x000000c5b8700000)]
  0x0000021147e89700 JavaThread "jar transforms Thread 4" [_thread_blocked, id=23756, stack(0x000000c5b8700000,0x000000c5b8800000)]
  0x0000021147e86bb0 JavaThread "Cache worker for dependencies-accessors (C:\Users\kaan4\OneDrive\Belgeler\GitHub\EnvanterKontrolSistemi\.gradle\7.5\dependencies-accessors)" [_thread_blocked, id=9472, stack(0x000000c5b8800000,0x000000c5b8900000)]
  0x0000021147e866e0 JavaThread "jar transforms Thread 5" [_thread_blocked, id=29560, stack(0x000000c5b8900000,0x000000c5b8a00000)]
  0x0000021147e8a570 JavaThread "Cache worker for Build Output Cleanup Cache (C:\Users\kaan4\OneDrive\Belgeler\GitHub\EnvanterKontrolSistemi\.gradle\buildOutputCleanup)" [_thread_blocked, id=13880, stack(0x000000c5b8a00000,0x000000c5b8b00000)]
  0x0000021147e85d40 JavaThread "Unconstrained build operations" [_thread_blocked, id=16380, stack(0x000000c5b8b00000,0x000000c5b8c00000)]
  0x0000021147e8af10 JavaThread "Unconstrained build operations Thread 2" [_thread_blocked, id=1496, stack(0x000000c5b8c00000,0x000000c5b8d00000)]
  0x0000021147e8b3e0 JavaThread "Unconstrained build operations Thread 3" [_thread_blocked, id=17084, stack(0x000000c5b8d00000,0x000000c5b8e00000)]
  0x0000021147e84060 JavaThread "Unconstrained build operations Thread 4" [_thread_blocked, id=15000, stack(0x000000c5b8e00000,0x000000c5b8f00000)]
  0x0000021147e84530 JavaThread "Unconstrained build operations Thread 5" [_thread_blocked, id=29584, stack(0x000000c5b8f00000,0x000000c5b9000000)]
  0x0000021147e86210 JavaThread "Unconstrained build operations Thread 6" [_thread_blocked, id=16696, stack(0x000000c5b9000000,0x000000c5b9100000)]
  0x0000021147e87080 JavaThread "Unconstrained build operations Thread 7" [_thread_blocked, id=10960, stack(0x000000c5b9100000,0x000000c5b9200000)]
  0x0000021147e883c0 JavaThread "Unconstrained build operations Thread 8" [_thread_blocked, id=12496, stack(0x000000c5b9200000,0x000000c5b9300000)]
  0x0000021147e89230 JavaThread "Unconstrained build operations Thread 9" [_thread_blocked, id=29420, stack(0x000000c5b9300000,0x000000c5b9400000)]
  0x0000021147e87550 JavaThread "Unconstrained build operations Thread 10" [_thread_blocked, id=30296, stack(0x000000c5b9400000,0x000000c5b9500000)]
  0x0000021147e87a20 JavaThread "Unconstrained build operations Thread 11" [_thread_blocked, id=30424, stack(0x000000c5b9500000,0x000000c5b9600000)]
  0x0000021147e89bd0 JavaThread "Unconstrained build operations Thread 12" [_thread_blocked, id=2176, stack(0x000000c5b9600000,0x000000c5b9700000)]
  0x0000021148b20cc0 JavaThread "Unconstrained build operations Thread 13" [_thread_blocked, id=22000, stack(0x000000c5b9700000,0x000000c5b9800000)]
  0x0000021148b1d300 JavaThread "Unconstrained build operations Thread 14" [_thread_blocked, id=19360, stack(0x000000c5b9800000,0x000000c5b9900000)]
  0x0000021148b1e640 JavaThread "Unconstrained build operations Thread 15" [_thread_blocked, id=17464, stack(0x000000c5b9900000,0x000000c5b9a00000)]
  0x0000021148b1f4b0 JavaThread "Unconstrained build operations Thread 16" [_thread_blocked, id=14808, stack(0x000000c5b9a00000,0x000000c5b9b00000)]
  0x0000021148b1baf0 JavaThread "Unconstrained build operations Thread 17" [_thread_blocked, id=16020, stack(0x000000c5b9b00000,0x000000c5b9c00000)]
  0x0000021148b1ce30 JavaThread "Unconstrained build operations Thread 18" [_thread_blocked, id=23068, stack(0x000000c5b9c00000,0x000000c5b9d00000)]
  0x0000021148b21b30 JavaThread "Unconstrained build operations Thread 19" [_thread_blocked, id=28440, stack(0x000000c5b9d00000,0x000000c5b9e00000)]
  0x0000021148b21190 JavaThread "Unconstrained build operations Thread 20" [_thread_blocked, id=3012, stack(0x000000c5b9e00000,0x000000c5b9f00000)]
  0x0000021148b1eb10 JavaThread "Unconstrained build operations Thread 21" [_thread_blocked, id=22344, stack(0x000000c5b9f00000,0x000000c5ba000000)]
  0x0000021148b1efe0 JavaThread "Unconstrained build operations Thread 22" [_thread_blocked, id=25144, stack(0x000000c5ba000000,0x000000c5ba100000)]
  0x0000021148b1dca0 JavaThread "Unconstrained build operations Thread 23" [_thread_blocked, id=19104, stack(0x000000c5ba100000,0x000000c5ba200000)]
  0x0000021148b1d7d0 JavaThread "Unconstrained build operations Thread 24" [_thread_blocked, id=12048, stack(0x000000c5ba200000,0x000000c5ba300000)]
  0x0000021148b1b150 JavaThread "Unconstrained build operations Thread 25" [_thread_blocked, id=26672, stack(0x000000c5ba300000,0x000000c5ba400000)]
  0x0000021148b1f980 JavaThread "Unconstrained build operations Thread 26" [_thread_blocked, id=29088, stack(0x000000c5ba400000,0x000000c5ba500000)]
  0x0000021148b1fe50 JavaThread "Unconstrained build operations Thread 27" [_thread_blocked, id=3460, stack(0x000000c5ba500000,0x000000c5ba600000)]
  0x0000021148b20320 JavaThread "Unconstrained build operations Thread 28" [_thread_blocked, id=23396, stack(0x000000c5ba600000,0x000000c5ba700000)]
  0x0000021148b21660 JavaThread "Unconstrained build operations Thread 29" [_thread_blocked, id=25524, stack(0x000000c5ba700000,0x000000c5ba800000)]
  0x0000021148b1b620 JavaThread "Unconstrained build operations Thread 30" [_thread_blocked, id=12564, stack(0x000000c5ba800000,0x000000c5ba900000)]
  0x0000021148b207f0 JavaThread "Unconstrained build operations Thread 31" [_thread_blocked, id=26832, stack(0x000000c5ba900000,0x000000c5baa00000)]
  0x0000021148b1bfc0 JavaThread "Unconstrained build operations Thread 32" [_thread_blocked, id=17044, stack(0x000000c5baa00000,0x000000c5bab00000)]
  0x0000021148b22000 JavaThread "Unconstrained build operations Thread 33" [_thread_blocked, id=26856, stack(0x000000c5bab00000,0x000000c5bac00000)]
  0x0000021148b224d0 JavaThread "Unconstrained build operations Thread 34" [_thread_blocked, id=4120, stack(0x000000c5bac00000,0x000000c5bad00000)]
  0x0000021148b1e170 JavaThread "Unconstrained build operations Thread 35" [_thread_blocked, id=3308, stack(0x000000c5bad00000,0x000000c5bae00000)]
  0x0000021148b1c490 JavaThread "Unconstrained build operations Thread 36" [_thread_blocked, id=27328, stack(0x000000c5bae00000,0x000000c5baf00000)]
  0x0000021148b1c960 JavaThread "Unconstrained build operations Thread 37" [_thread_blocked, id=23288, stack(0x000000c5baf00000,0x000000c5bb000000)]
  0x0000021148b1ac80 JavaThread "Unconstrained build operations Thread 38" [_thread_blocked, id=22264, stack(0x000000c5bb000000,0x000000c5bb100000)]
  0x00000211479a81a0 JavaThread "Unconstrained build operations Thread 39" [_thread_blocked, id=11884, stack(0x000000c5bb100000,0x000000c5bb200000)]
  0x00000211479a6e60 JavaThread "Unconstrained build operations Thread 40" [_thread_blocked, id=10268, stack(0x000000c5bb200000,0x000000c5bb300000)]
  0x00000211479aa820 JavaThread "Unconstrained build operations Thread 41" [_thread_blocked, id=20644, stack(0x000000c5bb300000,0x000000c5bb400000)]
  0x00000211479a5ff0 JavaThread "Unconstrained build operations Thread 42" [_thread_blocked, id=22020, stack(0x000000c5bb400000,0x000000c5bb500000)]
  0x00000211479acea0 JavaThread "Unconstrained build operations Thread 43" [_thread_blocked, id=6504, stack(0x000000c5bb500000,0x000000c5bb600000)]
  0x00000211479a6990 JavaThread "Unconstrained build operations Thread 44" [_thread_blocked, id=26184, stack(0x000000c5bb600000,0x000000c5bb700000)]
  0x00000211479aacf0 JavaThread "Unconstrained build operations Thread 45" [_thread_blocked, id=5204, stack(0x000000c5bb700000,0x000000c5bb800000)]
  0x00000211479ab1c0 JavaThread "Unconstrained build operations Thread 46" [_thread_blocked, id=8524, stack(0x000000c5bb800000,0x000000c5bb900000)]
  0x00000211479ac9d0 JavaThread "Unconstrained build operations Thread 47" [_thread_blocked, id=26764, stack(0x000000c5bb900000,0x000000c5bba00000)]
  0x00000211479a8670 JavaThread "Unconstrained build operations Thread 48" [_thread_blocked, id=19140, stack(0x000000c5bba00000,0x000000c5bbb00000)]
  0x00000211479ad840 JavaThread "Unconstrained build operations Thread 49" [_thread_blocked, id=20876, stack(0x000000c5bbb00000,0x000000c5bbc00000)]
  0x00000211479a7330 JavaThread "Unconstrained build operations Thread 50" [_thread_blocked, id=27296, stack(0x000000c5bbc00000,0x000000c5bbd00000)]
  0x00000211479a7800 JavaThread "Unconstrained build operations Thread 51" [_thread_blocked, id=11456, stack(0x000000c5bbd00000,0x000000c5bbe00000)]
  0x00000211479a7cd0 JavaThread "Unconstrained build operations Thread 52" [_thread_blocked, id=17604, stack(0x000000c5bbe00000,0x000000c5bbf00000)]
  0x00000211479ab690 JavaThread "Unconstrained build operations Thread 53" [_thread_blocked, id=4168, stack(0x000000c5bbf00000,0x000000c5bc000000)]
  0x00000211479abb60 JavaThread "Unconstrained build operations Thread 54" [_thread_blocked, id=29308, stack(0x000000c5bc000000,0x000000c5bc100000)]
  0x00000211479a8b40 JavaThread "Unconstrained build operations Thread 55" [_thread_blocked, id=7008, stack(0x000000c5bc100000,0x000000c5bc200000)]
  0x00000211479ad370 JavaThread "Unconstrained build operations Thread 56" [_thread_blocked, id=8636, stack(0x000000c5bc200000,0x000000c5bc300000)]
  0x00000211479a94e0 JavaThread "Unconstrained build operations Thread 57" [_thread_blocked, id=8776, stack(0x000000c5bc300000,0x000000c5bc400000)]
  0x00000211479a99b0 JavaThread "Unconstrained build operations Thread 58" [_thread_blocked, id=27016, stack(0x000000c5bc400000,0x000000c5bc500000)]
  0x00000211479a9010 JavaThread "Unconstrained build operations Thread 59" [_thread_blocked, id=5564, stack(0x000000c5bc500000,0x000000c5bc600000)]
  0x00000211479a9e80 JavaThread "Unconstrained build operations Thread 60" [_thread_blocked, id=9232, stack(0x000000c5bc600000,0x000000c5bc700000)]
  0x00000211479a64c0 JavaThread "Unconstrained build operations Thread 61" [_thread_blocked, id=20304, stack(0x000000c5bc700000,0x000000c5bc800000)]
  0x00000211479aa350 JavaThread "Unconstrained build operations Thread 62" [_thread_blocked, id=5712, stack(0x000000c5bc800000,0x000000c5bc900000)]
  0x00000211479ac030 JavaThread "Unconstrained build operations Thread 63" [_thread_blocked, id=16496, stack(0x000000c5bc900000,0x000000c5bca00000)]
  0x00000211479ac500 JavaThread "Unconstrained build operations Thread 64" [_thread_blocked, id=1508, stack(0x000000c5bca00000,0x000000c5bcb00000)]
  0x000002114a2bdfe0 JavaThread "Unconstrained build operations Thread 65" [_thread_blocked, id=5860, stack(0x000000c5bcb00000,0x000000c5bcc00000)]
  0x000002114a2c0b30 JavaThread "Unconstrained build operations Thread 66" [_thread_blocked, id=22380, stack(0x000000c5bcc00000,0x000000c5bcd00000)]
  0x000002114a2c1000 JavaThread "Unconstrained build operations Thread 67" [_thread_blocked, id=1056, stack(0x000000c5bcd00000,0x000000c5bce00000)]
  0x000002114a2c1e70 JavaThread "Unconstrained build operations Thread 68" [_thread_blocked, id=19472, stack(0x000000c5bce00000,0x000000c5bcf00000)]
  0x000002114a2c14d0 JavaThread "Unconstrained build operations Thread 69" [_thread_blocked, id=18368, stack(0x000000c5bcf00000,0x000000c5bd000000)]
  0x000002114a2c19a0 JavaThread "Unconstrained build operations Thread 70" [_thread_blocked, id=13648, stack(0x000000c5bd000000,0x000000c5bd100000)]
  0x000002114a2bdb10 JavaThread "Unconstrained build operations Thread 71" [_thread_blocked, id=24764, stack(0x000000c5bd100000,0x000000c5bd200000)]
  0x000002114a2bc300 JavaThread "Unconstrained build operations Thread 72" [_thread_blocked, id=7260, stack(0x000000c5bd200000,0x000000c5bd300000)]
  0x000002114a2c2340 JavaThread "Unconstrained build operations Thread 73" [_thread_blocked, id=3324, stack(0x000000c5bd300000,0x000000c5bd400000)]
  0x000002114a2be4b0 JavaThread "Unconstrained build operations Thread 74" [_thread_blocked, id=19952, stack(0x000000c5bd400000,0x000000c5bd500000)]
  0x000002114a2bf320 JavaThread "Unconstrained build operations Thread 75" [_thread_blocked, id=18668, stack(0x000000c5bd500000,0x000000c5bd600000)]
  0x000002114a2bf7f0 JavaThread "Unconstrained build operations Thread 76" [_thread_blocked, id=28036, stack(0x000000c5bd600000,0x000000c5bd700000)]
  0x000002114a2bcca0 JavaThread "Unconstrained build operations Thread 77" [_thread_blocked, id=22772, stack(0x000000c5bd700000,0x000000c5bd800000)]
  0x000002114a2bd640 JavaThread "Unconstrained build operations Thread 78" [_thread_blocked, id=9884, stack(0x000000c5bd800000,0x000000c5bd900000)]
  0x000002114a2bfcc0 JavaThread "Unconstrained build operations Thread 79" [_thread_blocked, id=16752, stack(0x000000c5bd900000,0x000000c5bda00000)]
  0x000002114a2c0190 JavaThread "Unconstrained build operations Thread 80" [_thread_blocked, id=6752, stack(0x000000c5bda00000,0x000000c5bdb00000)]
  0x000002114a2c2810 JavaThread "jar transforms Thread 6" [_thread_blocked, id=10160, stack(0x000000c5bdb00000,0x000000c5bdc00000)]
  0x000002114a2be980 JavaThread "jar transforms Thread 7" [_thread_blocked, id=11944, stack(0x000000c5bdc00000,0x000000c5bdd00000)]
  0x000002114a2c31b0 JavaThread "jar transforms Thread 8" [_thread_blocked, id=19176, stack(0x000000c5bdd00000,0x000000c5bde00000)]
  0x000002114a2bb960 JavaThread "build event listener" [_thread_blocked, id=18852, stack(0x000000c5bde00000,0x000000c5bdf00000)]
  0x000002114a2bd170 JavaThread "Memory manager" [_thread_blocked, id=7212, stack(0x000000c5bdf00000,0x000000c5be000000)]
  0x0000021144ef7210 JavaThread "included builds" [_thread_in_vm, id=14124, stack(0x000000c5be000000,0x000000c5be100000)]
  0x0000021144ef76e0 JavaThread "Execution worker" [_thread_blocked, id=19288, stack(0x000000c5be100000,0x000000c5be200000)]
  0x0000021144ef7bb0 JavaThread "Execution worker Thread 2" [_thread_blocked, id=23016, stack(0x000000c5be200000,0x000000c5be300000)]
  0x0000021144ef6d40 JavaThread "Execution worker Thread 3" [_thread_blocked, id=25892, stack(0x000000c5be300000,0x000000c5be400000)]
  0x0000021144ef5ed0 JavaThread "Execution worker Thread 4" [_thread_blocked, id=11728, stack(0x000000c5be400000,0x000000c5be500000)]
  0x0000021144ef8550 JavaThread "Execution worker Thread 5" [_thread_blocked, id=20460, stack(0x000000c5be500000,0x000000c5be600000)]
  0x0000021144ef8080 JavaThread "Execution worker Thread 6" [_thread_blocked, id=30636, stack(0x000000c5be600000,0x000000c5be700000)]
  0x0000021144ef8a20 JavaThread "Execution worker Thread 7" [_thread_blocked, id=18632, stack(0x000000c5be700000,0x000000c5be800000)]
  0x0000021144ef5060 JavaThread "Cache worker for execution history cache (C:\Users\kaan4\OneDrive\Belgeler\GitHub\EnvanterKontrolSistemi\.gradle\7.5\executionHistory)" [_thread_blocked, id=17412, stack(0x000000c5be800000,0x000000c5be900000)]
  0x0000021144ef5a00 JavaThread "Cache worker for Java compile cache (C:\Users\kaan4\.gradle\caches\7.5\javaCompile)" [_thread_blocked, id=29048, stack(0x000000c5be900000,0x000000c5bea00000)]

Other Threads:
  0x0000021143cc7930 VMThread "VM Thread" [stack: 0x000000c5b5800000,0x000000c5b5900000] [id=7184]
  0x0000021144a12990 WatcherThread [stack: 0x000000c5b6400000,0x000000c5b6500000] [id=25204]
  0x0000021129ea70c0 GCTaskThread "GC Thread#0" [stack: 0x000000c5b5300000,0x000000c5b5400000] [id=20712]
  0x00000211453e6140 GCTaskThread "GC Thread#1" [stack: 0x000000c5b6700000,0x000000c5b6800000] [id=756]
  0x00000211453918b0 GCTaskThread "GC Thread#2" [stack: 0x000000c5b6800000,0x000000c5b6900000] [id=18836]
  0x0000021144be0ed0 GCTaskThread "GC Thread#3" [stack: 0x000000c5b6900000,0x000000c5b6a00000] [id=14832]
  0x0000021144be1180 GCTaskThread "GC Thread#4" [stack: 0x000000c5b6a00000,0x000000c5b6b00000] [id=27632]
  0x0000021144be1430 GCTaskThread "GC Thread#5" [stack: 0x000000c5b6b00000,0x000000c5b6c00000] [id=28436]
  0x0000021145d32f80 GCTaskThread "GC Thread#6" [stack: 0x000000c5b7800000,0x000000c5b7900000] [id=3812]
  0x0000021147529950 GCTaskThread "GC Thread#7" [stack: 0x000000c5b7900000,0x000000c5b7a00000] [id=6076]
  0x0000021129eb7ea0 ConcurrentGCThread "G1 Main Marker" [stack: 0x000000c5b5400000,0x000000c5b5500000] [id=6196]
  0x0000021129eb8ef0 ConcurrentGCThread "G1 Conc#0" [stack: 0x000000c5b5500000,0x000000c5b5600000] [id=17388]
  0x000002114610f110 ConcurrentGCThread "G1 Conc#1" [stack: 0x000000c5b7a00000,0x000000c5b7b00000] [id=21220]
  0x0000021129f0e790 ConcurrentGCThread "G1 Refine#0" [stack: 0x000000c5b5600000,0x000000c5b5700000] [id=4472]
  0x0000021143b586a0 ConcurrentGCThread "G1 Service" [stack: 0x000000c5b5700000,0x000000c5b5800000] [id=12728]

Threads with active compile tasks:
C2 CompilerThread0    12282 10710       4       com.sun.tools.javac.code.Types$15::visitClassType (10 bytes)
C1 CompilerThread0    12282 10780   !   3       com.sun.tools.javac.comp.Check::checkOverride (831 bytes)
C2 CompilerThread1    12282 10408   !   4       com.sun.tools.javac.jvm.ClassReader::classSigToType (497 bytes)
C2 CompilerThread2    12282 10654       4       com.sun.tools.javac.jvm.PoolReader::resolve (344 bytes)

VM state: not at safepoint (normal execution)

VM Mutex/Monitor currently owned by a thread: None

Heap address: 0x0000000080000000, size: 2048 MB, Compressed Oops mode: 32-bit

CDS archive(s) not mapped
Compressed class space mapped at: 0x0000000100000000-0x0000000140000000, reserved size: 1073741824
Narrow klass base: 0x0000000000000000, Narrow klass shift: 3, Narrow klass range: 0x140000000

GC Precious Log:
 CPUs: 8 total, 8 available
 Memory: 16220M
 Large Page Support: Disabled
 NUMA Support: Disabled
 Compressed Oops: Enabled (32-bit)
 Heap Region Size: 1M
 Heap Min Capacity: 8M
 Heap Initial Capacity: 254M
 Heap Max Capacity: 2G
 Pre-touch: Disabled
 Parallel Workers: 8
 Concurrent Workers: 2
 Concurrent Refinement Workers: 8
 Periodic GC: Disabled

Heap:
 garbage-first heap   total 229376K, used 118678K [0x0000000080000000, 0x0000000100000000)
  region size 1024K, 39 young (39936K), 2 survivors (2048K)
 Metaspace       used 93242K, committed 93952K, reserved 1130496K
  class space    used 12724K, committed 13056K, reserved 1048576K

Heap Regions: E=young(eden), S=young(survivor), O=old, HS=humongous(starts), HC=humongous(continues), CS=collection set, F=free, OA=open archive, CA=closed archive, TAMS=top-at-mark-start (previous, next)
|   0|0x0000000080000000, 0x0000000080100000, 0x0000000080100000|100%| O|  |TAMS 0x0000000080100000, 0x0000000080000000| Untracked 
|   1|0x0000000080100000, 0x0000000080200000, 0x0000000080200000|100%| O|  |TAMS 0x0000000080200000, 0x0000000080100000| Untracked 
|   2|0x0000000080200000, 0x0000000080300000, 0x0000000080300000|100%| O|  |TAMS 0x0000000080300000, 0x0000000080200000| Untracked 
|   3|0x0000000080300000, 0x0000000080400000, 0x0000000080400000|100%|HS|  |TAMS 0x0000000080400000, 0x0000000080300000| Complete 
|   4|0x0000000080400000, 0x0000000080500000, 0x0000000080500000|100%|HC|  |TAMS 0x0000000080500000, 0x0000000080400000| Complete 
|   5|0x0000000080500000, 0x0000000080600000, 0x0000000080600000|100%|HC|  |TAMS 0x0000000080600000, 0x0000000080500000| Complete 
|   6|0x0000000080600000, 0x0000000080700000, 0x0000000080700000|100%| O|  |TAMS 0x0000000080700000, 0x0000000080600000| Untracked 
|   7|0x0000000080700000, 0x0000000080800000, 0x0000000080800000|100%| O|  |TAMS 0x0000000080800000, 0x0000000080700000| Untracked 
|   8|0x0000000080800000, 0x0000000080900000, 0x0000000080900000|100%| O|  |TAMS 0x0000000080900000, 0x0000000080800000| Untracked 
|   9|0x0000000080900000, 0x0000000080a00000, 0x0000000080a00000|100%| O|  |TAMS 0x0000000080a00000, 0x0000000080900000| Untracked 
|  10|0x0000000080a00000, 0x0000000080b00000, 0x0000000080b00000|100%| O|  |TAMS 0x0000000080b00000, 0x0000000080a00000| Untracked 
|  11|0x0000000080b00000, 0x0000000080c00000, 0x0000000080c00000|100%| O|  |TAMS 0x0000000080c00000, 0x0000000080b00000| Untracked 
|  12|0x0000000080c00000, 0x0000000080d00000, 0x0000000080d00000|100%| O|  |TAMS 0x0000000080d00000, 0x0000000080c00000| Untracked 
|  13|0x0000000080d00000, 0x0000000080e00000, 0x0000000080e00000|100%| O|  |TAMS 0x0000000080e00000, 0x0000000080d00000| Untracked 
|  14|0x0000000080e00000, 0x0000000080f00000, 0x0000000080f00000|100%| O|  |TAMS 0x0000000080f00000, 0x0000000080e00000| Untracked 
|  15|0x0000000080f00000, 0x0000000081000000, 0x0000000081000000|100%| O|  |TAMS 0x0000000081000000, 0x0000000080f00000| Untracked 
|  16|0x0000000081000000, 0x0000000081100000, 0x0000000081100000|100%| O|  |TAMS 0x0000000081100000, 0x0000000081000000| Untracked 
|  17|0x0000000081100000, 0x0000000081200000, 0x0000000081200000|100%| O|  |TAMS 0x0000000081200000, 0x0000000081100000| Untracked 
|  18|0x0000000081200000, 0x0000000081300000, 0x0000000081300000|100%| O|  |TAMS 0x0000000081300000, 0x0000000081200000| Untracked 
|  19|0x0000000081300000, 0x0000000081400000, 0x0000000081400000|100%|HS|  |TAMS 0x0000000081400000, 0x0000000081300000| Complete 
|  20|0x0000000081400000, 0x0000000081500000, 0x0000000081500000|100%| O|  |TAMS 0x0000000081500000, 0x0000000081400000| Untracked 
|  21|0x0000000081500000, 0x0000000081600000, 0x0000000081600000|100%| O|  |TAMS 0x0000000081600000, 0x0000000081500000| Untracked 
|  22|0x0000000081600000, 0x0000000081700000, 0x0000000081700000|100%| O|  |TAMS 0x0000000081700000, 0x0000000081600000| Untracked 
|  23|0x0000000081700000, 0x0000000081800000, 0x0000000081800000|100%| O|  |TAMS 0x0000000081800000, 0x0000000081700000| Untracked 
|  24|0x0000000081800000, 0x0000000081900000, 0x0000000081900000|100%| O|  |TAMS 0x0000000081900000, 0x0000000081800000| Untracked 
|  25|0x0000000081900000, 0x0000000081a00000, 0x0000000081a00000|100%| O|  |TAMS 0x0000000081a00000, 0x0000000081900000| Untracked 
|  26|0x0000000081a00000, 0x0000000081b00000, 0x0000000081b00000|100%| O|  |TAMS 0x0000000081b00000, 0x0000000081a00000| Untracked 
|  27|0x0000000081b00000, 0x0000000081c00000, 0x0000000081c00000|100%| O|  |TAMS 0x0000000081c00000, 0x0000000081b00000| Untracked 
|  28|0x0000000081c00000, 0x0000000081d00000, 0x0000000081d00000|100%| O|  |TAMS 0x0000000081d00000, 0x0000000081c00000| Untracked 
|  29|0x0000000081d00000, 0x0000000081d00000, 0x0000000081e00000|  0%| F|  |TAMS 0x0000000081d00000, 0x0000000081d00000| Untracked 
|  30|0x0000000081e00000, 0x0000000081f00000, 0x0000000081f00000|100%| O|  |TAMS 0x0000000081f00000, 0x0000000081e00000| Untracked 
|  31|0x0000000081f00000, 0x0000000082000000, 0x0000000082000000|100%|HS|  |TAMS 0x0000000082000000, 0x0000000081f00000| Complete 
|  32|0x0000000082000000, 0x0000000082100000, 0x0000000082100000|100%| O|  |TAMS 0x0000000082100000, 0x0000000082000000| Untracked 
|  33|0x0000000082100000, 0x0000000082200000, 0x0000000082200000|100%| O|  |TAMS 0x0000000082200000, 0x0000000082100000| Untracked 
|  34|0x0000000082200000, 0x0000000082300000, 0x0000000082300000|100%| O|  |TAMS 0x0000000082300000, 0x0000000082200000| Untracked 
|  35|0x0000000082300000, 0x0000000082400000, 0x0000000082400000|100%| O|  |TAMS 0x0000000082400000, 0x0000000082300000| Untracked 
|  36|0x0000000082400000, 0x0000000082500000, 0x0000000082500000|100%| O|  |TAMS 0x0000000082500000, 0x0000000082400000| Untracked 
|  37|0x0000000082500000, 0x0000000082600000, 0x0000000082600000|100%| O|  |TAMS 0x0000000082600000, 0x0000000082500000| Untracked 
|  38|0x0000000082600000, 0x0000000082700000, 0x0000000082700000|100%| O|  |TAMS 0x0000000082700000, 0x0000000082600000| Untracked 
|  39|0x0000000082700000, 0x0000000082800000, 0x0000000082800000|100%| O|  |TAMS 0x0000000082800000, 0x0000000082700000| Untracked 
|  40|0x0000000082800000, 0x0000000082900000, 0x0000000082900000|100%| O|  |TAMS 0x0000000082900000, 0x0000000082800000| Untracked 
|  41|0x0000000082900000, 0x0000000082a00000, 0x0000000082a00000|100%| O|  |TAMS 0x0000000082a00000, 0x0000000082900000| Untracked 
|  42|0x0000000082a00000, 0x0000000082b00000, 0x0000000082b00000|100%| O|  |TAMS 0x0000000082b00000, 0x0000000082a00000| Untracked 
|  43|0x0000000082b00000, 0x0000000082c00000, 0x0000000082c00000|100%| O|  |TAMS 0x0000000082c00000, 0x0000000082b00000| Untracked 
|  44|0x0000000082c00000, 0x0000000082d00000, 0x0000000082d00000|100%| O|  |TAMS 0x0000000082d00000, 0x0000000082c00000| Untracked 
|  45|0x0000000082d00000, 0x0000000082e00000, 0x0000000082e00000|100%| O|  |TAMS 0x0000000082e00000, 0x0000000082d00000| Untracked 
|  46|0x0000000082e00000, 0x0000000082f00000, 0x0000000082f00000|100%| O|  |TAMS 0x0000000082f00000, 0x0000000082e00000| Untracked 
|  47|0x0000000082f00000, 0x0000000083000000, 0x0000000083000000|100%| O|  |TAMS 0x0000000083000000, 0x0000000082f00000| Untracked 
|  48|0x0000000083000000, 0x0000000083100000, 0x0000000083100000|100%| O|  |TAMS 0x0000000083100000, 0x0000000083000000| Untracked 
|  49|0x0000000083100000, 0x0000000083200000, 0x0000000083200000|100%| O|  |TAMS 0x0000000083200000, 0x0000000083100000| Untracked 
|  50|0x0000000083200000, 0x0000000083300000, 0x0000000083300000|100%| O|  |TAMS 0x0000000083300000, 0x0000000083200000| Untracked 
|  51|0x0000000083300000, 0x0000000083400000, 0x0000000083400000|100%| O|  |TAMS 0x0000000083400000, 0x0000000083300000| Untracked 
|  52|0x0000000083400000, 0x0000000083500000, 0x0000000083500000|100%| O|  |TAMS 0x0000000083500000, 0x0000000083400000| Untracked 
|  53|0x0000000083500000, 0x0000000083600000, 0x0000000083600000|100%| O|  |TAMS 0x0000000083600000, 0x0000000083500000| Untracked 
|  54|0x0000000083600000, 0x0000000083700000, 0x0000000083700000|100%| O|  |TAMS 0x0000000083700000, 0x0000000083600000| Untracked 
|  55|0x0000000083700000, 0x0000000083800000, 0x0000000083800000|100%| O|  |TAMS 0x0000000083800000, 0x0000000083700000| Untracked 
|  56|0x0000000083800000, 0x0000000083900000, 0x0000000083900000|100%| O|  |TAMS 0x0000000083900000, 0x0000000083800000| Untracked 
|  57|0x0000000083900000, 0x0000000083a00000, 0x0000000083a00000|100%| O|  |TAMS 0x0000000083a00000, 0x0000000083900000| Untracked 
|  58|0x0000000083a00000, 0x0000000083b00000, 0x0000000083b00000|100%| O|  |TAMS 0x0000000083b00000, 0x0000000083a00000| Untracked 
|  59|0x0000000083b00000, 0x0000000083c00000, 0x0000000083c00000|100%| O|  |TAMS 0x0000000083c00000, 0x0000000083b00000| Untracked 
|  60|0x0000000083c00000, 0x0000000083d00000, 0x0000000083d00000|100%| O|  |TAMS 0x0000000083d00000, 0x0000000083c00000| Untracked 
|  61|0x0000000083d00000, 0x0000000083e00000, 0x0000000083e00000|100%| O|  |TAMS 0x0000000083e00000, 0x0000000083d00000| Untracked 
|  62|0x0000000083e00000, 0x0000000083f00000, 0x0000000083f00000|100%| O|  |TAMS 0x0000000083f00000, 0x0000000083e00000| Untracked 
|  63|0x0000000083f00000, 0x0000000084000000, 0x0000000084000000|100%| O|  |TAMS 0x0000000083f3cc00, 0x0000000083f00000| Untracked 
|  64|0x0000000084000000, 0x0000000084100000, 0x0000000084100000|100%| O|  |TAMS 0x0000000084000000, 0x0000000084000000| Untracked 
|  65|0x0000000084100000, 0x0000000084200000, 0x0000000084200000|100%| O|  |TAMS 0x0000000084100000, 0x0000000084100000| Untracked 
|  66|0x0000000084200000, 0x0000000084300000, 0x0000000084300000|100%| O|  |TAMS 0x0000000084200000, 0x0000000084200000| Untracked 
|  67|0x0000000084300000, 0x0000000084400000, 0x0000000084400000|100%| O|  |TAMS 0x0000000084300000, 0x0000000084300000| Untracked 
|  68|0x0000000084400000, 0x0000000084500000, 0x0000000084500000|100%| O|  |TAMS 0x0000000084400000, 0x0000000084400000| Untracked 
|  69|0x0000000084500000, 0x0000000084600000, 0x0000000084600000|100%| O|  |TAMS 0x0000000084500000, 0x0000000084500000| Untracked 
|  70|0x0000000084600000, 0x0000000084700000, 0x0000000084700000|100%| O|  |TAMS 0x0000000084600000, 0x0000000084600000| Untracked 
|  71|0x0000000084700000, 0x0000000084800000, 0x0000000084800000|100%| O|  |TAMS 0x0000000084700000, 0x0000000084700000| Untracked 
|  72|0x0000000084800000, 0x0000000084900000, 0x0000000084900000|100%| O|  |TAMS 0x0000000084800000, 0x0000000084800000| Untracked 
|  73|0x0000000084900000, 0x0000000084a00000, 0x0000000084a00000|100%| O|  |TAMS 0x0000000084900000, 0x0000000084900000| Untracked 
|  74|0x0000000084a00000, 0x0000000084b00000, 0x0000000084b00000|100%| O|  |TAMS 0x0000000084a00000, 0x0000000084a00000| Untracked 
|  75|0x0000000084b00000, 0x0000000084c00000, 0x0000000084c00000|100%| O|  |TAMS 0x0000000084b00000, 0x0000000084b00000| Untracked 
|  76|0x0000000084c00000, 0x0000000084d00000, 0x0000000084d00000|100%| O|  |TAMS 0x0000000084c00000, 0x0000000084c00000| Untracked 
|  77|0x0000000084d00000, 0x0000000084dbac00, 0x0000000084e00000| 72%| O|  |TAMS 0x0000000084d00000, 0x0000000084d00000| Untracked 
|  78|0x0000000084e00000, 0x0000000084f00000, 0x0000000084f00000|100%|HS|  |TAMS 0x0000000084e00000, 0x0000000084e00000| Complete 
|  79|0x0000000084f00000, 0x0000000085000000, 0x0000000085000000|100%|HC|  |TAMS 0x0000000084f00000, 0x0000000084f00000| Complete 
|  80|0x0000000085000000, 0x0000000085000000, 0x0000000085100000|  0%| F|  |TAMS 0x0000000085000000, 0x0000000085000000| Untracked 
|  81|0x0000000085100000, 0x0000000085100000, 0x0000000085200000|  0%| F|  |TAMS 0x0000000085100000, 0x0000000085100000| Untracked 
|  82|0x0000000085200000, 0x0000000085200000, 0x0000000085300000|  0%| F|  |TAMS 0x0000000085200000, 0x0000000085200000| Untracked 
|  83|0x0000000085300000, 0x0000000085300000, 0x0000000085400000|  0%| F|  |TAMS 0x0000000085300000, 0x0000000085300000| Untracked 
|  84|0x0000000085400000, 0x0000000085400000, 0x0000000085500000|  0%| F|  |TAMS 0x0000000085400000, 0x0000000085400000| Untracked 
|  85|0x0000000085500000, 0x0000000085500000, 0x0000000085600000|  0%| F|  |TAMS 0x0000000085500000, 0x0000000085500000| Untracked 
|  86|0x0000000085600000, 0x0000000085600000, 0x0000000085700000|  0%| F|  |TAMS 0x0000000085600000, 0x0000000085600000| Untracked 
|  87|0x0000000085700000, 0x0000000085700000, 0x0000000085800000|  0%| F|  |TAMS 0x0000000085700000, 0x0000000085700000| Untracked 
|  88|0x0000000085800000, 0x0000000085800000, 0x0000000085900000|  0%| F|  |TAMS 0x0000000085800000, 0x0000000085800000| Untracked 
|  89|0x0000000085900000, 0x0000000085900000, 0x0000000085a00000|  0%| F|  |TAMS 0x0000000085900000, 0x0000000085900000| Untracked 
|  90|0x0000000085a00000, 0x0000000085a00000, 0x0000000085b00000|  0%| F|  |TAMS 0x0000000085a00000, 0x0000000085a00000| Untracked 
|  91|0x0000000085b00000, 0x0000000085b00000, 0x0000000085c00000|  0%| F|  |TAMS 0x0000000085b00000, 0x0000000085b00000| Untracked 
|  92|0x0000000085c00000, 0x0000000085c00000, 0x0000000085d00000|  0%| F|  |TAMS 0x0000000085c00000, 0x0000000085c00000| Untracked 
|  93|0x0000000085d00000, 0x0000000085d00000, 0x0000000085e00000|  0%| F|  |TAMS 0x0000000085d00000, 0x0000000085d00000| Untracked 
|  94|0x0000000085e00000, 0x0000000085e00000, 0x0000000085f00000|  0%| F|  |TAMS 0x0000000085e00000, 0x0000000085e00000| Untracked 
|  95|0x0000000085f00000, 0x0000000085f00000, 0x0000000086000000|  0%| F|  |TAMS 0x0000000085f00000, 0x0000000085f00000| Untracked 
|  96|0x0000000086000000, 0x0000000086000000, 0x0000000086100000|  0%| F|  |TAMS 0x0000000086000000, 0x0000000086000000| Untracked 
|  97|0x0000000086100000, 0x0000000086100000, 0x0000000086200000|  0%| F|  |TAMS 0x0000000086100000, 0x0000000086100000| Untracked 
|  98|0x0000000086200000, 0x0000000086200000, 0x0000000086300000|  0%| F|  |TAMS 0x0000000086200000, 0x0000000086200000| Untracked 
|  99|0x0000000086300000, 0x0000000086300000, 0x0000000086400000|  0%| F|  |TAMS 0x0000000086300000, 0x0000000086300000| Untracked 
| 100|0x0000000086400000, 0x0000000086400000, 0x0000000086500000|  0%| F|  |TAMS 0x0000000086400000, 0x0000000086400000| Untracked 
| 101|0x0000000086500000, 0x0000000086500000, 0x0000000086600000|  0%| F|  |TAMS 0x0000000086500000, 0x0000000086500000| Untracked 
| 102|0x0000000086600000, 0x0000000086600000, 0x0000000086700000|  0%| F|  |TAMS 0x0000000086600000, 0x0000000086600000| Untracked 
| 103|0x0000000086700000, 0x0000000086700000, 0x0000000086800000|  0%| F|  |TAMS 0x0000000086700000, 0x0000000086700000| Untracked 
| 104|0x0000000086800000, 0x0000000086800000, 0x0000000086900000|  0%| F|  |TAMS 0x0000000086800000, 0x0000000086800000| Untracked 
| 105|0x0000000086900000, 0x0000000086900000, 0x0000000086a00000|  0%| F|  |TAMS 0x0000000086900000, 0x0000000086900000| Untracked 
| 106|0x0000000086a00000, 0x0000000086a00000, 0x0000000086b00000|  0%| F|  |TAMS 0x0000000086a00000, 0x0000000086a00000| Untracked 
| 107|0x0000000086b00000, 0x0000000086b00000, 0x0000000086c00000|  0%| F|  |TAMS 0x0000000086b00000, 0x0000000086b00000| Untracked 
| 108|0x0000000086c00000, 0x0000000086c00000, 0x0000000086d00000|  0%| F|  |TAMS 0x0000000086c00000, 0x0000000086c00000| Untracked 
| 109|0x0000000086d00000, 0x0000000086d00000, 0x0000000086e00000|  0%| F|  |TAMS 0x0000000086d00000, 0x0000000086d00000| Untracked 
| 110|0x0000000086e00000, 0x0000000086e00000, 0x0000000086f00000|  0%| F|  |TAMS 0x0000000086e00000, 0x0000000086e00000| Untracked 
| 111|0x0000000086f00000, 0x0000000086f00000, 0x0000000087000000|  0%| F|  |TAMS 0x0000000086f00000, 0x0000000086f00000| Untracked 
| 112|0x0000000087000000, 0x0000000087000000, 0x0000000087100000|  0%| F|  |TAMS 0x0000000087000000, 0x0000000087000000| Untracked 
| 113|0x0000000087100000, 0x0000000087100000, 0x0000000087200000|  0%| F|  |TAMS 0x0000000087100000, 0x0000000087100000| Untracked 
| 114|0x0000000087200000, 0x0000000087200000, 0x0000000087300000|  0%| F|  |TAMS 0x0000000087200000, 0x0000000087200000| Untracked 
| 115|0x0000000087300000, 0x0000000087300000, 0x0000000087400000|  0%| F|  |TAMS 0x0000000087300000, 0x0000000087300000| Untracked 
| 116|0x0000000087400000, 0x0000000087400000, 0x0000000087500000|  0%| F|  |TAMS 0x0000000087400000, 0x0000000087400000| Untracked 
| 117|0x0000000087500000, 0x0000000087500000, 0x0000000087600000|  0%| F|  |TAMS 0x0000000087500000, 0x0000000087500000| Untracked 
| 118|0x0000000087600000, 0x0000000087600000, 0x0000000087700000|  0%| F|  |TAMS 0x0000000087600000, 0x0000000087600000| Untracked 
| 119|0x0000000087700000, 0x0000000087700000, 0x0000000087800000|  0%| F|  |TAMS 0x0000000087700000, 0x0000000087700000| Untracked 
| 120|0x0000000087800000, 0x0000000087800000, 0x0000000087900000|  0%| F|  |TAMS 0x0000000087800000, 0x0000000087800000| Untracked 
| 121|0x0000000087900000, 0x0000000087900000, 0x0000000087a00000|  0%| F|  |TAMS 0x0000000087900000, 0x0000000087900000| Untracked 
| 122|0x0000000087a00000, 0x0000000087a00000, 0x0000000087b00000|  0%| F|  |TAMS 0x0000000087a00000, 0x0000000087a00000| Untracked 
| 123|0x0000000087b00000, 0x0000000087b00000, 0x0000000087c00000|  0%| F|  |TAMS 0x0000000087b00000, 0x0000000087b00000| Untracked 
| 124|0x0000000087c00000, 0x0000000087c00000, 0x0000000087d00000|  0%| F|  |TAMS 0x0000000087c00000, 0x0000000087c00000| Untracked 
| 125|0x0000000087d00000, 0x0000000087d00000, 0x0000000087e00000|  0%| F|  |TAMS 0x0000000087d00000, 0x0000000087d00000| Untracked 
| 126|0x0000000087e00000, 0x0000000087e00000, 0x0000000087f00000|  0%| F|  |TAMS 0x0000000087e00000, 0x0000000087e00000| Untracked 
| 127|0x0000000087f00000, 0x0000000087f00000, 0x0000000088000000|  0%| F|  |TAMS 0x0000000087f00000, 0x0000000087f00000| Untracked 
| 128|0x0000000088000000, 0x0000000088000000, 0x0000000088100000|  0%| F|  |TAMS 0x0000000088000000, 0x0000000088000000| Untracked 
| 129|0x0000000088100000, 0x0000000088100000, 0x0000000088200000|  0%| F|  |TAMS 0x0000000088100000, 0x0000000088100000| Untracked 
| 130|0x0000000088200000, 0x0000000088200000, 0x0000000088300000|  0%| F|  |TAMS 0x0000000088200000, 0x0000000088200000| Untracked 
| 131|0x0000000088300000, 0x0000000088300000, 0x0000000088400000|  0%| F|  |TAMS 0x0000000088300000, 0x0000000088300000| Untracked 
| 132|0x0000000088400000, 0x0000000088400000, 0x0000000088500000|  0%| F|  |TAMS 0x0000000088400000, 0x0000000088400000| Untracked 
| 133|0x0000000088500000, 0x0000000088500000, 0x0000000088600000|  0%| F|  |TAMS 0x0000000088500000, 0x0000000088500000| Untracked 
| 134|0x0000000088600000, 0x0000000088600000, 0x0000000088700000|  0%| F|  |TAMS 0x0000000088600000, 0x0000000088600000| Untracked 
| 135|0x0000000088700000, 0x0000000088700000, 0x0000000088800000|  0%| F|  |TAMS 0x0000000088700000, 0x0000000088700000| Untracked 
| 136|0x0000000088800000, 0x0000000088800000, 0x0000000088900000|  0%| F|  |TAMS 0x0000000088800000, 0x0000000088800000| Untracked 
| 137|0x0000000088900000, 0x0000000088900000, 0x0000000088a00000|  0%| F|  |TAMS 0x0000000088900000, 0x0000000088900000| Untracked 
| 138|0x0000000088a00000, 0x0000000088a00000, 0x0000000088b00000|  0%| F|  |TAMS 0x0000000088a00000, 0x0000000088a00000| Untracked 
| 139|0x0000000088b00000, 0x0000000088b00000, 0x0000000088c00000|  0%| F|  |TAMS 0x0000000088b00000, 0x0000000088b00000| Untracked 
| 140|0x0000000088c00000, 0x0000000088c00000, 0x0000000088d00000|  0%| F|  |TAMS 0x0000000088c00000, 0x0000000088c00000| Untracked 
| 141|0x0000000088d00000, 0x0000000088d00000, 0x0000000088e00000|  0%| F|  |TAMS 0x0000000088d00000, 0x0000000088d00000| Untracked 
| 142|0x0000000088e00000, 0x0000000088e00000, 0x0000000088f00000|  0%| F|  |TAMS 0x0000000088e00000, 0x0000000088e00000| Untracked 
| 143|0x0000000088f00000, 0x0000000088f00000, 0x0000000089000000|  0%| F|  |TAMS 0x0000000088f00000, 0x0000000088f00000| Untracked 
| 144|0x0000000089000000, 0x0000000089000000, 0x0000000089100000|  0%| F|  |TAMS 0x0000000089000000, 0x0000000089000000| Untracked 
| 145|0x0000000089100000, 0x0000000089100000, 0x0000000089200000|  0%| F|  |TAMS 0x0000000089100000, 0x0000000089100000| Untracked 
| 146|0x0000000089200000, 0x0000000089200000, 0x0000000089300000|  0%| F|  |TAMS 0x0000000089200000, 0x0000000089200000| Untracked 
| 147|0x0000000089300000, 0x0000000089300000, 0x0000000089400000|  0%| F|  |TAMS 0x0000000089300000, 0x0000000089300000| Untracked 
| 148|0x0000000089400000, 0x0000000089400000, 0x0000000089500000|  0%| F|  |TAMS 0x0000000089400000, 0x0000000089400000| Untracked 
| 149|0x0000000089500000, 0x0000000089500000, 0x0000000089600000|  0%| F|  |TAMS 0x0000000089500000, 0x0000000089500000| Untracked 
| 150|0x0000000089600000, 0x0000000089600000, 0x0000000089700000|  0%| F|  |TAMS 0x0000000089600000, 0x0000000089600000| Untracked 
| 151|0x0000000089700000, 0x0000000089700000, 0x0000000089800000|  0%| F|  |TAMS 0x0000000089700000, 0x0000000089700000| Untracked 
| 152|0x0000000089800000, 0x0000000089800000, 0x0000000089900000|  0%| F|  |TAMS 0x0000000089800000, 0x0000000089800000| Untracked 
| 153|0x0000000089900000, 0x0000000089900000, 0x0000000089a00000|  0%| F|  |TAMS 0x0000000089900000, 0x0000000089900000| Untracked 
| 154|0x0000000089a00000, 0x0000000089a00000, 0x0000000089b00000|  0%| F|  |TAMS 0x0000000089a00000, 0x0000000089a00000| Untracked 
| 155|0x0000000089b00000, 0x0000000089b00000, 0x0000000089c00000|  0%| F|  |TAMS 0x0000000089b00000, 0x0000000089b00000| Untracked 
| 156|0x0000000089c00000, 0x0000000089c00000, 0x0000000089d00000|  0%| F|  |TAMS 0x0000000089c00000, 0x0000000089c00000| Untracked 
| 157|0x0000000089d00000, 0x0000000089d00000, 0x0000000089e00000|  0%| F|  |TAMS 0x0000000089d00000, 0x0000000089d00000| Untracked 
| 158|0x0000000089e00000, 0x0000000089e00000, 0x0000000089f00000|  0%| F|  |TAMS 0x0000000089e00000, 0x0000000089e00000| Untracked 
| 159|0x0000000089f00000, 0x0000000089f00000, 0x000000008a000000|  0%| F|  |TAMS 0x0000000089f00000, 0x0000000089f00000| Untracked 
| 160|0x000000008a000000, 0x000000008a000000, 0x000000008a100000|  0%| F|  |TAMS 0x000000008a000000, 0x000000008a000000| Untracked 
| 161|0x000000008a100000, 0x000000008a100000, 0x000000008a200000|  0%| F|  |TAMS 0x000000008a100000, 0x000000008a100000| Untracked 
| 162|0x000000008a200000, 0x000000008a200000, 0x000000008a300000|  0%| F|  |TAMS 0x000000008a200000, 0x000000008a200000| Untracked 
| 163|0x000000008a300000, 0x000000008a300000, 0x000000008a400000|  0%| F|  |TAMS 0x000000008a300000, 0x000000008a300000| Untracked 
| 164|0x000000008a400000, 0x000000008a400000, 0x000000008a500000|  0%| F|  |TAMS 0x000000008a400000, 0x000000008a400000| Untracked 
| 165|0x000000008a500000, 0x000000008a500000, 0x000000008a600000|  0%| F|  |TAMS 0x000000008a500000, 0x000000008a500000| Untracked 
| 166|0x000000008a600000, 0x000000008a600000, 0x000000008a700000|  0%| F|  |TAMS 0x000000008a600000, 0x000000008a600000| Untracked 
| 167|0x000000008a700000, 0x000000008a700000, 0x000000008a800000|  0%| F|  |TAMS 0x000000008a700000, 0x000000008a700000| Untracked 
| 168|0x000000008a800000, 0x000000008a800000, 0x000000008a900000|  0%| F|  |TAMS 0x000000008a800000, 0x000000008a800000| Untracked 
| 169|0x000000008a900000, 0x000000008a900000, 0x000000008aa00000|  0%| F|  |TAMS 0x000000008a900000, 0x000000008a900000| Untracked 
| 170|0x000000008aa00000, 0x000000008aa00000, 0x000000008ab00000|  0%| F|  |TAMS 0x000000008aa00000, 0x000000008aa00000| Untracked 
| 171|0x000000008ab00000, 0x000000008ab00000, 0x000000008ac00000|  0%| F|  |TAMS 0x000000008ab00000, 0x000000008ab00000| Untracked 
| 172|0x000000008ac00000, 0x000000008ac00000, 0x000000008ad00000|  0%| F|  |TAMS 0x000000008ac00000, 0x000000008ac00000| Untracked 
| 173|0x000000008ad00000, 0x000000008ad00000, 0x000000008ae00000|  0%| F|  |TAMS 0x000000008ad00000, 0x000000008ad00000| Untracked 
| 174|0x000000008ae00000, 0x000000008ae00000, 0x000000008af00000|  0%| F|  |TAMS 0x000000008ae00000, 0x000000008ae00000| Untracked 
| 175|0x000000008af00000, 0x000000008af00000, 0x000000008b000000|  0%| F|  |TAMS 0x000000008af00000, 0x000000008af00000| Untracked 
| 176|0x000000008b000000, 0x000000008b000000, 0x000000008b100000|  0%| F|  |TAMS 0x000000008b000000, 0x000000008b000000| Untracked 
| 177|0x000000008b100000, 0x000000008b100000, 0x000000008b200000|  0%| F|  |TAMS 0x000000008b100000, 0x000000008b100000| Untracked 
| 178|0x000000008b200000, 0x000000008b200000, 0x000000008b300000|  0%| F|  |TAMS 0x000000008b200000, 0x000000008b200000| Untracked 
| 179|0x000000008b300000, 0x000000008b300000, 0x000000008b400000|  0%| F|  |TAMS 0x000000008b300000, 0x000000008b300000| Untracked 
| 180|0x000000008b400000, 0x000000008b400000, 0x000000008b500000|  0%| F|  |TAMS 0x000000008b400000, 0x000000008b400000| Untracked 
| 181|0x000000008b500000, 0x000000008b500000, 0x000000008b600000|  0%| F|  |TAMS 0x000000008b500000, 0x000000008b500000| Untracked 
| 182|0x000000008b600000, 0x000000008b600000, 0x000000008b700000|  0%| F|  |TAMS 0x000000008b600000, 0x000000008b600000| Untracked 
| 183|0x000000008b700000, 0x000000008b700000, 0x000000008b800000|  0%| F|  |TAMS 0x000000008b700000, 0x000000008b700000| Untracked 
| 184|0x000000008b800000, 0x000000008b900000, 0x000000008b900000|100%| E|  |TAMS 0x000000008b800000, 0x000000008b800000| Complete 
| 185|0x000000008b900000, 0x000000008ba00000, 0x000000008ba00000|100%| E|CS|TAMS 0x000000008b900000, 0x000000008b900000| Complete 
| 186|0x000000008ba00000, 0x000000008bb00000, 0x000000008bb00000|100%| E|CS|TAMS 0x000000008ba00000, 0x000000008ba00000| Complete 
| 187|0x000000008bb00000, 0x000000008bc00000, 0x000000008bc00000|100%| E|CS|TAMS 0x000000008bb00000, 0x000000008bb00000| Complete 
| 188|0x000000008bc00000, 0x000000008bd00000, 0x000000008bd00000|100%| E|CS|TAMS 0x000000008bc00000, 0x000000008bc00000| Complete 
| 189|0x000000008bd00000, 0x000000008be00000, 0x000000008be00000|100%| E|CS|TAMS 0x000000008bd00000, 0x000000008bd00000| Complete 
| 190|0x000000008be00000, 0x000000008bf00000, 0x000000008bf00000|100%| E|CS|TAMS 0x000000008be00000, 0x000000008be00000| Complete 
| 191|0x000000008bf00000, 0x000000008c000000, 0x000000008c000000|100%| E|CS|TAMS 0x000000008bf00000, 0x000000008bf00000| Complete 
| 192|0x000000008c000000, 0x000000008c100000, 0x000000008c100000|100%| E|CS|TAMS 0x000000008c000000, 0x000000008c000000| Complete 
| 193|0x000000008c100000, 0x000000008c200000, 0x000000008c200000|100%| E|CS|TAMS 0x000000008c100000, 0x000000008c100000| Complete 
| 194|0x000000008c200000, 0x000000008c300000, 0x000000008c300000|100%| E|CS|TAMS 0x000000008c200000, 0x000000008c200000| Complete 
| 195|0x000000008c300000, 0x000000008c400000, 0x000000008c400000|100%| E|CS|TAMS 0x000000008c300000, 0x000000008c300000| Complete 
| 196|0x000000008c400000, 0x000000008c500000, 0x000000008c500000|100%| E|CS|TAMS 0x000000008c400000, 0x000000008c400000| Complete 
| 197|0x000000008c500000, 0x000000008c600000, 0x000000008c600000|100%| E|CS|TAMS 0x000000008c500000, 0x000000008c500000| Complete 
| 198|0x000000008c600000, 0x000000008c700000, 0x000000008c700000|100%| E|CS|TAMS 0x000000008c600000, 0x000000008c600000| Complete 
| 199|0x000000008c700000, 0x000000008c800000, 0x000000008c800000|100%| E|CS|TAMS 0x000000008c700000, 0x000000008c700000| Complete 
| 200|0x000000008c800000, 0x000000008c900000, 0x000000008c900000|100%| E|CS|TAMS 0x000000008c800000, 0x000000008c800000| Complete 
| 201|0x000000008c900000, 0x000000008ca00000, 0x000000008ca00000|100%| E|CS|TAMS 0x000000008c900000, 0x000000008c900000| Complete 
| 202|0x000000008ca00000, 0x000000008cb00000, 0x000000008cb00000|100%| E|CS|TAMS 0x000000008ca00000, 0x000000008ca00000| Complete 
| 203|0x000000008cb00000, 0x000000008cc00000, 0x000000008cc00000|100%| E|CS|TAMS 0x000000008cb00000, 0x000000008cb00000| Complete 
| 204|0x000000008cc00000, 0x000000008cd00000, 0x000000008cd00000|100%| E|CS|TAMS 0x000000008cc00000, 0x000000008cc00000| Complete 
| 205|0x000000008cd00000, 0x000000008ce00000, 0x000000008ce00000|100%| E|CS|TAMS 0x000000008cd00000, 0x000000008cd00000| Complete 
| 206|0x000000008ce00000, 0x000000008cf00000, 0x000000008cf00000|100%| E|CS|TAMS 0x000000008ce00000, 0x000000008ce00000| Complete 
| 207|0x000000008cf00000, 0x000000008d000000, 0x000000008d000000|100%| E|CS|TAMS 0x000000008cf00000, 0x000000008cf00000| Complete 
| 208|0x000000008d000000, 0x000000008d100000, 0x000000008d100000|100%| E|CS|TAMS 0x000000008d000000, 0x000000008d000000| Complete 
| 209|0x000000008d100000, 0x000000008d200000, 0x000000008d200000|100%| E|CS|TAMS 0x000000008d100000, 0x000000008d100000| Complete 
| 210|0x000000008d200000, 0x000000008d300000, 0x000000008d300000|100%| E|CS|TAMS 0x000000008d200000, 0x000000008d200000| Complete 
| 211|0x000000008d300000, 0x000000008d400000, 0x000000008d400000|100%| E|CS|TAMS 0x000000008d300000, 0x000000008d300000| Complete 
| 212|0x000000008d400000, 0x000000008d500000, 0x000000008d500000|100%| E|CS|TAMS 0x000000008d400000, 0x000000008d400000| Complete 
| 213|0x000000008d500000, 0x000000008d600000, 0x000000008d600000|100%| E|CS|TAMS 0x000000008d500000, 0x000000008d500000| Complete 
| 214|0x000000008d600000, 0x000000008d700000, 0x000000008d700000|100%| E|CS|TAMS 0x000000008d600000, 0x000000008d600000| Complete 
| 215|0x000000008d700000, 0x000000008d800000, 0x000000008d800000|100%| E|CS|TAMS 0x000000008d700000, 0x000000008d700000| Complete 
| 216|0x000000008d800000, 0x000000008d900000, 0x000000008d900000|100%| E|CS|TAMS 0x000000008d800000, 0x000000008d800000| Complete 
| 217|0x000000008d900000, 0x000000008da00000, 0x000000008da00000|100%| E|CS|TAMS 0x000000008d900000, 0x000000008d900000| Complete 
| 218|0x000000008da00000, 0x000000008db00000, 0x000000008db00000|100%| E|CS|TAMS 0x000000008da00000, 0x000000008da00000| Complete 
| 219|0x000000008db00000, 0x000000008dc00000, 0x000000008dc00000|100%| E|CS|TAMS 0x000000008db00000, 0x000000008db00000| Complete 
| 220|0x000000008dc00000, 0x000000008dc2ad50, 0x000000008dd00000| 16%| S|CS|TAMS 0x000000008dc00000, 0x000000008dc00000| Complete 
| 221|0x000000008dd00000, 0x000000008de00000, 0x000000008de00000|100%| S|CS|TAMS 0x000000008dd00000, 0x000000008dd00000| Complete 
| 222|0x000000008de00000, 0x000000008df00000, 0x000000008df00000|100%| E|CS|TAMS 0x000000008de00000, 0x000000008de00000| Complete 
| 253|0x000000008fd00000, 0x000000008fe00000, 0x000000008fe00000|100%| E|CS|TAMS 0x000000008fd00000, 0x000000008fd00000| Complete 

Card table byte_map: [0x000002113ca40000,0x000002113ce40000] _byte_map_base: 0x000002113c640000

Marking Bits (Prev, Next): (CMBitMap*) 0x0000021129ea75b0, (CMBitMap*) 0x0000021129ea7570
 Prev Bits: [0x000002113f240000, 0x0000021141240000)
 Next Bits: [0x000002113d240000, 0x000002113f240000)

Polling page: 0x0000021129610000

Metaspace:

Usage:
  Non-class:     78.63 MB used.
      Class:     12.43 MB used.
       Both:     91.06 MB used.

Virtual space:
  Non-class space:       80.00 MB reserved,      79.00 MB ( 99%) committed,  10 nodes.
      Class space:        1.00 GB reserved,      12.75 MB (  1%) committed,  1 nodes.
             Both:        1.08 GB reserved,      91.75 MB (  8%) committed. 

Chunk freelists:
   Non-Class:  720.00 KB
       Class:  3.28 MB
        Both:  3.98 MB

MaxMetaspaceSize: unlimited
CompressedClassSpaceSize: 1.00 GB
Initial GC threshold: 21.00 MB
Current GC threshold: 135.94 MB
CDS: off
MetaspaceReclaimPolicy: balanced
 - commit_granule_bytes: 65536.
 - commit_granule_words: 8192.
 - virtual_space_node_default_size: 1048576.
 - enlarge_chunks_in_place: 1.
 - new_chunks_are_fully_committed: 0.
 - uncommit_free_chunks: 1.
 - use_allocation_guard: 0.
 - handle_deallocations: 1.


Internal statistics:

num_allocs_failed_limit: 9.
num_arena_births: 860.
num_arena_deaths: 0.
num_vsnodes_births: 11.
num_vsnodes_deaths: 0.
num_space_committed: 1468.
num_space_uncommitted: 0.
num_chunks_returned_to_freelist: 9.
num_chunks_taken_from_freelist: 4283.
num_chunk_merges: 3.
num_chunk_splits: 2804.
num_chunks_enlarged: 1869.
num_purges: 0.
num_inconsistent_stats: 0.

CodeHeap 'non-profiled nmethods': size=120000Kb used=5467Kb max_used=5651Kb free=114532Kb
 bounds [0x0000021134de0000, 0x0000021135370000, 0x000002113c310000]
CodeHeap 'profiled nmethods': size=120000Kb used=17672Kb max_used=17800Kb free=102327Kb
 bounds [0x000002112d310000, 0x000002112e490000, 0x0000021134840000]
CodeHeap 'non-nmethods': size=5760Kb used=2377Kb max_used=2487Kb free=3382Kb
 bounds [0x0000021134840000, 0x0000021134ac0000, 0x0000021134de0000]
 total_blobs=10167 nmethods=9254 adapters=825
 compilation: enabled
              stopped_count=0, restarted_count=0
 full_count=0

Compilation events (20 events):
Event: 12.229 Thread 0x0000021143ccd500 nmethod 10736 0x000002112dc90410 code [0x000002112dc905e0, 0x000002112dc90a28]
Event: 12.231 Thread 0x0000021143ccca60 nmethod 10698 0x0000021134ef3390 code [0x0000021134ef3540, 0x0000021134ef3868]
Event: 12.232 Thread 0x0000021143ccca60 10699       4       java.util.HashMap::removeNode (291 bytes)
Event: 12.235 Thread 0x0000021143ccd500 10737       3       com.sun.tools.javac.util.ArrayUtils::ensureCapacity (30 bytes)
Event: 12.235 Thread 0x0000021143ccd500 nmethod 10737 0x000002112dc8fd10 code [0x000002112dc8fee0, 0x000002112dc90268]
Event: 12.239 Thread 0x0000021143ccd500 10738       3       java.util.RegularEnumSet::clear (6 bytes)
Event: 12.239 Thread 0x0000021143ccd500 nmethod 10738 0x000002112da07390 code [0x000002112da07520, 0x000002112da07638]
Event: 12.239 Thread 0x0000021143ccd500 10739       3       com.sun.tools.javac.util.List::size (5 bytes)
Event: 12.239 Thread 0x0000021143ccd500 nmethod 10739 0x000002112d415210 code [0x000002112d4153c0, 0x000002112d415658]
Event: 12.239 Thread 0x0000021143ccd500 10740       3       com.sun.tools.javac.code.Types$6::visitType (10 bytes)
Event: 12.241 Thread 0x0000021143ccd500 nmethod 10740 0x000002112dc8ef90 code [0x000002112dc8f1c0, 0x000002112dc8fa48]
Event: 12.241 Thread 0x0000021143ccd500 10741       3       com.sun.tools.javac.code.Types$6::visitType (33 bytes)
Event: 12.241 Thread 0x0000021143ccd500 nmethod 10741 0x000002112dc8e410 code [0x000002112dc8e620, 0x000002112dc8ed28]
Event: 12.242 Thread 0x0000021143ccd500 10745       3       com.sun.tools.javac.code.Types$Subst::<init> (68 bytes)
Event: 12.242 Thread 0x0000021143ccd500 nmethod 10745 0x000002112d6c4510 code [0x000002112d6c4720, 0x000002112d6c4fb8]
Event: 12.242 Thread 0x0000021143ccd500 10743   !   3       java.util.Collections$SynchronizedCollection::remove (25 bytes)
Event: 12.242 Thread 0x0000021143ccd500 nmethod 10743 0x000002112d6c3f90 code [0x000002112d6c4140, 0x000002112d6c43e8]
Event: 12.242 Thread 0x0000021143ccd500 10744       3       com.sun.tools.javac.code.Types$MapVisitor::visitType (2 bytes)
Event: 12.242 Thread 0x0000021143ccd500 nmethod 10744 0x000002112d6c3c10 code [0x000002112d6c3da0, 0x000002112d6c3eb8]
Event: 12.243 Thread 0x0000021143ccd500 10746       3       com.sun.tools.javac.code.Scope$ScopeImpl::getSymbols (9 bytes)

GC Heap History (20 events):
Event: 7.477 GC heap before
{Heap before GC invocations=25 (full 0):
 garbage-first heap   total 101376K, used 76605K [0x0000000080000000, 0x0000000100000000)
  region size 1024K, 28 young (28672K), 4 survivors (4096K)
 Metaspace       used 65655K, committed 66176K, reserved 1114112K
  class space    used 8664K, committed 8896K, reserved 1048576K
}
Event: 7.481 GC heap after
{Heap after GC invocations=26 (full 0):
 garbage-first heap   total 101376K, used 52352K [0x0000000080000000, 0x0000000100000000)
  region size 1024K, 2 young (2048K), 2 survivors (2048K)
 Metaspace       used 65655K, committed 66176K, reserved 1114112K
  class space    used 8664K, committed 8896K, reserved 1048576K
}
Event: 7.495 GC heap before
{Heap before GC invocations=26 (full 0):
 garbage-first heap   total 101376K, used 54400K [0x0000000080000000, 0x0000000100000000)
  region size 1024K, 4 young (4096K), 2 survivors (2048K)
 Metaspace       used 65665K, committed 66176K, reserved 1114112K
  class space    used 8664K, committed 8896K, reserved 1048576K
}
Event: 7.499 GC heap after
{Heap after GC invocations=27 (full 0):
 garbage-first heap   total 122880K, used 52457K [0x0000000080000000, 0x0000000100000000)
  region size 1024K, 1 young (1024K), 1 survivors (1024K)
 Metaspace       used 65665K, committed 66176K, reserved 1114112K
  class space    used 8664K, committed 8896K, reserved 1048576K
}
Event: 7.904 GC heap before
{Heap before GC invocations=27 (full 0):
 garbage-first heap   total 122880K, used 91369K [0x0000000080000000, 0x0000000100000000)
  region size 1024K, 39 young (39936K), 1 survivors (1024K)
 Metaspace       used 68542K, committed 69184K, reserved 1114112K
  class space    used 9127K, committed 9408K, reserved 1048576K
}
Event: 7.907 GC heap after
{Heap after GC invocations=28 (full 0):
 garbage-first heap   total 122880K, used 54933K [0x0000000080000000, 0x0000000100000000)
  region size 1024K, 3 young (3072K), 3 survivors (3072K)
 Metaspace       used 68542K, committed 69184K, reserved 1114112K
  class space    used 9127K, committed 9408K, reserved 1048576K
}
Event: 8.450 GC heap before
{Heap before GC invocations=28 (full 0):
 garbage-first heap   total 122880K, used 93845K [0x0000000080000000, 0x0000000100000000)
  region size 1024K, 41 young (41984K), 3 survivors (3072K)
 Metaspace       used 73137K, committed 73728K, reserved 1114112K
  class space    used 9924K, committed 10176K, reserved 1048576K
}
Event: 8.456 GC heap after
{Heap after GC invocations=29 (full 0):
 garbage-first heap   total 122880K, used 57674K [0x0000000080000000, 0x0000000100000000)
  region size 1024K, 6 young (6144K), 6 survivors (6144K)
 Metaspace       used 73137K, committed 73728K, reserved 1114112K
  class space    used 9924K, committed 10176K, reserved 1048576K
}
Event: 9.052 GC heap before
{Heap before GC invocations=29 (full 0):
 garbage-first heap   total 122880K, used 95562K [0x0000000080000000, 0x0000000100000000)
  region size 1024K, 43 young (44032K), 6 survivors (6144K)
 Metaspace       used 78179K, committed 78784K, reserved 1122304K
  class space    used 10659K, committed 10944K, reserved 1048576K
}
Event: 9.058 GC heap after
{Heap after GC invocations=30 (full 0):
 garbage-first heap   total 122880K, used 60098K [0x0000000080000000, 0x0000000100000000)
  region size 1024K, 6 young (6144K), 6 survivors (6144K)
 Metaspace       used 78179K, committed 78784K, reserved 1122304K
  class space    used 10659K, committed 10944K, reserved 1048576K
}
Event: 9.480 GC heap before
{Heap before GC invocations=30 (full 0):
 garbage-first heap   total 122880K, used 96962K [0x0000000080000000, 0x0000000100000000)
  region size 1024K, 42 young (43008K), 6 survivors (6144K)
 Metaspace       used 80345K, committed 80960K, reserved 1122304K
  class space    used 10944K, committed 11200K, reserved 1048576K
}
Event: 9.489 GC heap after
{Heap after GC invocations=31 (full 0):
 garbage-first heap   total 122880K, used 63763K [0x0000000080000000, 0x0000000100000000)
  region size 1024K, 6 young (6144K), 6 survivors (6144K)
 Metaspace       used 80345K, committed 80960K, reserved 1122304K
  class space    used 10944K, committed 11200K, reserved 1048576K
}
Event: 9.740 GC heap before
{Heap before GC invocations=31 (full 0):
 garbage-first heap   total 122880K, used 98579K [0x0000000080000000, 0x0000000100000000)
  region size 1024K, 40 young (40960K), 6 survivors (6144K)
 Metaspace       used 80511K, committed 81088K, reserved 1122304K
  class space    used 10959K, committed 11264K, reserved 1048576K
}
Event: 9.749 GC heap after
{Heap after GC invocations=32 (full 0):
 garbage-first heap   total 122880K, used 69875K [0x0000000080000000, 0x0000000100000000)
  region size 1024K, 5 young (5120K), 5 survivors (5120K)
 Metaspace       used 80511K, committed 81088K, reserved 1122304K
  class space    used 10959K, committed 11264K, reserved 1048576K
}
Event: 10.244 GC heap before
{Heap before GC invocations=32 (full 0):
 garbage-first heap   total 122880K, used 98547K [0x0000000080000000, 0x0000000100000000)
  region size 1024K, 33 young (33792K), 5 survivors (5120K)
 Metaspace       used 82857K, committed 83456K, reserved 1122304K
  class space    used 11474K, committed 11712K, reserved 1048576K
}
Event: 10.254 GC heap after
{Heap after GC invocations=33 (full 0):
 garbage-first heap   total 229376K, used 73921K [0x0000000080000000, 0x0000000100000000)
  region size 1024K, 4 young (4096K), 4 survivors (4096K)
 Metaspace       used 82857K, committed 83456K, reserved 1122304K
  class space    used 11474K, committed 11712K, reserved 1048576K
}
Event: 11.571 GC heap before
{Heap before GC invocations=34 (full 0):
 garbage-first heap   total 229376K, used 172225K [0x0000000080000000, 0x0000000100000000)
  region size 1024K, 101 young (103424K), 4 survivors (4096K)
 Metaspace       used 90008K, committed 90624K, reserved 1130496K
  class space    used 12316K, committed 12608K, reserved 1048576K
}
Event: 11.579 GC heap after
{Heap after GC invocations=35 (full 0):
 garbage-first heap   total 229376K, used 79123K [0x0000000080000000, 0x0000000100000000)
  region size 1024K, 9 young (9216K), 9 survivors (9216K)
 Metaspace       used 90008K, committed 90624K, reserved 1130496K
  class space    used 12316K, committed 12608K, reserved 1048576K
}
Event: 11.603 GC heap before
{Heap before GC invocations=35 (full 0):
 garbage-first heap   total 229376K, used 80147K [0x0000000080000000, 0x0000000100000000)
  region size 1024K, 11 young (11264K), 9 survivors (9216K)
 Metaspace       used 90492K, committed 91136K, reserved 1130496K
  class space    used 12397K, committed 12672K, reserved 1048576K
}
Event: 11.608 GC heap after
{Heap after GC invocations=36 (full 0):
 garbage-first heap   total 229376K, used 79766K [0x0000000080000000, 0x0000000100000000)
  region size 1024K, 2 young (2048K), 2 survivors (2048K)
 Metaspace       used 90492K, committed 91136K, reserved 1130496K
  class space    used 12397K, committed 12672K, reserved 1048576K
}

Dll operation events (2 events):
Event: 0.006 Loaded shared library C:\Program Files\Android\Android Studio\jbr\bin\java.dll
Event: 0.382 Loaded shared library C:\Program Files\Android\Android Studio\jbr\bin\verify.dll

Deoptimization events (20 events):
Event: 11.885 Thread 0x0000021144ef7210 Uncommon trap: trap_request=0xffffffc6 fr.pc=0x0000021134f8a280 relative=0x0000000000000480
Event: 11.885 Thread 0x0000021144ef7210 Uncommon trap: reason=bimorphic_or_optimized_type_check action=maybe_recompile pc=0x0000021134f8a280 method=java.util.Spliterators$IteratorSpliterator.tryAdvance(Ljava/util/function/Consumer;)Z @ 50 c2
Event: 11.885 Thread 0x0000021144ef7210 DEOPT PACKING pc=0x0000021134f8a280 sp=0x000000c5be0f81f0
Event: 11.885 Thread 0x0000021144ef7210 DEOPT UNPACKING pc=0x00000211348969a3 sp=0x000000c5be0f8190 mode 2
Event: 11.889 Thread 0x0000021144ef7210 Uncommon trap: trap_request=0xffffffc6 fr.pc=0x0000021134f8a280 relative=0x0000000000000480
Event: 11.889 Thread 0x0000021144ef7210 Uncommon trap: reason=bimorphic_or_optimized_type_check action=maybe_recompile pc=0x0000021134f8a280 method=java.util.Spliterators$IteratorSpliterator.tryAdvance(Ljava/util/function/Consumer;)Z @ 50 c2
Event: 11.889 Thread 0x0000021144ef7210 DEOPT PACKING pc=0x0000021134f8a280 sp=0x000000c5be0f81f0
Event: 11.889 Thread 0x0000021144ef7210 DEOPT UNPACKING pc=0x00000211348969a3 sp=0x000000c5be0f8190 mode 2
Event: 11.889 Thread 0x0000021144ef7210 Uncommon trap: trap_request=0xffffffc6 fr.pc=0x0000021134f8a280 relative=0x0000000000000480
Event: 11.889 Thread 0x0000021144ef7210 Uncommon trap: reason=bimorphic_or_optimized_type_check action=maybe_recompile pc=0x0000021134f8a280 method=java.util.Spliterators$IteratorSpliterator.tryAdvance(Ljava/util/function/Consumer;)Z @ 50 c2
Event: 11.889 Thread 0x0000021144ef7210 DEOPT PACKING pc=0x0000021134f8a280 sp=0x000000c5be0f81f0
Event: 11.889 Thread 0x0000021144ef7210 DEOPT UNPACKING pc=0x00000211348969a3 sp=0x000000c5be0f8190 mode 2
Event: 11.890 Thread 0x0000021144ef7210 Uncommon trap: trap_request=0xffffff45 fr.pc=0x0000021134ed6da0 relative=0x00000000000004e0
Event: 11.890 Thread 0x0000021144ef7210 Uncommon trap: reason=unstable_if action=reinterpret pc=0x0000021134ed6da0 method=java.lang.StringLatin1.regionMatchesCI([BI[BII)Z @ 72 c2
Event: 11.890 Thread 0x0000021144ef7210 DEOPT PACKING pc=0x0000021134ed6da0 sp=0x000000c5be0f8110
Event: 11.890 Thread 0x0000021144ef7210 DEOPT UNPACKING pc=0x00000211348969a3 sp=0x000000c5be0f8078 mode 2
Event: 11.950 Thread 0x0000021144ef7210 Uncommon trap: trap_request=0xffffff45 fr.pc=0x00000211351bab74 relative=0x0000000000001814
Event: 11.950 Thread 0x0000021144ef7210 Uncommon trap: reason=unstable_if action=reinterpret pc=0x00000211351bab74 method=java.time.LocalDate.create(III)Ljava/time/LocalDate; @ 3 c2
Event: 11.950 Thread 0x0000021144ef7210 DEOPT PACKING pc=0x00000211351bab74 sp=0x000000c5be0f6dc0
Event: 11.950 Thread 0x0000021144ef7210 DEOPT UNPACKING pc=0x00000211348969a3 sp=0x000000c5be0f6b80 mode 2

Classes unloaded (0 events):
No events

Classes redefined (0 events):
No events

Internal exceptions (20 events):
Event: 10.185 Thread 0x0000021148b224d0 Exception <a 'java/lang/NoSuchMethodError'{0x0000000085fbdbb0}: 'java.lang.Object java.lang.invoke.DirectMethodHandle$Holder.invokeSpecialIFC(java.lang.Object, java.lang.Object, java.lang.Object)'> (0x0000000085fbdbb0) 
thrown [s\src\hotspot\share\interpreter\linkResolver.cpp, line 771]
Event: 10.185 Thread 0x0000021144ef76e0 Exception <a 'java/lang/NoSuchMethodError'{0x0000000085fced30}: 'java.lang.Object java.lang.invoke.DirectMethodHandle$Holder.invokeSpecialIFC(java.lang.Object, java.lang.Object, java.lang.Object)'> (0x0000000085fced30) 
thrown [s\src\hotspot\share\interpreter\linkResolver.cpp, line 771]
Event: 10.185 Thread 0x0000021148b1e170 Exception <a 'java/lang/NoSuchMethodError'{0x0000000085faa2c0}: 'java.lang.Object java.lang.invoke.DirectMethodHandle$Holder.invokeSpecialIFC(java.lang.Object, java.lang.Object, java.lang.Object)'> (0x0000000085faa2c0) 
thrown [s\src\hotspot\share\interpreter\linkResolver.cpp, line 771]
Event: 10.185 Thread 0x0000021148b1c490 Exception <a 'java/lang/NoSuchMethodError'{0x0000000085fa1d30}: 'java.lang.Object java.lang.invoke.DirectMethodHandle$Holder.invokeSpecialIFC(java.lang.Object, java.lang.Object, java.lang.Object)'> (0x0000000085fa1d30) 
thrown [s\src\hotspot\share\interpreter\linkResolver.cpp, line 771]
Event: 10.185 Thread 0x000002114a2bc300 Exception <a 'java/lang/NoSuchMethodError'{0x0000000085fb3ed8}: 'java.lang.Object java.lang.invoke.DirectMethodHandle$Holder.invokeSpecialIFC(java.lang.Object, java.lang.Object, java.lang.Object)'> (0x0000000085fb3ed8) 
thrown [s\src\hotspot\share\interpreter\linkResolver.cpp, line 771]
Event: 10.185 Thread 0x0000021148b1d7d0 Exception <a 'java/lang/NoSuchMethodError'{0x0000000085fc7f68}: 'java.lang.Object java.lang.invoke.DirectMethodHandle$Holder.invokeSpecialIFC(java.lang.Object, java.lang.Object, java.lang.Object)'> (0x0000000085fc7f68) 
thrown [s\src\hotspot\share\interpreter\linkResolver.cpp, line 771]
Event: 10.664 Thread 0x0000021144ef76e0 Exception <a 'java/lang/NoSuchMethodError'{0x000000008bcead20}: 'void java.lang.invoke.DirectMethodHandle$Holder.invokeInterface(java.lang.Object, java.lang.Object, java.lang.Object, java.lang.Object)'> (0x000000008bcead20) 
thrown [s\src\hotspot\share\interpreter\linkResolver.cpp, line 771]
Event: 10.821 Thread 0x0000021144ef7210 Exception <a 'java/lang/NoSuchMethodError'{0x000000008af27ec0}: static Lcom/android/build/gradle/internal/scope/InternalArtifactType;.<clinit>()V> (0x000000008af27ec0) 
thrown [s\src\hotspot\share\prims\jni.cpp, line 1108]
Event: 10.821 Thread 0x0000021144ef7210 Exception <a 'java/lang/NoSuchMethodError'{0x000000008af298c0}: static Lcom/android/build/gradle/internal/scope/InternalArtifactType;.<clinit>()V> (0x000000008af298c0) 
thrown [s\src\hotspot\share\prims\jni.cpp, line 1108]
Event: 10.821 Thread 0x0000021144ef7210 Exception <a 'java/lang/NoSuchMethodError'{0x000000008af2cd08}: static Lcom/android/build/api/artifact/Artifact$Single;.<clinit>()V> (0x000000008af2cd08) 
thrown [s\src\hotspot\share\prims\jni.cpp, line 1108]
Event: 10.821 Thread 0x0000021144ef7210 Exception <a 'java/lang/NoSuchMethodError'{0x000000008af2f540}: static Ljava/lang/Object;.<clinit>()V> (0x000000008af2f540) 
thrown [s\src\hotspot\share\prims\jni.cpp, line 1108]
Event: 10.823 Thread 0x0000021144ef7210 Exception <a 'java/lang/NoSuchMethodError'{0x000000008af49fd8}: static Lcom/android/build/api/artifact/ArtifactKind;.<clinit>()V> (0x000000008af49fd8) 
thrown [s\src\hotspot\share\prims\jni.cpp, line 1108]
Event: 10.823 Thread 0x0000021144ef7210 Exception <a 'java/lang/NoSuchMethodError'{0x000000008af4b440}: static Lcom/android/build/api/artifact/ArtifactKind;.<clinit>()V> (0x000000008af4b440) 
thrown [s\src\hotspot\share\prims\jni.cpp, line 1108]
Event: 11.376 Thread 0x0000021144ef7210 Exception <a 'java/lang/NoSuchMethodError'{0x0000000088d4f2c0}: 'void java.lang.invoke.DirectMethodHandle$Holder.invokeVirtual(java.lang.Object, java.lang.Object, java.lang.Object, java.lang.Object)'> (0x0000000088d4f2c0) 
thrown [s\src\hotspot\share\interpreter\linkResolver.cpp, line 771]
Event: 11.679 Thread 0x0000021144ef7210 Exception <a 'sun/nio/fs/WindowsException'{0x000000008dacc250}> (0x000000008dacc250) 
thrown [s\src\hotspot\share\prims\jni.cpp, line 517]
Event: 11.679 Thread 0x0000021144ef7210 Exception <a 'sun/nio/fs/WindowsException'{0x000000008dacc4e0}> (0x000000008dacc4e0) 
thrown [s\src\hotspot\share\prims\jni.cpp, line 517]
Event: 11.908 Thread 0x0000021144ef7210 Exception <a 'java/lang/NoSuchMethodError'{0x000000008cdc7048}: 'java.lang.Object java.lang.invoke.DirectMethodHandle$Holder.invokeStatic(java.lang.Object, java.lang.Object, int, int)'> (0x000000008cdc7048) 
thrown [s\src\hotspot\share\interpreter\linkResolver.cpp, line 771]
Event: 11.910 Thread 0x0000021144ef7210 Exception <a 'java/lang/NoSuchMethodError'{0x000000008cdd28b0}: 'java.lang.Object java.lang.invoke.DirectMethodHandle$Holder.invokeVirtual(java.lang.Object, java.lang.Object, int)'> (0x000000008cdd28b0) 
thrown [s\src\hotspot\share\interpreter\linkResolver.cpp, line 771]
Event: 11.912 Thread 0x0000021144ef7210 Exception <a 'java/lang/NoSuchMethodError'{0x000000008cde2618}: 'java.lang.Object java.lang.invoke.DirectMethodHandle$Holder.invokeVirtual(java.lang.Object, java.lang.Object, java.lang.Object, int, int)'> (0x000000008cde2618) 
thrown [s\src\hotspot\share\interpreter\linkResolver.cpp, line 771]
Event: 12.127 Thread 0x0000021144ef7210 Exception <a 'java/lang/NoSuchMethodError'{0x000000008c0eaab0}: 'int java.lang.invoke.DirectMethodHandle$Holder.invokeVirtual(java.lang.Object, java.lang.Object, java.lang.Object, java.lang.Object)'> (0x000000008c0eaab0) 
thrown [s\src\hotspot\share\interpreter\linkResolver.cpp, line 771]

VM Operations (20 events):
Event: 11.327 Executing VM operation: HandshakeAllThreads
Event: 11.327 Executing VM operation: HandshakeAllThreads done
Event: 11.430 Executing VM operation: HandshakeAllThreads
Event: 11.440 Executing VM operation: HandshakeAllThreads done
Event: 11.571 Executing VM operation: G1CollectForAllocation
Event: 11.579 Executing VM operation: G1CollectForAllocation done
Event: 11.602 Executing VM operation: G1CollectForAllocation
Event: 11.608 Executing VM operation: G1CollectForAllocation done
Event: 11.673 Executing VM operation: HandshakeAllThreads
Event: 11.673 Executing VM operation: HandshakeAllThreads done
Event: 11.716 Executing VM operation: HandshakeAllThreads
Event: 11.716 Executing VM operation: HandshakeAllThreads done
Event: 11.717 Executing VM operation: HandshakeAllThreads
Event: 11.717 Executing VM operation: HandshakeAllThreads done
Event: 12.082 Executing VM operation: ICBufferFull
Event: 12.082 Executing VM operation: ICBufferFull done
Event: 12.114 Executing VM operation: HandshakeAllThreads
Event: 12.114 Executing VM operation: HandshakeAllThreads done
Event: 12.193 Executing VM operation: ICBufferFull
Event: 12.194 Executing VM operation: ICBufferFull done

Events (20 events):
Event: 11.454 Thread 0x0000021143ccdef0 flushing nmethod 0x000002112e24fe90
Event: 11.454 Thread 0x0000021143ccdef0 flushing nmethod 0x000002112e257c10
Event: 11.454 Thread 0x0000021143ccdef0 flushing nmethod 0x000002112e276d10
Event: 11.454 Thread 0x0000021143ccdef0 flushing nmethod 0x000002112e2a1b10
Event: 11.454 Thread 0x0000021143ccdef0 flushing nmethod 0x000002112e2a7810
Event: 11.454 Thread 0x0000021143ccdef0 flushing nmethod 0x000002112e2d4690
Event: 11.454 Thread 0x0000021143ccdef0 flushing nmethod 0x000002112e310190
Event: 11.454 Thread 0x0000021143ccdef0 flushing nmethod 0x000002112e360510
Event: 11.454 Thread 0x0000021143ccdef0 flushing nmethod 0x000002112e368890
Event: 11.454 Thread 0x0000021143ccdef0 flushing nmethod 0x000002112e37ef90
Event: 11.454 Thread 0x0000021143ccdef0 flushing nmethod 0x000002112e37f890
Event: 11.454 Thread 0x0000021143ccdef0 flushing nmethod 0x000002112e3ac510
Event: 11.703 loading class java/util/concurrent/LinkedBlockingDeque$Itr
Event: 11.703 loading class java/util/concurrent/LinkedBlockingDeque$AbstractItr
Event: 11.703 loading class java/util/concurrent/LinkedBlockingDeque$AbstractItr done
Event: 11.703 loading class java/util/concurrent/LinkedBlockingDeque$Itr done
Event: 12.197 loading class java/text/BreakIterator
Event: 12.197 loading class java/text/BreakIterator done
Event: 12.234 loading class java/util/function/ToIntBiFunction
Event: 12.234 loading class java/util/function/ToIntBiFunction done


Dynamic libraries:
0x00007ff7f5740000 - 0x00007ff7f574a000 	C:\Program Files\Android\Android Studio\jbr\bin\java.exe
0x00007ffb73830000 - 0x00007ffb73a44000 	C:\WINDOWS\SYSTEM32\ntdll.dll
0x00007ffb72010000 - 0x00007ffb720d2000 	C:\WINDOWS\System32\KERNEL32.DLL
0x00007ffb71270000 - 0x00007ffb7160c000 	C:\WINDOWS\System32\KERNELBASE.dll
0x00007ffb70c70000 - 0x00007ffb70d81000 	C:\WINDOWS\System32\ucrtbase.dll
0x00007ffb61390000 - 0x00007ffb613ab000 	C:\Program Files\Android\Android Studio\jbr\bin\VCRUNTIME140.dll
0x00007ffb60750000 - 0x00007ffb60767000 	C:\Program Files\Android\Android Studio\jbr\bin\jli.dll
0x00007ffb72dd0000 - 0x00007ffb72f7b000 	C:\WINDOWS\System32\USER32.dll
0x00007ffb542b0000 - 0x00007ffb5453e000 	C:\WINDOWS\WinSxS\amd64_microsoft.windows.common-controls_6595b64144ccf1df_6.0.22621.608_none_a9444ca7c10bb01d\COMCTL32.dll
0x00007ffb71610000 - 0x00007ffb71636000 	C:\WINDOWS\System32\win32u.dll
0x00007ffb71b10000 - 0x00007ffb71bb7000 	C:\WINDOWS\System32\msvcrt.dll
0x00007ffb71cd0000 - 0x00007ffb71cf9000 	C:\WINDOWS\System32\GDI32.dll
0x00007ffb70fe0000 - 0x00007ffb710f3000 	C:\WINDOWS\System32\gdi32full.dll
0x00007ffb70e80000 - 0x00007ffb70f1a000 	C:\WINDOWS\System32\msvcp_win.dll
0x00007ffb71940000 - 0x00007ffb71971000 	C:\WINDOWS\System32\IMM32.DLL
0x00007ffb6b2c0000 - 0x00007ffb6b2cc000 	C:\Program Files\Android\Android Studio\jbr\bin\vcruntime140_1.dll
0x00007ffb2f3c0000 - 0x00007ffb2f44d000 	C:\Program Files\Android\Android Studio\jbr\bin\msvcp140.dll
0x00007ffaf5d90000 - 0x00007ffaf69fd000 	C:\Program Files\Android\Android Studio\jbr\bin\server\jvm.dll
0x00007ffb716d0000 - 0x00007ffb7177e000 	C:\WINDOWS\System32\ADVAPI32.dll
0x00007ffb71c20000 - 0x00007ffb71cc4000 	C:\WINDOWS\System32\sechost.dll
0x00007ffb73290000 - 0x00007ffb733a7000 	C:\WINDOWS\System32\RPCRT4.dll
0x00007ffb61aa0000 - 0x00007ffb61aa9000 	C:\WINDOWS\SYSTEM32\WSOCK32.dll
0x00007ffb69d20000 - 0x00007ffb69d54000 	C:\WINDOWS\SYSTEM32\WINMM.dll
0x00007ffb6a4f0000 - 0x00007ffb6a4fa000 	C:\WINDOWS\SYSTEM32\VERSION.dll
0x00007ffb73760000 - 0x00007ffb737d1000 	C:\WINDOWS\System32\WS2_32.dll
0x00007ffb6fc80000 - 0x00007ffb6fc98000 	C:\WINDOWS\SYSTEM32\kernel.appcore.dll
0x00007ffb6bfd0000 - 0x00007ffb6bfda000 	C:\Program Files\Android\Android Studio\jbr\bin\jimage.dll
0x00007ffb6e740000 - 0x00007ffb6e96e000 	C:\WINDOWS\SYSTEM32\DBGHELP.DLL
0x00007ffb733d0000 - 0x00007ffb73759000 	C:\WINDOWS\System32\combase.dll
0x00007ffb72f80000 - 0x00007ffb73057000 	C:\WINDOWS\System32\OLEAUT32.dll
0x00007ffb52b50000 - 0x00007ffb52b82000 	C:\WINDOWS\SYSTEM32\dbgcore.DLL
0x00007ffb70d90000 - 0x00007ffb70e0b000 	C:\WINDOWS\System32\bcryptPrimitives.dll
0x00007ffb60150000 - 0x00007ffb60175000 	C:\Program Files\Android\Android Studio\jbr\bin\java.dll
0x00007ffb60190000 - 0x00007ffb601a8000 	C:\Program Files\Android\Android Studio\jbr\bin\zip.dll
0x00007ffb72570000 - 0x00007ffb72d60000 	C:\WINDOWS\System32\SHELL32.dll
0x00007ffb6ec30000 - 0x00007ffb6f4fd000 	C:\WINDOWS\SYSTEM32\windows.storage.dll
0x00007ffb6eaf0000 - 0x00007ffb6ec2e000 	C:\WINDOWS\SYSTEM32\wintypes.dll
0x00007ffb71d50000 - 0x00007ffb71e41000 	C:\WINDOWS\System32\SHCORE.dll
0x00007ffb71ab0000 - 0x00007ffb71b0e000 	C:\WINDOWS\System32\shlwapi.dll
0x00007ffb70ba0000 - 0x00007ffb70bc1000 	C:\WINDOWS\SYSTEM32\profapi.dll
0x00007ffb60130000 - 0x00007ffb60149000 	C:\Program Files\Android\Android Studio\jbr\bin\net.dll
0x00007ffb699e0000 - 0x00007ffb69b17000 	C:\WINDOWS\SYSTEM32\WINHTTP.dll
0x00007ffb70150000 - 0x00007ffb701b9000 	C:\WINDOWS\system32\mswsock.dll
0x00007ffb5de80000 - 0x00007ffb5de96000 	C:\Program Files\Android\Android Studio\jbr\bin\nio.dll
0x00007ffb61140000 - 0x00007ffb61150000 	C:\Program Files\Android\Android Studio\jbr\bin\verify.dll
0x00007ffafa7e0000 - 0x00007ffafa807000 	C:\Users\kaan4\.gradle\native\e1d6ef7f7dcc3fd88c89a11ec53ec762bb8ba0a96d01ffa2cd45eb1d1d8dd5c5\windows-amd64\native-platform.dll
0x00007ffb2f270000 - 0x00007ffb2f3b4000 	C:\Users\kaan4\.gradle\native\0d407fdbe67a94daf76414ababcb853783967236a71b16ec16e742cd7a986fd3\windows-amd64\native-platform-file-events.dll
0x00007ffb6bee0000 - 0x00007ffb6bee9000 	C:\Program Files\Android\Android Studio\jbr\bin\management.dll
0x00007ffb61380000 - 0x00007ffb6138b000 	C:\Program Files\Android\Android Studio\jbr\bin\management_ext.dll
0x00007ffb71aa0000 - 0x00007ffb71aa8000 	C:\WINDOWS\System32\PSAPI.DLL
0x00007ffb70390000 - 0x00007ffb703ab000 	C:\WINDOWS\SYSTEM32\CRYPTSP.dll
0x00007ffb6fbf0000 - 0x00007ffb6fc25000 	C:\WINDOWS\system32\rsaenh.dll
0x00007ffb70200000 - 0x00007ffb70228000 	C:\WINDOWS\SYSTEM32\USERENV.dll
0x00007ffb70640000 - 0x00007ffb70668000 	C:\WINDOWS\SYSTEM32\bcrypt.dll
0x00007ffb703b0000 - 0x00007ffb703bc000 	C:\WINDOWS\SYSTEM32\CRYPTBASE.dll
0x00007ffb6f750000 - 0x00007ffb6f77d000 	C:\WINDOWS\SYSTEM32\IPHLPAPI.DLL
0x00007ffb72d60000 - 0x00007ffb72d69000 	C:\WINDOWS\System32\NSI.dll
0x00007ffb6a0c0000 - 0x00007ffb6a0d9000 	C:\WINDOWS\SYSTEM32\dhcpcsvc6.DLL
0x00007ffb69240000 - 0x00007ffb6925f000 	C:\WINDOWS\SYSTEM32\dhcpcsvc.DLL
0x00007ffb6f7c0000 - 0x00007ffb6f8b3000 	C:\WINDOWS\SYSTEM32\DNSAPI.dll
0x00007ffb54800000 - 0x00007ffb54808000 	C:\WINDOWS\system32\wshunix.dll

dbghelp: loaded successfully - version: 4.0.5 - missing functions: none
symbol engine: initialized successfully - sym options: 0x614 - pdb path: .;C:\Program Files\Android\Android Studio\jbr\bin;C:\WINDOWS\SYSTEM32;C:\WINDOWS\WinSxS\amd64_microsoft.windows.common-controls_6595b64144ccf1df_6.0.22621.608_none_a9444ca7c10bb01d;C:\Program Files\Android\Android Studio\jbr\bin\server;C:\Users\kaan4\.gradle\native\e1d6ef7f7dcc3fd88c89a11ec53ec762bb8ba0a96d01ffa2cd45eb1d1d8dd5c5\windows-amd64;C:\Users\kaan4\.gradle\native\0d407fdbe67a94daf76414ababcb853783967236a71b16ec16e742cd7a986fd3\windows-amd64

VM Arguments:
jvm_args: -XX:MaxPermSize=512m-Dfile.encoding=UTF-8 --add-opens=java.base/java.util=ALL-UNNAMED --add-opens=java.base/java.lang=ALL-UNNAMED --add-opens=java.base/java.lang.invoke=ALL-UNNAMED --add-opens=java.base/java.util=ALL-UNNAMED --add-opens=java.prefs/java.util.prefs=ALL-UNNAMED --add-opens=java.prefs/java.util.prefs=ALL-UNNAMED --add-opens=java.base/java.nio.charset=ALL-UNNAMED --add-opens=java.base/java.net=ALL-UNNAMED --add-opens=java.base/java.util.concurrent.atomic=ALL-UNNAMED -Xmx2048m -Dfile.encoding=windows-1254 -Duser.country=TR -Duser.language=tr -Duser.variant 
java_command: org.gradle.launcher.daemon.bootstrap.GradleDaemon 7.5
java_class_path (initial): C:\Users\kaan4\.gradle\wrapper\dists\gradle-7.5-bin\f1w0cc9nuo0eivz97x2xlu9sv\gradle-7.5\lib\gradle-launcher-7.5.jar
Launcher Type: SUN_STANDARD

[Global flags]
     intx CICompilerCount                          = 4                                         {product} {ergonomic}
     uint ConcGCThreads                            = 2                                         {product} {ergonomic}
     uint G1ConcRefinementThreads                  = 8                                         {product} {ergonomic}
   size_t G1HeapRegionSize                         = 1048576                                   {product} {ergonomic}
    uintx GCDrainStackTargetSize                   = 64                                        {product} {ergonomic}
   size_t InitialHeapSize                          = 266338304                                 {product} {ergonomic}
   size_t MarkStackSize                            = 4194304                                   {product} {ergonomic}
   size_t MaxHeapSize                              = 2147483648                                {product} {command line}
   size_t MaxNewSize                               = 1287651328                                {product} {ergonomic}
   size_t MinHeapDeltaBytes                        = 1048576                                   {product} {ergonomic}
   size_t MinHeapSize                              = 8388608                                   {product} {ergonomic}
    uintx NonNMethodCodeHeapSize                   = 5839372                                {pd product} {ergonomic}
    uintx NonProfiledCodeHeapSize                  = 122909434                              {pd product} {ergonomic}
    uintx ProfiledCodeHeapSize                     = 122909434                              {pd product} {ergonomic}
    uintx ReservedCodeCacheSize                    = 251658240                              {pd product} {ergonomic}
     bool SegmentedCodeCache                       = true                                      {product} {ergonomic}
   size_t SoftMaxHeapSize                          = 2147483648                             {manageable} {ergonomic}
     bool UseCompressedClassPointers               = true                           {product lp64_product} {ergonomic}
     bool UseCompressedOops                        = true                           {product lp64_product} {ergonomic}
     bool UseG1GC                                  = true                                      {product} {ergonomic}
     bool UseLargePagesIndividualAllocation        = false                                  {pd product} {ergonomic}

Logging:
Log output configuration:
 #0: stdout all=warning uptime,level,tags
 #1: stderr all=off uptime,level,tags

Environment Variables:
JAVA_HOME=C:\Program Files\Eclipse Foundation\jdk-16.0.2.7-hotspot\
PATH=C:\Program Files\Common Files\Oracle\Java\javapath;C:\ProgramData\Oracle\Java\javapath;C:\Program Files\Eclipse Foundation\jdk-16.0.2.7-hotspot\bin;C:\Windows\system32;C:\Windows;C:\Windows\System32\Wbem;C:\Windows\System32\WindowsPowerShell\v1.0\;C:\Windows\System32\OpenSSH\;C:\Program Files (x86)\NVIDIA Corporation\PhysX\Common;C:\Program Files\NVIDIA Corporation\NVIDIA NvDLISR;C:\Program Files\Microsoft SQL Server\130\Tools\Binn\;C:\Program Files\Git\cmd;C:\WINDOWS\system32;C:\WINDOWS;C:\WINDOWS\System32\Wbem;C:\WINDOWS\System32\WindowsPowerShell\v1.0\;C:\WINDOWS\System32\OpenSSH\;C:\Program Files\Git LFS;C:\WINDOWS\system32;C:\WINDOWS;C:\WINDOWS\System32\Wbem;C:\WINDOWS\System32\WindowsPowerShell\v1.0\;C:\WINDOWS\System32\OpenSSH\;C:\Program Files\Microsoft SQL Server\150\Tools\Binn\;C:\Program Files\Microsoft SQL Server\Client SDK\ODBC\170\Tools\Binn\;C:\Program Files\dotnet\;C:\Users\kaan4\AppData\Local\Microsoft\WindowsApps;C:\Users\kaan4\AppData\Local\Programs\Microsoft VS Code\bin;C:\Users\kaan4\.dotnet\tools;C:\src\flutter\bin;C:\Users\kaan4\AppData\Local\Android\Sdk\platform-tools;C:\Users\kaan4\AppData\Local\GitHubDesktop\bin;
USERNAME=kaan4
OS=Windows_NT
PROCESSOR_IDENTIFIER=Intel64 Family 6 Model 158 Stepping 10, GenuineIntel
TMP=C:\Users\kaan4\AppData\Local\Temp
TEMP=C:\Users\kaan4\AppData\Local\Temp



---------------  S Y S T E M  ---------------

OS:
 Windows 11 , 64 bit Build 22621 (10.0.22621.1485)
OS uptime: 6 days 4:03 hours
Hyper-V role detected

CPU: total 8 (initial active 8) (4 cores per cpu, 2 threads per core) family 6 model 158 stepping 10 microcode 0xde, cx8, cmov, fxsr, ht, mmx, 3dnowpref, sse, sse2, sse3, ssse3, sse4.1, sse4.2, popcnt, lzcnt, tsc, tscinvbit, avx, avx2, aes, erms, clmul, bmi1, bmi2, adx, fma, vzeroupper, clflush, clflushopt, hv

Memory: 4k page, system-wide physical 16220M (2630M free)
TotalPageFile size 18268M (AvailPageFile size 5M)
current process WorkingSet (physical memory assigned to process): 484M, peak: 485M
current process commit charge ("private bytes"): 531M, peak: 532M

vm_info: OpenJDK 64-Bit Server VM (17.0.6+0-b2043.56-9586694) for windows-amd64 JRE (17.0.6+0-b2043.56-9586694), built on Feb  9 2023 20:06:20 by "androidbuild" with MS VC++ 16.10 / 16.11 (VS2019)

END.
