#
# There is insufficient memory for the Java Runtime Environment to continue.
# Native memory allocation (mmap) failed to map 42991616 bytes for G1 virtual space
# Possible reasons:
#   The system is out of physical RAM or swap space
#   The process is running with CompressedOops enabled, and the Java Heap may be blocking the growth of the native heap
# Possible solutions:
#   Reduce memory load on the system
#   Increase physical memory or swap space
#   Check if swap backing store is full
#   Decrease Java heap size (-Xmx/-Xms)
#   Decrease number of Java threads
#   Decrease Java thread stack sizes (-Xss)
#   Set larger code cache with -XX:ReservedCodeCacheSize=
#   JVM is running with Unscaled Compressed Oops mode in which the Java heap is
#     placed in the first 4GB address space. The Java Heap base address is the
#     maximum limit for the native heap growth. Please use -XX:HeapBaseMinAddress
#     to set the Java Heap base and to place the Java Heap above 4GB virtual address.
# This output file may be truncated or incomplete.
#
#  Out of Memory Error (os_windows.cpp:3769), pid=21520, tid=9544
#
# JRE version: OpenJDK Runtime Environment (17.0.6) (build 17.0.6+0-b2043.56-9586694)
# Java VM: OpenJDK 64-Bit Server VM (17.0.6+0-b2043.56-9586694, mixed mode, tiered, compressed oops, compressed class ptrs, g1 gc, windows-amd64)
# No core dump will be written. Minidumps are not enabled by default on client versions of Windows
#

---------------  S U M M A R Y ------------

Command Line: -XX:MaxPermSize=512m-Dfile.encoding=UTF-8 --add-opens=java.base/java.util=ALL-UNNAMED --add-opens=java.base/java.lang=ALL-UNNAMED --add-opens=java.base/java.lang.invoke=ALL-UNNAMED --add-opens=java.base/java.util=ALL-UNNAMED --add-opens=java.prefs/java.util.prefs=ALL-UNNAMED --add-opens=java.prefs/java.util.prefs=ALL-UNNAMED --add-opens=java.base/java.nio.charset=ALL-UNNAMED --add-opens=java.base/java.net=ALL-UNNAMED --add-opens=java.base/java.util.concurrent.atomic=ALL-UNNAMED -Xmx2048m -Dfile.encoding=windows-1254 -Duser.country=TR -Duser.language=tr -Duser.variant org.gradle.launcher.daemon.bootstrap.GradleDaemon 7.5

Host: Intel(R) Core(TM) i5-9300H CPU @ 2.40GHz, 8 cores, 15G,  Windows 11 , 64 bit Build 22621 (10.0.22621.1485)
Time: Wed Apr 26 18:43:09 2023 Türkiye Standart Saati elapsed time: 12.285515 seconds (0d 0h 0m 12s)

---------------  T H R E A D  ---------------

Current thread (0x0000025a71c096d0):  VMThread "VM Thread" [stack: 0x000000fcb1900000,0x000000fcb1a00000] [id=9544]

Stack: [0x000000fcb1900000,0x000000fcb1a00000]
Native frames: (J=compiled Java code, j=interpreted, Vv=VM code, C=native code)
V  [jvm.dll+0x683b4a]
V  [jvm.dll+0x842654]
V  [jvm.dll+0x843dfe]
V  [jvm.dll+0x844463]
V  [jvm.dll+0x249b75]
V  [jvm.dll+0x680a19]
V  [jvm.dll+0x674f0a]
V  [jvm.dll+0x309acb]
V  [jvm.dll+0x310f86]
V  [jvm.dll+0x3608ee]
V  [jvm.dll+0x360b1f]
V  [jvm.dll+0x2dfbf8]
V  [jvm.dll+0x2ddec4]
V  [jvm.dll+0x2dd4cc]
V  [jvm.dll+0x321f3b]
V  [jvm.dll+0x84893b]
V  [jvm.dll+0x849674]
V  [jvm.dll+0x849b8d]
V  [jvm.dll+0x849f64]
V  [jvm.dll+0x84a030]
V  [jvm.dll+0x7f25fa]
V  [jvm.dll+0x682985]
C  [ucrtbase.dll+0x29363]
C  [KERNEL32.DLL+0x1269d]
C  [ntdll.dll+0x5a9f8]

VM_Operation (0x000000fcba3f7060): G1CollectForAllocation, mode: safepoint, requested by thread 0x0000025a75b99750


---------------  P R O C E S S  ---------------

Threads class SMR info:
_java_thread_list=0x0000025a7e1284e0, length=137, elements={
0x0000025a5728c7b0, 0x0000025a71c0ad00, 0x0000025a71c5b020, 0x0000025a71cd9fc0,
0x0000025a71cda880, 0x0000025a71cdb230, 0x0000025a71ccdc00, 0x0000025a71cce5a0,
0x0000025a71ccf040, 0x0000025a71cd2f30, 0x0000025a71e36160, 0x0000025a71e36630,
0x0000025a720260e0, 0x0000025a742ab440, 0x0000025a73420390, 0x0000025a74c58e20,
0x0000025a74a02850, 0x0000025a74a04de0, 0x0000025a746b7700, 0x0000025a741f2380,
0x0000025a741f1510, 0x0000025a741f3b90, 0x0000025a741f19e0, 0x0000025a741f4060,
0x0000025a741f4a00, 0x0000025a741f31f0, 0x0000025a741f1040, 0x0000025a741f2d20,
0x0000025a741f4530, 0x0000025a741f36c0, 0x0000025a741f1eb0, 0x0000025a741f2850,
0x0000025a74cec3b0, 0x0000025a74ceba10, 0x0000025a74cec880, 0x0000025a74ceb070,
0x0000025a74cecd50, 0x0000025a74cee560, 0x0000025a77500bb0, 0x0000025a77501ef0,
0x0000025a775023c0, 0x0000025a77502d60, 0x0000025a774ff3a0, 0x0000025a77501080,
0x0000025a77504f10, 0x0000025a77501550, 0x0000025a775053e0, 0x0000025a775040a0,
0x0000025a77501a20, 0x0000025a77504a40, 0x0000025a775058b0, 0x0000025a77502890,
0x0000025a77500210, 0x0000025a77503230, 0x0000025a774fe060, 0x0000025a77503700,
0x0000025a774fe530, 0x0000025a77503bd0, 0x0000025a775006e0, 0x0000025a77504570,
0x0000025a774fea00, 0x0000025a774feed0, 0x0000025a774ff870, 0x0000025a774ffd40,
0x0000025a75568df0, 0x0000025a7556afa0, 0x0000025a7556c7b0, 0x0000025a75567f80,
0x0000025a7556b470, 0x0000025a7556b940, 0x0000025a75566770, 0x0000025a75569c60,
0x0000025a755692c0, 0x0000025a75566c40, 0x0000025a755675e0, 0x0000025a7556aad0,
0x0000025a75569790, 0x0000025a75568450, 0x0000025a75565900, 0x0000025a7556a600,
0x0000025a75567ab0, 0x0000025a7556be10, 0x0000025a7556c2e0, 0x0000025a7556cc80,
0x0000025a7556a130, 0x0000025a75568920, 0x0000025a755662a0, 0x0000025a75567110,
0x0000025a75565430, 0x0000025a75565dd0, 0x0000025a75dff190, 0x0000025a75e06040,
0x0000025a75e02680, 0x0000025a75e04830, 0x0000025a75e039c0, 0x0000025a75e03e90,
0x0000025a75e02b50, 0x0000025a75e021b0, 0x0000025a75e01ce0, 0x0000025a75e03020,
0x0000025a75e04360, 0x0000025a75e056a0, 0x0000025a75e00000, 0x0000025a75e04d00,
0x0000025a75e01810, 0x0000025a75dfe7f0, 0x0000025a75dffb30, 0x0000025a75e05b70,
0x0000025a75e051d0, 0x0000025a75dfecc0, 0x0000025a75e004d0, 0x0000025a75e009a0,
0x0000025a75e00e70, 0x0000025a75dff660, 0x0000025a75e01340, 0x0000025a75e034f0,
0x0000025a72e12990, 0x0000025a72e11650, 0x0000025a72e14670, 0x0000025a72e13330,
0x0000025a72e124c0, 0x0000025a72e13cd0, 0x0000025a72e141a0, 0x0000025a72e12e60,
0x0000025a72e14b40, 0x0000025a72e11b20, 0x0000025a75b98410, 0x0000025a75b99750,
0x0000025a75b9aa90, 0x0000025a75b970d0, 0x0000025a75b9a5c0, 0x0000025a75b98db0,
0x0000025a75b9af60, 0x0000025a75b940b0, 0x0000025a75b99280, 0x0000025a75b99c20,
0x0000025a75b97a70
}

Java Threads: ( => current thread )
  0x0000025a5728c7b0 JavaThread "main" [_thread_blocked, id=17376, stack(0x000000fcb1300000,0x000000fcb1400000)]
  0x0000025a71c0ad00 JavaThread "Reference Handler" daemon [_thread_blocked, id=24472, stack(0x000000fcb1a00000,0x000000fcb1b00000)]
  0x0000025a71c5b020 JavaThread "Finalizer" daemon [_thread_blocked, id=29496, stack(0x000000fcb1b00000,0x000000fcb1c00000)]
  0x0000025a71cd9fc0 JavaThread "Signal Dispatcher" daemon [_thread_blocked, id=2284, stack(0x000000fcb1c00000,0x000000fcb1d00000)]
  0x0000025a71cda880 JavaThread "Attach Listener" daemon [_thread_blocked, id=12128, stack(0x000000fcb1d00000,0x000000fcb1e00000)]
  0x0000025a71cdb230 JavaThread "Service Thread" daemon [_thread_blocked, id=15144, stack(0x000000fcb1e00000,0x000000fcb1f00000)]
  0x0000025a71ccdc00 JavaThread "Monitor Deflation Thread" daemon [_thread_blocked, id=7936, stack(0x000000fcb1f00000,0x000000fcb2000000)]
  0x0000025a71cce5a0 JavaThread "C2 CompilerThread0" daemon [_thread_blocked, id=17336, stack(0x000000fcb2000000,0x000000fcb2100000)]
  0x0000025a71ccf040 JavaThread "C1 CompilerThread0" daemon [_thread_blocked, id=30480, stack(0x000000fcb2100000,0x000000fcb2200000)]
  0x0000025a71cd2f30 JavaThread "Sweeper thread" daemon [_thread_blocked, id=16600, stack(0x000000fcb2200000,0x000000fcb2300000)]
  0x0000025a71e36160 JavaThread "Common-Cleaner" daemon [_thread_blocked, id=19020, stack(0x000000fcb2300000,0x000000fcb2400000)]
  0x0000025a71e36630 JavaThread "Notification Thread" daemon [_thread_blocked, id=25584, stack(0x000000fcb2400000,0x000000fcb2500000)]
  0x0000025a720260e0 JavaThread "C2 CompilerThread1" daemon [_thread_blocked, id=29268, stack(0x000000fcb2600000,0x000000fcb2700000)]
  0x0000025a742ab440 JavaThread "C2 CompilerThread2" daemon [_thread_blocked, id=28028, stack(0x000000fcb2c00000,0x000000fcb2d00000)]
  0x0000025a73420390 JavaThread "Daemon health stats" [_thread_blocked, id=29032, stack(0x000000fcb2d00000,0x000000fcb2e00000)]
  0x0000025a74c58e20 JavaThread "Incoming local TCP Connector on port 53167" [_thread_in_native, id=27056, stack(0x000000fcb2e00000,0x000000fcb2f00000)]
  0x0000025a74a02850 JavaThread "Daemon periodic checks" [_thread_blocked, id=2204, stack(0x000000fcb2f00000,0x000000fcb3000000)]
  0x0000025a74a04de0 JavaThread "Daemon" [_thread_blocked, id=20196, stack(0x000000fcb3000000,0x000000fcb3100000)]
  0x0000025a746b7700 JavaThread "Handler for socket connection from /127.0.0.1:53167 to /127.0.0.1:53168" [_thread_in_native, id=17040, stack(0x000000fcb3100000,0x000000fcb3200000)]
  0x0000025a741f2380 JavaThread "Cancel handler" [_thread_blocked, id=12064, stack(0x000000fcb3200000,0x000000fcb3300000)]
  0x0000025a741f1510 JavaThread "Daemon worker" [_thread_blocked, id=11664, stack(0x000000fcb3300000,0x000000fcb3400000)]
  0x0000025a741f3b90 JavaThread "Asynchronous log dispatcher for DefaultDaemonConnection: socket connection from /127.0.0.1:53167 to /127.0.0.1:53168" [_thread_blocked, id=9412, stack(0x000000fcb3400000,0x000000fcb3500000)]
  0x0000025a741f19e0 JavaThread "Stdin handler" [_thread_blocked, id=10480, stack(0x000000fcb3500000,0x000000fcb3600000)]
  0x0000025a741f4060 JavaThread "Daemon client event forwarder" [_thread_blocked, id=13624, stack(0x000000fcb3600000,0x000000fcb3700000)]
  0x0000025a741f4a00 JavaThread "Cache worker for journal cache (C:\Users\kaan4\.gradle\caches\journal-1)" [_thread_blocked, id=10580, stack(0x000000fcb3700000,0x000000fcb3800000)]
  0x0000025a741f31f0 JavaThread "File lock request listener" [_thread_in_native, id=1112, stack(0x000000fcb3800000,0x000000fcb3900000)]
  0x0000025a741f1040 JavaThread "Cache worker for file hash cache (C:\Users\kaan4\.gradle\caches\7.5\fileHashes)" [_thread_blocked, id=24548, stack(0x000000fcb3c00000,0x000000fcb3d00000)]
  0x0000025a741f2d20 JavaThread "File watcher server" daemon [_thread_blocked, id=19704, stack(0x000000fcb3d00000,0x000000fcb3e00000)]
  0x0000025a741f4530 JavaThread "File watcher consumer" daemon [_thread_blocked, id=6724, stack(0x000000fcb3e00000,0x000000fcb3f00000)]
  0x0000025a741f36c0 JavaThread "Cache worker for checksums cache (C:\Users\kaan4\OneDrive\Belgeler\GitHub\EnvanterKontrolSistemi\.gradle\7.5\checksums)" [_thread_blocked, id=10788, stack(0x000000fcb3f00000,0x000000fcb4000000)]
  0x0000025a741f1eb0 JavaThread "Cache worker for cache directory md-rule (C:\Users\kaan4\.gradle\caches\7.5\md-rule)" [_thread_blocked, id=30192, stack(0x000000fcb4000000,0x000000fcb4100000)]
  0x0000025a741f2850 JavaThread "Cache worker for file content cache (C:\Users\kaan4\.gradle\caches\7.5\fileContent)" [_thread_blocked, id=23632, stack(0x000000fcb4100000,0x000000fcb4200000)]
  0x0000025a74cec3b0 JavaThread "Cache worker for file hash cache (C:\Users\kaan4\OneDrive\Belgeler\GitHub\EnvanterKontrolSistemi\.gradle\7.5\fileHashes)" [_thread_blocked, id=11340, stack(0x000000fcb4200000,0x000000fcb4300000)]
  0x0000025a74ceba10 JavaThread "Cache worker for cache directory md-supplier (C:\Users\kaan4\.gradle\caches\7.5\md-supplier)" [_thread_blocked, id=19488, stack(0x000000fcb4300000,0x000000fcb4400000)]
  0x0000025a74cec880 JavaThread "Cache worker for execution history cache (C:\Users\kaan4\.gradle\caches\7.5\executionHistory)" [_thread_blocked, id=11496, stack(0x000000fcb4400000,0x000000fcb4500000)]
  0x0000025a74ceb070 JavaThread "jar transforms" [_thread_blocked, id=13876, stack(0x000000fcb4500000,0x000000fcb4600000)]
  0x0000025a74cecd50 JavaThread "jar transforms Thread 2" [_thread_blocked, id=26908, stack(0x000000fcb4600000,0x000000fcb4700000)]
  0x0000025a74cee560 JavaThread "jar transforms Thread 3" [_thread_blocked, id=25568, stack(0x000000fcb4700000,0x000000fcb4800000)]
  0x0000025a77500bb0 JavaThread "jar transforms Thread 4" [_thread_blocked, id=13252, stack(0x000000fcb4800000,0x000000fcb4900000)]
  0x0000025a77501ef0 JavaThread "Cache worker for dependencies-accessors (C:\Users\kaan4\OneDrive\Belgeler\GitHub\EnvanterKontrolSistemi\.gradle\7.5\dependencies-accessors)" [_thread_blocked, id=10824, stack(0x000000fcb4900000,0x000000fcb4a00000)]
  0x0000025a775023c0 JavaThread "jar transforms Thread 5" [_thread_blocked, id=8328, stack(0x000000fcb4a00000,0x000000fcb4b00000)]
  0x0000025a77502d60 JavaThread "Cache worker for Build Output Cleanup Cache (C:\Users\kaan4\OneDrive\Belgeler\GitHub\EnvanterKontrolSistemi\.gradle\buildOutputCleanup)" [_thread_blocked, id=12864, stack(0x000000fcb4b00000,0x000000fcb4c00000)]
  0x0000025a774ff3a0 JavaThread "Unconstrained build operations" [_thread_blocked, id=2096, stack(0x000000fcb4c00000,0x000000fcb4d00000)]
  0x0000025a77501080 JavaThread "Unconstrained build operations Thread 2" [_thread_blocked, id=28980, stack(0x000000fcb4d00000,0x000000fcb4e00000)]
  0x0000025a77504f10 JavaThread "Unconstrained build operations Thread 3" [_thread_blocked, id=5380, stack(0x000000fcb4e00000,0x000000fcb4f00000)]
  0x0000025a77501550 JavaThread "Unconstrained build operations Thread 4" [_thread_blocked, id=28780, stack(0x000000fcb4f00000,0x000000fcb5000000)]
  0x0000025a775053e0 JavaThread "Unconstrained build operations Thread 5" [_thread_blocked, id=25812, stack(0x000000fcb5000000,0x000000fcb5100000)]
  0x0000025a775040a0 JavaThread "Unconstrained build operations Thread 6" [_thread_blocked, id=12056, stack(0x000000fcb5100000,0x000000fcb5200000)]
  0x0000025a77501a20 JavaThread "Unconstrained build operations Thread 7" [_thread_blocked, id=19712, stack(0x000000fcb5200000,0x000000fcb5300000)]
  0x0000025a77504a40 JavaThread "Unconstrained build operations Thread 8" [_thread_blocked, id=12312, stack(0x000000fcb5300000,0x000000fcb5400000)]
  0x0000025a775058b0 JavaThread "Unconstrained build operations Thread 9" [_thread_blocked, id=21424, stack(0x000000fcb5400000,0x000000fcb5500000)]
  0x0000025a77502890 JavaThread "Unconstrained build operations Thread 10" [_thread_blocked, id=22812, stack(0x000000fcb5500000,0x000000fcb5600000)]
  0x0000025a77500210 JavaThread "Unconstrained build operations Thread 11" [_thread_blocked, id=24192, stack(0x000000fcb5600000,0x000000fcb5700000)]
  0x0000025a77503230 JavaThread "Unconstrained build operations Thread 12" [_thread_blocked, id=10184, stack(0x000000fcb5700000,0x000000fcb5800000)]
  0x0000025a774fe060 JavaThread "Unconstrained build operations Thread 13" [_thread_blocked, id=29096, stack(0x000000fcb5800000,0x000000fcb5900000)]
  0x0000025a77503700 JavaThread "Unconstrained build operations Thread 14" [_thread_blocked, id=25020, stack(0x000000fcb5900000,0x000000fcb5a00000)]
  0x0000025a774fe530 JavaThread "Unconstrained build operations Thread 15" [_thread_blocked, id=16736, stack(0x000000fcb5a00000,0x000000fcb5b00000)]
  0x0000025a77503bd0 JavaThread "Unconstrained build operations Thread 16" [_thread_blocked, id=6356, stack(0x000000fcb5b00000,0x000000fcb5c00000)]
  0x0000025a775006e0 JavaThread "Unconstrained build operations Thread 17" [_thread_blocked, id=14044, stack(0x000000fcb5c00000,0x000000fcb5d00000)]
  0x0000025a77504570 JavaThread "Unconstrained build operations Thread 18" [_thread_blocked, id=25208, stack(0x000000fcb5d00000,0x000000fcb5e00000)]
  0x0000025a774fea00 JavaThread "Unconstrained build operations Thread 19" [_thread_blocked, id=13536, stack(0x000000fcb5e00000,0x000000fcb5f00000)]
  0x0000025a774feed0 JavaThread "Unconstrained build operations Thread 20" [_thread_blocked, id=23760, stack(0x000000fcb5f00000,0x000000fcb6000000)]
  0x0000025a774ff870 JavaThread "Unconstrained build operations Thread 21" [_thread_blocked, id=5276, stack(0x000000fcb6000000,0x000000fcb6100000)]
  0x0000025a774ffd40 JavaThread "Unconstrained build operations Thread 22" [_thread_blocked, id=11648, stack(0x000000fcb6100000,0x000000fcb6200000)]
  0x0000025a75568df0 JavaThread "Unconstrained build operations Thread 23" [_thread_blocked, id=7896, stack(0x000000fcb6200000,0x000000fcb6300000)]
  0x0000025a7556afa0 JavaThread "Unconstrained build operations Thread 24" [_thread_blocked, id=14740, stack(0x000000fcb6300000,0x000000fcb6400000)]
  0x0000025a7556c7b0 JavaThread "Unconstrained build operations Thread 25" [_thread_blocked, id=22988, stack(0x000000fcb6400000,0x000000fcb6500000)]
  0x0000025a75567f80 JavaThread "Unconstrained build operations Thread 26" [_thread_blocked, id=2780, stack(0x000000fcb6500000,0x000000fcb6600000)]
  0x0000025a7556b470 JavaThread "Unconstrained build operations Thread 27" [_thread_blocked, id=21144, stack(0x000000fcb6600000,0x000000fcb6700000)]
  0x0000025a7556b940 JavaThread "Unconstrained build operations Thread 28" [_thread_blocked, id=24212, stack(0x000000fcb6700000,0x000000fcb6800000)]
  0x0000025a75566770 JavaThread "Unconstrained build operations Thread 29" [_thread_blocked, id=18304, stack(0x000000fcb6800000,0x000000fcb6900000)]
  0x0000025a75569c60 JavaThread "Unconstrained build operations Thread 30" [_thread_blocked, id=17340, stack(0x000000fcb6900000,0x000000fcb6a00000)]
  0x0000025a755692c0 JavaThread "Unconstrained build operations Thread 31" [_thread_blocked, id=29792, stack(0x000000fcb6a00000,0x000000fcb6b00000)]
  0x0000025a75566c40 JavaThread "Unconstrained build operations Thread 32" [_thread_blocked, id=27700, stack(0x000000fcb6b00000,0x000000fcb6c00000)]
  0x0000025a755675e0 JavaThread "Unconstrained build operations Thread 33" [_thread_blocked, id=18848, stack(0x000000fcb6c00000,0x000000fcb6d00000)]
  0x0000025a7556aad0 JavaThread "Unconstrained build operations Thread 34" [_thread_blocked, id=29628, stack(0x000000fcb6d00000,0x000000fcb6e00000)]
  0x0000025a75569790 JavaThread "Unconstrained build operations Thread 35" [_thread_blocked, id=23056, stack(0x000000fcb6e00000,0x000000fcb6f00000)]
  0x0000025a75568450 JavaThread "Unconstrained build operations Thread 36" [_thread_blocked, id=28828, stack(0x000000fcb6f00000,0x000000fcb7000000)]
  0x0000025a75565900 JavaThread "Unconstrained build operations Thread 37" [_thread_blocked, id=26408, stack(0x000000fcb7000000,0x000000fcb7100000)]
  0x0000025a7556a600 JavaThread "Unconstrained build operations Thread 38" [_thread_blocked, id=24976, stack(0x000000fcb7100000,0x000000fcb7200000)]
  0x0000025a75567ab0 JavaThread "Unconstrained build operations Thread 39" [_thread_blocked, id=10648, stack(0x000000fcb7200000,0x000000fcb7300000)]
  0x0000025a7556be10 JavaThread "Unconstrained build operations Thread 40" [_thread_blocked, id=24996, stack(0x000000fcb7300000,0x000000fcb7400000)]
  0x0000025a7556c2e0 JavaThread "Unconstrained build operations Thread 41" [_thread_blocked, id=17708, stack(0x000000fcb7400000,0x000000fcb7500000)]
  0x0000025a7556cc80 JavaThread "Unconstrained build operations Thread 42" [_thread_blocked, id=23308, stack(0x000000fcb7500000,0x000000fcb7600000)]
  0x0000025a7556a130 JavaThread "Unconstrained build operations Thread 43" [_thread_blocked, id=13724, stack(0x000000fcb7600000,0x000000fcb7700000)]
  0x0000025a75568920 JavaThread "Unconstrained build operations Thread 44" [_thread_blocked, id=11072, stack(0x000000fcb7700000,0x000000fcb7800000)]
  0x0000025a755662a0 JavaThread "Unconstrained build operations Thread 45" [_thread_blocked, id=15940, stack(0x000000fcb7800000,0x000000fcb7900000)]
  0x0000025a75567110 JavaThread "Unconstrained build operations Thread 46" [_thread_blocked, id=12816, stack(0x000000fcb7900000,0x000000fcb7a00000)]
  0x0000025a75565430 JavaThread "Unconstrained build operations Thread 47" [_thread_blocked, id=3104, stack(0x000000fcb7a00000,0x000000fcb7b00000)]
  0x0000025a75565dd0 JavaThread "Unconstrained build operations Thread 48" [_thread_blocked, id=1380, stack(0x000000fcb7b00000,0x000000fcb7c00000)]
  0x0000025a75dff190 JavaThread "Unconstrained build operations Thread 49" [_thread_blocked, id=3304, stack(0x000000fcb7c00000,0x000000fcb7d00000)]
  0x0000025a75e06040 JavaThread "Unconstrained build operations Thread 50" [_thread_blocked, id=20884, stack(0x000000fcb7d00000,0x000000fcb7e00000)]
  0x0000025a75e02680 JavaThread "Unconstrained build operations Thread 51" [_thread_blocked, id=19012, stack(0x000000fcb7e00000,0x000000fcb7f00000)]
  0x0000025a75e04830 JavaThread "Unconstrained build operations Thread 52" [_thread_blocked, id=18416, stack(0x000000fcb7f00000,0x000000fcb8000000)]
  0x0000025a75e039c0 JavaThread "Unconstrained build operations Thread 53" [_thread_blocked, id=28600, stack(0x000000fcb8000000,0x000000fcb8100000)]
  0x0000025a75e03e90 JavaThread "Unconstrained build operations Thread 54" [_thread_blocked, id=30232, stack(0x000000fcb8100000,0x000000fcb8200000)]
  0x0000025a75e02b50 JavaThread "Unconstrained build operations Thread 55" [_thread_blocked, id=18144, stack(0x000000fcb8200000,0x000000fcb8300000)]
  0x0000025a75e021b0 JavaThread "Unconstrained build operations Thread 56" [_thread_blocked, id=6168, stack(0x000000fcb8300000,0x000000fcb8400000)]
  0x0000025a75e01ce0 JavaThread "Unconstrained build operations Thread 57" [_thread_blocked, id=27108, stack(0x000000fcb8400000,0x000000fcb8500000)]
  0x0000025a75e03020 JavaThread "Unconstrained build operations Thread 58" [_thread_blocked, id=7416, stack(0x000000fcb8500000,0x000000fcb8600000)]
  0x0000025a75e04360 JavaThread "Unconstrained build operations Thread 59" [_thread_blocked, id=19132, stack(0x000000fcb8600000,0x000000fcb8700000)]
  0x0000025a75e056a0 JavaThread "Unconstrained build operations Thread 60" [_thread_blocked, id=17132, stack(0x000000fcb8700000,0x000000fcb8800000)]
  0x0000025a75e00000 JavaThread "Unconstrained build operations Thread 61" [_thread_blocked, id=13004, stack(0x000000fcb8800000,0x000000fcb8900000)]
  0x0000025a75e04d00 JavaThread "Unconstrained build operations Thread 62" [_thread_blocked, id=14664, stack(0x000000fcb8900000,0x000000fcb8a00000)]
  0x0000025a75e01810 JavaThread "Unconstrained build operations Thread 63" [_thread_blocked, id=22936, stack(0x000000fcb8a00000,0x000000fcb8b00000)]
  0x0000025a75dfe7f0 JavaThread "Unconstrained build operations Thread 64" [_thread_blocked, id=10568, stack(0x000000fcb8b00000,0x000000fcb8c00000)]
  0x0000025a75dffb30 JavaThread "Unconstrained build operations Thread 65" [_thread_blocked, id=25488, stack(0x000000fcb8c00000,0x000000fcb8d00000)]
  0x0000025a75e05b70 JavaThread "Unconstrained build operations Thread 66" [_thread_blocked, id=25100, stack(0x000000fcb8d00000,0x000000fcb8e00000)]
  0x0000025a75e051d0 JavaThread "Unconstrained build operations Thread 67" [_thread_blocked, id=22268, stack(0x000000fcb8e00000,0x000000fcb8f00000)]
  0x0000025a75dfecc0 JavaThread "Unconstrained build operations Thread 68" [_thread_blocked, id=29040, stack(0x000000fcb8f00000,0x000000fcb9000000)]
  0x0000025a75e004d0 JavaThread "Unconstrained build operations Thread 69" [_thread_blocked, id=28880, stack(0x000000fcb9000000,0x000000fcb9100000)]
  0x0000025a75e009a0 JavaThread "Unconstrained build operations Thread 70" [_thread_blocked, id=20604, stack(0x000000fcb9100000,0x000000fcb9200000)]
  0x0000025a75e00e70 JavaThread "Unconstrained build operations Thread 71" [_thread_blocked, id=21264, stack(0x000000fcb9200000,0x000000fcb9300000)]
  0x0000025a75dff660 JavaThread "Unconstrained build operations Thread 72" [_thread_blocked, id=22700, stack(0x000000fcb9300000,0x000000fcb9400000)]
  0x0000025a75e01340 JavaThread "Unconstrained build operations Thread 73" [_thread_blocked, id=23864, stack(0x000000fcb9400000,0x000000fcb9500000)]
  0x0000025a75e034f0 JavaThread "Unconstrained build operations Thread 74" [_thread_blocked, id=24596, stack(0x000000fcb9500000,0x000000fcb9600000)]
  0x0000025a72e12990 JavaThread "Unconstrained build operations Thread 75" [_thread_blocked, id=9508, stack(0x000000fcb9600000,0x000000fcb9700000)]
  0x0000025a72e11650 JavaThread "Unconstrained build operations Thread 76" [_thread_blocked, id=26800, stack(0x000000fcb9700000,0x000000fcb9800000)]
  0x0000025a72e14670 JavaThread "Unconstrained build operations Thread 77" [_thread_blocked, id=23972, stack(0x000000fcb9800000,0x000000fcb9900000)]
  0x0000025a72e13330 JavaThread "Unconstrained build operations Thread 78" [_thread_blocked, id=13260, stack(0x000000fcb9900000,0x000000fcb9a00000)]
  0x0000025a72e124c0 JavaThread "Unconstrained build operations Thread 79" [_thread_blocked, id=14020, stack(0x000000fcb9a00000,0x000000fcb9b00000)]
  0x0000025a72e13cd0 JavaThread "Unconstrained build operations Thread 80" [_thread_blocked, id=14828, stack(0x000000fcb9b00000,0x000000fcb9c00000)]
  0x0000025a72e141a0 JavaThread "jar transforms Thread 6" [_thread_blocked, id=27304, stack(0x000000fcb9c00000,0x000000fcb9d00000)]
  0x0000025a72e12e60 JavaThread "jar transforms Thread 7" [_thread_blocked, id=28288, stack(0x000000fcb9d00000,0x000000fcb9e00000)]
  0x0000025a72e14b40 JavaThread "jar transforms Thread 8" [_thread_blocked, id=2124, stack(0x000000fcb9e00000,0x000000fcb9f00000)]
  0x0000025a72e11b20 JavaThread "build event listener" [_thread_blocked, id=18004, stack(0x000000fcb9f00000,0x000000fcba000000)]
  0x0000025a75b98410 JavaThread "Memory manager" [_thread_blocked, id=23500, stack(0x000000fcba000000,0x000000fcba100000)]
  0x0000025a75b99750 JavaThread "included builds" [_thread_blocked, id=352, stack(0x000000fcba300000,0x000000fcba400000)]
  0x0000025a75b9aa90 JavaThread "Execution worker" [_thread_blocked, id=13112, stack(0x000000fcba400000,0x000000fcba500000)]
  0x0000025a75b970d0 JavaThread "Execution worker Thread 2" [_thread_blocked, id=29772, stack(0x000000fcba500000,0x000000fcba600000)]
  0x0000025a75b9a5c0 JavaThread "Execution worker Thread 3" [_thread_blocked, id=29052, stack(0x000000fcba600000,0x000000fcba700000)]
  0x0000025a75b98db0 JavaThread "Execution worker Thread 4" [_thread_blocked, id=21048, stack(0x000000fcba700000,0x000000fcba800000)]
  0x0000025a75b9af60 JavaThread "Execution worker Thread 5" [_thread_blocked, id=26112, stack(0x000000fcba800000,0x000000fcba900000)]
  0x0000025a75b940b0 JavaThread "Execution worker Thread 6" [_thread_blocked, id=22520, stack(0x000000fcba900000,0x000000fcbaa00000)]
  0x0000025a75b99280 JavaThread "Execution worker Thread 7" [_thread_blocked, id=29876, stack(0x000000fcbaa00000,0x000000fcbab00000)]
  0x0000025a75b99c20 JavaThread "Cache worker for execution history cache (C:\Users\kaan4\OneDrive\Belgeler\GitHub\EnvanterKontrolSistemi\.gradle\7.5\executionHistory)" [_thread_blocked, id=26472, stack(0x000000fcbab00000,0x000000fcbac00000)]
  0x0000025a75b97a70 JavaThread "Cache worker for Java compile cache (C:\Users\kaan4\.gradle\caches\7.5\javaCompile)" [_thread_blocked, id=30700, stack(0x000000fcbac00000,0x000000fcbad00000)]

Other Threads:
=>0x0000025a71c096d0 VMThread "VM Thread" [stack: 0x000000fcb1900000,0x000000fcb1a00000] [id=9544]
  0x0000025a5733f560 WatcherThread [stack: 0x000000fcb2500000,0x000000fcb2600000] [id=26448]
  0x0000025a572e7e90 GCTaskThread "GC Thread#0" [stack: 0x000000fcb1400000,0x000000fcb1500000] [id=17056]
  0x0000025a72c68a00 GCTaskThread "GC Thread#1" [stack: 0x000000fcb2700000,0x000000fcb2800000] [id=26644]
  0x0000025a72c68cb0 GCTaskThread "GC Thread#2" [stack: 0x000000fcb2800000,0x000000fcb2900000] [id=22004]
  0x0000025a72c6e830 GCTaskThread "GC Thread#3" [stack: 0x000000fcb2900000,0x000000fcb2a00000] [id=18000]
  0x0000025a72c6eae0 GCTaskThread "GC Thread#4" [stack: 0x000000fcb2a00000,0x000000fcb2b00000] [id=29344]
  0x0000025a72c8c640 GCTaskThread "GC Thread#5" [stack: 0x000000fcb2b00000,0x000000fcb2c00000] [id=20124]
  0x0000025a743be4a0 GCTaskThread "GC Thread#6" [stack: 0x000000fcb3900000,0x000000fcb3a00000] [id=11868]
  0x0000025a7351b040 GCTaskThread "GC Thread#7" [stack: 0x000000fcb3a00000,0x000000fcb3b00000] [id=1416]
  0x0000025a572f8f30 ConcurrentGCThread "G1 Main Marker" [stack: 0x000000fcb1500000,0x000000fcb1600000] [id=27760]
  0x0000025a572faf90 ConcurrentGCThread "G1 Conc#0" [stack: 0x000000fcb1600000,0x000000fcb1700000] [id=10284]
  0x0000025a734d4030 ConcurrentGCThread "G1 Conc#1" [stack: 0x000000fcb3b00000,0x000000fcb3c00000] [id=14160]
  0x0000025a5734d8e0 ConcurrentGCThread "G1 Refine#0" [stack: 0x000000fcb1700000,0x000000fcb1800000] [id=29708]
  0x0000025a7705f390 ConcurrentGCThread "G1 Refine#1" [stack: 0x000000fcba100000,0x000000fcba200000] [id=25036]
  0x0000025a7705e250 ConcurrentGCThread "G1 Refine#2" [stack: 0x000000fcba200000,0x000000fcba300000] [id=21688]
  0x0000025a5734e1a0 ConcurrentGCThread "G1 Service" [stack: 0x000000fcb1800000,0x000000fcb1900000] [id=13496]

Threads with active compile tasks:
C2 CompilerThread1    12311 9981       4       java.lang.ClassLoader::preDefineClass (118 bytes)
C2 CompilerThread2    12311 9983       4       java.lang.ClassLoader::checkCerts (121 bytes)

VM state: at safepoint (normal execution)

VM Mutex/Monitor currently owned by a thread:  ([mutex/lock_event])
[0x0000025a572863a0] Threads_lock - owner thread: 0x0000025a71c096d0
[0x0000025a57286f70] Heap_lock - owner thread: 0x0000025a75b99750

Heap address: 0x0000000080000000, size: 2048 MB, Compressed Oops mode: 32-bit

CDS archive(s) not mapped
Compressed class space mapped at: 0x0000000100000000-0x0000000140000000, reserved size: 1073741824
Narrow klass base: 0x0000000000000000, Narrow klass shift: 3, Narrow klass range: 0x140000000

GC Precious Log:
 CPUs: 8 total, 8 available
 Memory: 16220M
 Large Page Support: Disabled
 NUMA Support: Disabled
 Compressed Oops: Enabled (32-bit)
 Heap Region Size: 1M
 Heap Min Capacity: 8M
 Heap Initial Capacity: 254M
 Heap Max Capacity: 2G
 Pre-touch: Disabled
 Parallel Workers: 8
 Concurrent Workers: 2
 Concurrent Refinement Workers: 8
 Periodic GC: Disabled

Heap:
 garbage-first heap   total 218112K, used 80675K [0x0000000080000000, 0x0000000100000000)
  region size 1024K, 7 young (7168K), 7 survivors (7168K)
 Metaspace       used 89459K, committed 90048K, reserved 1130496K
  class space    used 12263K, committed 12544K, reserved 1048576K

Heap Regions: E=young(eden), S=young(survivor), O=old, HS=humongous(starts), HC=humongous(continues), CS=collection set, F=free, OA=open archive, CA=closed archive, TAMS=top-at-mark-start (previous, next)
|   0|0x0000000080000000, 0x0000000080100000, 0x0000000080100000|100%| O|  |TAMS 0x0000000080100000, 0x0000000080100000| Untracked 
|   1|0x0000000080100000, 0x0000000080200000, 0x0000000080200000|100%| O|  |TAMS 0x0000000080200000, 0x0000000080200000| Untracked 
|   2|0x0000000080200000, 0x0000000080300000, 0x0000000080300000|100%| O|  |TAMS 0x0000000080300000, 0x0000000080300000| Untracked 
|   3|0x0000000080300000, 0x0000000080400000, 0x0000000080400000|100%|HS|  |TAMS 0x0000000080400000, 0x0000000080400000| Complete 
|   4|0x0000000080400000, 0x0000000080500000, 0x0000000080500000|100%|HC|  |TAMS 0x0000000080500000, 0x0000000080500000| Complete 
|   5|0x0000000080500000, 0x0000000080600000, 0x0000000080600000|100%|HC|  |TAMS 0x0000000080600000, 0x0000000080600000| Complete 
|   6|0x0000000080600000, 0x0000000080700000, 0x0000000080700000|100%| O|  |TAMS 0x0000000080700000, 0x0000000080700000| Untracked 
|   7|0x0000000080700000, 0x0000000080800000, 0x0000000080800000|100%| O|  |TAMS 0x0000000080800000, 0x0000000080800000| Untracked 
|   8|0x0000000080800000, 0x0000000080900000, 0x0000000080900000|100%| O|  |TAMS 0x0000000080900000, 0x0000000080900000| Untracked 
|   9|0x0000000080900000, 0x0000000080a00000, 0x0000000080a00000|100%| O|  |TAMS 0x0000000080a00000, 0x0000000080a00000| Untracked 
|  10|0x0000000080a00000, 0x0000000080b00000, 0x0000000080b00000|100%| O|  |TAMS 0x0000000080b00000, 0x0000000080b00000| Untracked 
|  11|0x0000000080b00000, 0x0000000080c00000, 0x0000000080c00000|100%| O|  |TAMS 0x0000000080c00000, 0x0000000080c00000| Untracked 
|  12|0x0000000080c00000, 0x0000000080d00000, 0x0000000080d00000|100%| O|  |TAMS 0x0000000080d00000, 0x0000000080d00000| Untracked 
|  13|0x0000000080d00000, 0x0000000080e00000, 0x0000000080e00000|100%| O|  |TAMS 0x0000000080e00000, 0x0000000080e00000| Untracked 
|  14|0x0000000080e00000, 0x0000000080f00000, 0x0000000080f00000|100%| O|  |TAMS 0x0000000080f00000, 0x0000000080f00000| Untracked 
|  15|0x0000000080f00000, 0x0000000081000000, 0x0000000081000000|100%| O|  |TAMS 0x0000000081000000, 0x0000000081000000| Untracked 
|  16|0x0000000081000000, 0x0000000081100000, 0x0000000081100000|100%| O|  |TAMS 0x0000000081100000, 0x0000000081100000| Untracked 
|  17|0x0000000081100000, 0x0000000081200000, 0x0000000081200000|100%| O|  |TAMS 0x0000000081200000, 0x0000000081200000| Untracked 
|  18|0x0000000081200000, 0x0000000081300000, 0x0000000081300000|100%| O|  |TAMS 0x0000000081300000, 0x0000000081300000| Untracked 
|  19|0x0000000081300000, 0x0000000081400000, 0x0000000081400000|100%| O|  |TAMS 0x0000000081400000, 0x0000000081400000| Untracked 
|  20|0x0000000081400000, 0x0000000081500000, 0x0000000081500000|100%| O|  |TAMS 0x0000000081500000, 0x0000000081500000| Untracked 
|  21|0x0000000081500000, 0x0000000081600000, 0x0000000081600000|100%| O|  |TAMS 0x0000000081500000, 0x0000000081600000| Untracked 
|  22|0x0000000081600000, 0x0000000081700000, 0x0000000081700000|100%| O|  |TAMS 0x0000000081700000, 0x0000000081700000| Untracked 
|  23|0x0000000081700000, 0x0000000081800000, 0x0000000081800000|100%| O|  |TAMS 0x0000000081800000, 0x0000000081800000| Untracked 
|  24|0x0000000081800000, 0x0000000081900000, 0x0000000081900000|100%| O|  |TAMS 0x0000000081900000, 0x0000000081900000| Untracked 
|  25|0x0000000081900000, 0x0000000081a00000, 0x0000000081a00000|100%|HS|  |TAMS 0x0000000081a00000, 0x0000000081a00000| Complete 
|  26|0x0000000081a00000, 0x0000000081b00000, 0x0000000081b00000|100%| O|  |TAMS 0x0000000081b00000, 0x0000000081b00000| Untracked 
|  27|0x0000000081b00000, 0x0000000081c00000, 0x0000000081c00000|100%| O|  |TAMS 0x0000000081c00000, 0x0000000081c00000| Untracked 
|  28|0x0000000081c00000, 0x0000000081d00000, 0x0000000081d00000|100%| O|  |TAMS 0x0000000081d00000, 0x0000000081d00000| Untracked 
|  29|0x0000000081d00000, 0x0000000081e00000, 0x0000000081e00000|100%|HS|  |TAMS 0x0000000081e00000, 0x0000000081e00000| Complete 
|  30|0x0000000081e00000, 0x0000000081f00000, 0x0000000081f00000|100%| O|  |TAMS 0x0000000081e00000, 0x0000000081f00000| Untracked 
|  31|0x0000000081f00000, 0x0000000082000000, 0x0000000082000000|100%| O|  |TAMS 0x0000000081f00000, 0x0000000082000000| Untracked 
|  32|0x0000000082000000, 0x0000000082100000, 0x0000000082100000|100%|HS|  |TAMS 0x0000000082100000, 0x0000000082100000| Complete 
|  33|0x0000000082100000, 0x0000000082200000, 0x0000000082200000|100%| O|  |TAMS 0x0000000082100000, 0x0000000082200000| Untracked 
|  34|0x0000000082200000, 0x0000000082300000, 0x0000000082300000|100%| O|  |TAMS 0x0000000082200000, 0x0000000082300000| Untracked 
|  35|0x0000000082300000, 0x0000000082400000, 0x0000000082400000|100%| O|  |TAMS 0x0000000082400000, 0x0000000082400000| Untracked 
|  36|0x0000000082400000, 0x0000000082500000, 0x0000000082500000|100%| O|  |TAMS 0x0000000082500000, 0x0000000082500000| Untracked 
|  37|0x0000000082500000, 0x0000000082600000, 0x0000000082600000|100%| O|  |TAMS 0x0000000082600000, 0x0000000082600000| Untracked 
|  38|0x0000000082600000, 0x0000000082700000, 0x0000000082700000|100%| O|  |TAMS 0x0000000082700000, 0x0000000082700000| Untracked 
|  39|0x0000000082700000, 0x0000000082800000, 0x0000000082800000|100%| O|  |TAMS 0x0000000082800000, 0x0000000082800000| Untracked 
|  40|0x0000000082800000, 0x0000000082900000, 0x0000000082900000|100%| O|  |TAMS 0x0000000082900000, 0x0000000082900000| Untracked 
|  41|0x0000000082900000, 0x0000000082a00000, 0x0000000082a00000|100%| O|  |TAMS 0x0000000082a00000, 0x0000000082a00000| Untracked 
|  42|0x0000000082a00000, 0x0000000082b00000, 0x0000000082b00000|100%| O|  |TAMS 0x0000000082a00000, 0x0000000082b00000| Untracked 
|  43|0x0000000082b00000, 0x0000000082c00000, 0x0000000082c00000|100%| O|  |TAMS 0x0000000082c00000, 0x0000000082c00000| Untracked 
|  44|0x0000000082c00000, 0x0000000082d00000, 0x0000000082d00000|100%| O|  |TAMS 0x0000000082d00000, 0x0000000082d00000| Untracked 
|  45|0x0000000082d00000, 0x0000000082e00000, 0x0000000082e00000|100%| O|  |TAMS 0x0000000082e00000, 0x0000000082e00000| Untracked 
|  46|0x0000000082e00000, 0x0000000082f00000, 0x0000000082f00000|100%| O|  |TAMS 0x0000000082f00000, 0x0000000082f00000| Untracked 
|  47|0x0000000082f00000, 0x0000000083000000, 0x0000000083000000|100%| O|  |TAMS 0x0000000083000000, 0x0000000083000000| Untracked 
|  48|0x0000000083000000, 0x0000000083100000, 0x0000000083100000|100%| O|  |TAMS 0x0000000083100000, 0x0000000083100000| Untracked 
|  49|0x0000000083100000, 0x0000000083200000, 0x0000000083200000|100%| O|  |TAMS 0x0000000083200000, 0x0000000083200000| Untracked 
|  50|0x0000000083200000, 0x0000000083300000, 0x0000000083300000|100%| O|  |TAMS 0x0000000083300000, 0x0000000083300000| Untracked 
|  51|0x0000000083300000, 0x0000000083400000, 0x0000000083400000|100%| O|  |TAMS 0x0000000083400000, 0x0000000083400000| Untracked 
|  52|0x0000000083400000, 0x0000000083500000, 0x0000000083500000|100%| O|  |TAMS 0x00000000834fb800, 0x0000000083500000| Untracked 
|  53|0x0000000083500000, 0x0000000083600000, 0x0000000083600000|100%| O|  |TAMS 0x0000000083500000, 0x0000000083600000| Untracked 
|  54|0x0000000083600000, 0x0000000083700000, 0x0000000083700000|100%| O|  |TAMS 0x0000000083600000, 0x0000000083700000| Untracked 
|  55|0x0000000083700000, 0x0000000083800000, 0x0000000083800000|100%| O|  |TAMS 0x0000000083700000, 0x0000000083800000| Untracked 
|  56|0x0000000083800000, 0x0000000083900000, 0x0000000083900000|100%| O|  |TAMS 0x0000000083800000, 0x0000000083900000| Untracked 
|  57|0x0000000083900000, 0x0000000083a00000, 0x0000000083a00000|100%| O|  |TAMS 0x0000000083900000, 0x0000000083a00000| Untracked 
|  58|0x0000000083a00000, 0x0000000083b00000, 0x0000000083b00000|100%| O|  |TAMS 0x0000000083a00000, 0x0000000083b00000| Untracked 
|  59|0x0000000083b00000, 0x0000000083c00000, 0x0000000083c00000|100%| O|  |TAMS 0x0000000083b00000, 0x0000000083c00000| Untracked 
|  60|0x0000000083c00000, 0x0000000083d00000, 0x0000000083d00000|100%| O|  |TAMS 0x0000000083c00000, 0x0000000083d00000| Untracked 
|  61|0x0000000083d00000, 0x0000000083e00000, 0x0000000083e00000|100%| O|  |TAMS 0x0000000083d00000, 0x0000000083e00000| Untracked 
|  62|0x0000000083e00000, 0x0000000083f00000, 0x0000000083f00000|100%| O|  |TAMS 0x0000000083e00000, 0x0000000083f00000| Untracked 
|  63|0x0000000083f00000, 0x0000000084000000, 0x0000000084000000|100%| O|  |TAMS 0x0000000083f00000, 0x0000000084000000| Untracked 
|  64|0x0000000084000000, 0x0000000084100000, 0x0000000084100000|100%| O|  |TAMS 0x0000000084000000, 0x0000000084100000| Untracked 
|  65|0x0000000084100000, 0x0000000084200000, 0x0000000084200000|100%| O|  |TAMS 0x0000000084100000, 0x0000000084200000| Untracked 
|  66|0x0000000084200000, 0x0000000084300000, 0x0000000084300000|100%| O|  |TAMS 0x0000000084200000, 0x0000000084300000| Untracked 
|  67|0x0000000084300000, 0x0000000084400000, 0x0000000084400000|100%| O|  |TAMS 0x0000000084300000, 0x0000000084400000| Untracked 
|  68|0x0000000084400000, 0x0000000084500000, 0x0000000084500000|100%| O|  |TAMS 0x0000000084400000, 0x0000000084500000| Untracked 
|  69|0x0000000084500000, 0x0000000084600000, 0x0000000084600000|100%| O|  |TAMS 0x0000000084500000, 0x0000000084600000| Untracked 
|  70|0x0000000084600000, 0x0000000084700000, 0x0000000084700000|100%| O|  |TAMS 0x0000000084600000, 0x0000000084700000| Untracked 
|  71|0x0000000084700000, 0x0000000084800000, 0x0000000084800000|100%| O|  |TAMS 0x0000000084700000, 0x0000000084800000| Untracked 
|  72|0x0000000084800000, 0x0000000084890000, 0x0000000084900000| 56%| O|  |TAMS 0x0000000084800000, 0x0000000084890000| Untracked 
|  73|0x0000000084900000, 0x0000000084900000, 0x0000000084a00000|  0%| F|  |TAMS 0x0000000084900000, 0x0000000084900000| Untracked 
|  74|0x0000000084a00000, 0x0000000084a00000, 0x0000000084b00000|  0%| F|  |TAMS 0x0000000084a00000, 0x0000000084a00000| Untracked 
|  75|0x0000000084b00000, 0x0000000084b00000, 0x0000000084c00000|  0%| F|  |TAMS 0x0000000084b00000, 0x0000000084b00000| Untracked 
|  76|0x0000000084c00000, 0x0000000084c00000, 0x0000000084d00000|  0%| F|  |TAMS 0x0000000084c00000, 0x0000000084c00000| Untracked 
|  77|0x0000000084d00000, 0x0000000084d00000, 0x0000000084e00000|  0%| F|  |TAMS 0x0000000084d00000, 0x0000000084d00000| Untracked 
|  78|0x0000000084e00000, 0x0000000084e00000, 0x0000000084f00000|  0%| F|  |TAMS 0x0000000084e00000, 0x0000000084e00000| Untracked 
|  79|0x0000000084f00000, 0x0000000084f00000, 0x0000000085000000|  0%| F|  |TAMS 0x0000000084f00000, 0x0000000084f00000| Untracked 
|  80|0x0000000085000000, 0x0000000085000000, 0x0000000085100000|  0%| F|  |TAMS 0x0000000085000000, 0x0000000085000000| Untracked 
|  81|0x0000000085100000, 0x0000000085100000, 0x0000000085200000|  0%| F|  |TAMS 0x0000000085100000, 0x0000000085100000| Untracked 
|  82|0x0000000085200000, 0x0000000085200000, 0x0000000085300000|  0%| F|  |TAMS 0x0000000085200000, 0x0000000085200000| Untracked 
|  83|0x0000000085300000, 0x0000000085300000, 0x0000000085400000|  0%| F|  |TAMS 0x0000000085300000, 0x0000000085300000| Untracked 
|  84|0x0000000085400000, 0x0000000085400000, 0x0000000085500000|  0%| F|  |TAMS 0x0000000085400000, 0x0000000085400000| Untracked 
|  85|0x0000000085500000, 0x0000000085500000, 0x0000000085600000|  0%| F|  |TAMS 0x0000000085500000, 0x0000000085500000| Untracked 
|  86|0x0000000085600000, 0x0000000085600000, 0x0000000085700000|  0%| F|  |TAMS 0x0000000085600000, 0x0000000085600000| Untracked 
|  87|0x0000000085700000, 0x0000000085700000, 0x0000000085800000|  0%| F|  |TAMS 0x0000000085700000, 0x0000000085700000| Untracked 
|  88|0x0000000085800000, 0x0000000085800000, 0x0000000085900000|  0%| F|  |TAMS 0x0000000085800000, 0x0000000085800000| Untracked 
|  89|0x0000000085900000, 0x0000000085900000, 0x0000000085a00000|  0%| F|  |TAMS 0x0000000085900000, 0x0000000085900000| Untracked 
|  90|0x0000000085a00000, 0x0000000085a00000, 0x0000000085b00000|  0%| F|  |TAMS 0x0000000085a00000, 0x0000000085a00000| Untracked 
|  91|0x0000000085b00000, 0x0000000085b00000, 0x0000000085c00000|  0%| F|  |TAMS 0x0000000085b00000, 0x0000000085b00000| Untracked 
|  92|0x0000000085c00000, 0x0000000085c00000, 0x0000000085d00000|  0%| F|  |TAMS 0x0000000085c00000, 0x0000000085c00000| Untracked 
|  93|0x0000000085d00000, 0x0000000085d00000, 0x0000000085e00000|  0%| F|  |TAMS 0x0000000085d00000, 0x0000000085d00000| Untracked 
|  94|0x0000000085e00000, 0x0000000085e00000, 0x0000000085f00000|  0%| F|  |TAMS 0x0000000085e00000, 0x0000000085e00000| Untracked 
|  95|0x0000000085f00000, 0x0000000085f00000, 0x0000000086000000|  0%| F|  |TAMS 0x0000000085f00000, 0x0000000085f00000| Untracked 
|  96|0x0000000086000000, 0x0000000086000000, 0x0000000086100000|  0%| F|  |TAMS 0x0000000086000000, 0x0000000086000000| Untracked 
|  97|0x0000000086100000, 0x0000000086138ca0, 0x0000000086200000| 22%| S|CS|TAMS 0x0000000086100000, 0x0000000086100000| Complete 
|  98|0x0000000086200000, 0x0000000086300000, 0x0000000086300000|100%| S|CS|TAMS 0x0000000086200000, 0x0000000086200000| Complete 
|  99|0x0000000086300000, 0x0000000086400000, 0x0000000086400000|100%| S|CS|TAMS 0x0000000086300000, 0x0000000086300000| Complete 
| 100|0x0000000086400000, 0x0000000086500000, 0x0000000086500000|100%| S|CS|TAMS 0x0000000086400000, 0x0000000086400000| Complete 
| 101|0x0000000086500000, 0x0000000086600000, 0x0000000086600000|100%| S|CS|TAMS 0x0000000086500000, 0x0000000086500000| Complete 
| 102|0x0000000086600000, 0x0000000086600000, 0x0000000086700000|  0%| F|  |TAMS 0x0000000086600000, 0x0000000086600000| Untracked 
| 103|0x0000000086700000, 0x0000000086700000, 0x0000000086800000|  0%| F|  |TAMS 0x0000000086700000, 0x0000000086700000| Untracked 
| 104|0x0000000086800000, 0x0000000086800000, 0x0000000086900000|  0%| F|  |TAMS 0x0000000086800000, 0x0000000086800000| Untracked 
| 105|0x0000000086900000, 0x0000000086900000, 0x0000000086a00000|  0%| F|  |TAMS 0x0000000086900000, 0x0000000086900000| Untracked 
| 106|0x0000000086a00000, 0x0000000086b00000, 0x0000000086b00000|100%| S|CS|TAMS 0x0000000086a00000, 0x0000000086a00000| Complete 
| 107|0x0000000086b00000, 0x0000000086c00000, 0x0000000086c00000|100%| S|CS|TAMS 0x0000000086b00000, 0x0000000086b00000| Complete 
| 108|0x0000000086c00000, 0x0000000086c00000, 0x0000000086d00000|  0%| F|  |TAMS 0x0000000086c00000, 0x0000000086c00000| Untracked 
| 109|0x0000000086d00000, 0x0000000086d00000, 0x0000000086e00000|  0%| F|  |TAMS 0x0000000086d00000, 0x0000000086d00000| Untracked 
| 110|0x0000000086e00000, 0x0000000086e00000, 0x0000000086f00000|  0%| F|  |TAMS 0x0000000086e00000, 0x0000000086e00000| Untracked 
| 111|0x0000000086f00000, 0x0000000086f00000, 0x0000000087000000|  0%| F|  |TAMS 0x0000000086f00000, 0x0000000086f00000| Untracked 
| 112|0x0000000087000000, 0x0000000087000000, 0x0000000087100000|  0%| F|  |TAMS 0x0000000087000000, 0x0000000087000000| Untracked 
| 113|0x0000000087100000, 0x0000000087100000, 0x0000000087200000|  0%| F|  |TAMS 0x0000000087100000, 0x0000000087100000| Untracked 
| 114|0x0000000087200000, 0x0000000087200000, 0x0000000087300000|  0%| F|  |TAMS 0x0000000087200000, 0x0000000087200000| Untracked 
| 115|0x0000000087300000, 0x0000000087300000, 0x0000000087400000|  0%| F|  |TAMS 0x0000000087300000, 0x0000000087300000| Untracked 
| 116|0x0000000087400000, 0x0000000087400000, 0x0000000087500000|  0%| F|  |TAMS 0x0000000087400000, 0x0000000087400000| Untracked 
| 117|0x0000000087500000, 0x0000000087500000, 0x0000000087600000|  0%| F|  |TAMS 0x0000000087500000, 0x0000000087500000| Untracked 
| 118|0x0000000087600000, 0x0000000087600000, 0x0000000087700000|  0%| F|  |TAMS 0x0000000087600000, 0x0000000087600000| Untracked 
| 119|0x0000000087700000, 0x0000000087700000, 0x0000000087800000|  0%| F|  |TAMS 0x0000000087700000, 0x0000000087700000| Untracked 
| 120|0x0000000087800000, 0x0000000087800000, 0x0000000087900000|  0%| F|  |TAMS 0x0000000087800000, 0x0000000087800000| Untracked 
| 121|0x0000000087900000, 0x0000000087900000, 0x0000000087a00000|  0%| F|  |TAMS 0x0000000087900000, 0x0000000087900000| Untracked 
| 122|0x0000000087a00000, 0x0000000087a00000, 0x0000000087b00000|  0%| F|  |TAMS 0x0000000087a00000, 0x0000000087a00000| Untracked 
| 123|0x0000000087b00000, 0x0000000087b00000, 0x0000000087c00000|  0%| F|  |TAMS 0x0000000087b00000, 0x0000000087b00000| Untracked 
| 124|0x0000000087c00000, 0x0000000087c00000, 0x0000000087d00000|  0%| F|  |TAMS 0x0000000087c00000, 0x0000000087c00000| Untracked 
| 125|0x0000000087d00000, 0x0000000087d00000, 0x0000000087e00000|  0%| F|  |TAMS 0x0000000087d00000, 0x0000000087d00000| Untracked 
| 126|0x0000000087e00000, 0x0000000087e00000, 0x0000000087f00000|  0%| F|  |TAMS 0x0000000087e00000, 0x0000000087e00000| Untracked 
| 127|0x0000000087f00000, 0x0000000087f00000, 0x0000000088000000|  0%| F|  |TAMS 0x0000000087f00000, 0x0000000087f00000| Untracked 
| 128|0x0000000088000000, 0x0000000088000000, 0x0000000088100000|  0%| F|  |TAMS 0x0000000088000000, 0x0000000088000000| Untracked 
| 129|0x0000000088100000, 0x0000000088100000, 0x0000000088200000|  0%| F|  |TAMS 0x0000000088100000, 0x0000000088100000| Untracked 
| 130|0x0000000088200000, 0x0000000088200000, 0x0000000088300000|  0%| F|  |TAMS 0x0000000088200000, 0x0000000088200000| Untracked 
| 131|0x0000000088300000, 0x0000000088300000, 0x0000000088400000|  0%| F|  |TAMS 0x0000000088300000, 0x0000000088300000| Untracked 
| 132|0x0000000088400000, 0x0000000088400000, 0x0000000088500000|  0%| F|  |TAMS 0x0000000088400000, 0x0000000088400000| Untracked 
| 133|0x0000000088500000, 0x0000000088500000, 0x0000000088600000|  0%| F|  |TAMS 0x0000000088500000, 0x0000000088500000| Untracked 
| 134|0x0000000088600000, 0x0000000088600000, 0x0000000088700000|  0%| F|  |TAMS 0x0000000088600000, 0x0000000088600000| Untracked 
| 135|0x0000000088700000, 0x0000000088700000, 0x0000000088800000|  0%| F|  |TAMS 0x0000000088700000, 0x0000000088700000| Untracked 
| 136|0x0000000088800000, 0x0000000088800000, 0x0000000088900000|  0%| F|  |TAMS 0x0000000088800000, 0x0000000088800000| Untracked 
| 137|0x0000000088900000, 0x0000000088900000, 0x0000000088a00000|  0%| F|  |TAMS 0x0000000088900000, 0x0000000088900000| Untracked 
| 138|0x0000000088a00000, 0x0000000088a00000, 0x0000000088b00000|  0%| F|  |TAMS 0x0000000088a00000, 0x0000000088a00000| Untracked 
| 139|0x0000000088b00000, 0x0000000088b00000, 0x0000000088c00000|  0%| F|  |TAMS 0x0000000088b00000, 0x0000000088b00000| Untracked 
| 140|0x0000000088c00000, 0x0000000088c00000, 0x0000000088d00000|  0%| F|  |TAMS 0x0000000088c00000, 0x0000000088c00000| Untracked 
| 141|0x0000000088d00000, 0x0000000088d00000, 0x0000000088e00000|  0%| F|  |TAMS 0x0000000088d00000, 0x0000000088d00000| Untracked 
| 142|0x0000000088e00000, 0x0000000088e00000, 0x0000000088f00000|  0%| F|  |TAMS 0x0000000088e00000, 0x0000000088e00000| Untracked 
| 143|0x0000000088f00000, 0x0000000088f00000, 0x0000000089000000|  0%| F|  |TAMS 0x0000000088f00000, 0x0000000088f00000| Untracked 
| 144|0x0000000089000000, 0x0000000089000000, 0x0000000089100000|  0%| F|  |TAMS 0x0000000089000000, 0x0000000089000000| Untracked 
| 145|0x0000000089100000, 0x0000000089100000, 0x0000000089200000|  0%| F|  |TAMS 0x0000000089100000, 0x0000000089100000| Untracked 
| 146|0x0000000089200000, 0x0000000089200000, 0x0000000089300000|  0%| F|  |TAMS 0x0000000089200000, 0x0000000089200000| Untracked 
| 147|0x0000000089300000, 0x0000000089300000, 0x0000000089400000|  0%| F|  |TAMS 0x0000000089300000, 0x0000000089300000| Untracked 
| 148|0x0000000089400000, 0x0000000089400000, 0x0000000089500000|  0%| F|  |TAMS 0x0000000089400000, 0x0000000089400000| Untracked 
| 149|0x0000000089500000, 0x0000000089500000, 0x0000000089600000|  0%| F|  |TAMS 0x0000000089500000, 0x0000000089500000| Untracked 
| 150|0x0000000089600000, 0x0000000089600000, 0x0000000089700000|  0%| F|  |TAMS 0x0000000089600000, 0x0000000089600000| Untracked 
| 151|0x0000000089700000, 0x0000000089700000, 0x0000000089800000|  0%| F|  |TAMS 0x0000000089700000, 0x0000000089700000| Untracked 
| 152|0x0000000089800000, 0x0000000089800000, 0x0000000089900000|  0%| F|  |TAMS 0x0000000089800000, 0x0000000089800000| Untracked 
| 153|0x0000000089900000, 0x0000000089900000, 0x0000000089a00000|  0%| F|  |TAMS 0x0000000089900000, 0x0000000089900000| Untracked 
| 154|0x0000000089a00000, 0x0000000089a00000, 0x0000000089b00000|  0%| F|  |TAMS 0x0000000089a00000, 0x0000000089a00000| Untracked 
| 155|0x0000000089b00000, 0x0000000089b00000, 0x0000000089c00000|  0%| F|  |TAMS 0x0000000089b00000, 0x0000000089b00000| Untracked 
| 156|0x0000000089c00000, 0x0000000089c00000, 0x0000000089d00000|  0%| F|  |TAMS 0x0000000089c00000, 0x0000000089c00000| Untracked 
| 157|0x0000000089d00000, 0x0000000089d00000, 0x0000000089e00000|  0%| F|  |TAMS 0x0000000089d00000, 0x0000000089d00000| Untracked 
| 158|0x0000000089e00000, 0x0000000089e00000, 0x0000000089f00000|  0%| F|  |TAMS 0x0000000089e00000, 0x0000000089e00000| Untracked 
| 159|0x0000000089f00000, 0x0000000089f00000, 0x000000008a000000|  0%| F|  |TAMS 0x0000000089f00000, 0x0000000089f00000| Untracked 
| 160|0x000000008a000000, 0x000000008a000000, 0x000000008a100000|  0%| F|  |TAMS 0x000000008a000000, 0x000000008a000000| Untracked 
| 161|0x000000008a100000, 0x000000008a100000, 0x000000008a200000|  0%| F|  |TAMS 0x000000008a100000, 0x000000008a100000| Untracked 
| 162|0x000000008a200000, 0x000000008a200000, 0x000000008a300000|  0%| F|  |TAMS 0x000000008a200000, 0x000000008a200000| Untracked 
| 163|0x000000008a300000, 0x000000008a300000, 0x000000008a400000|  0%| F|  |TAMS 0x000000008a300000, 0x000000008a300000| Untracked 
| 164|0x000000008a400000, 0x000000008a400000, 0x000000008a500000|  0%| F|  |TAMS 0x000000008a400000, 0x000000008a400000| Untracked 
| 165|0x000000008a500000, 0x000000008a500000, 0x000000008a600000|  0%| F|  |TAMS 0x000000008a500000, 0x000000008a500000| Untracked 
| 166|0x000000008a600000, 0x000000008a600000, 0x000000008a700000|  0%| F|  |TAMS 0x000000008a600000, 0x000000008a600000| Untracked 
| 167|0x000000008a700000, 0x000000008a700000, 0x000000008a800000|  0%| F|  |TAMS 0x000000008a700000, 0x000000008a700000| Untracked 
| 168|0x000000008a800000, 0x000000008a800000, 0x000000008a900000|  0%| F|  |TAMS 0x000000008a800000, 0x000000008a800000| Untracked 
| 169|0x000000008a900000, 0x000000008a900000, 0x000000008aa00000|  0%| F|  |TAMS 0x000000008a900000, 0x000000008a900000| Untracked 
| 170|0x000000008aa00000, 0x000000008aa00000, 0x000000008ab00000|  0%| F|  |TAMS 0x000000008aa00000, 0x000000008aa00000| Untracked 
| 171|0x000000008ab00000, 0x000000008ab00000, 0x000000008ac00000|  0%| F|  |TAMS 0x000000008ab00000, 0x000000008ab00000| Untracked 
| 172|0x000000008ac00000, 0x000000008ac00000, 0x000000008ad00000|  0%| F|  |TAMS 0x000000008ac00000, 0x000000008ac00000| Untracked 
| 173|0x000000008ad00000, 0x000000008ad00000, 0x000000008ae00000|  0%| F|  |TAMS 0x000000008ad00000, 0x000000008ad00000| Untracked 
| 174|0x000000008ae00000, 0x000000008ae00000, 0x000000008af00000|  0%| F|  |TAMS 0x000000008ae00000, 0x000000008ae00000| Untracked 
| 175|0x000000008af00000, 0x000000008af00000, 0x000000008b000000|  0%| F|  |TAMS 0x000000008af00000, 0x000000008af00000| Untracked 
| 176|0x000000008b000000, 0x000000008b000000, 0x000000008b100000|  0%| F|  |TAMS 0x000000008b000000, 0x000000008b000000| Untracked 
| 177|0x000000008b100000, 0x000000008b100000, 0x000000008b200000|  0%| F|  |TAMS 0x000000008b100000, 0x000000008b100000| Untracked 
| 178|0x000000008b200000, 0x000000008b200000, 0x000000008b300000|  0%| F|  |TAMS 0x000000008b200000, 0x000000008b200000| Untracked 
| 179|0x000000008b300000, 0x000000008b300000, 0x000000008b400000|  0%| F|  |TAMS 0x000000008b300000, 0x000000008b300000| Untracked 
| 180|0x000000008b400000, 0x000000008b400000, 0x000000008b500000|  0%| F|  |TAMS 0x000000008b400000, 0x000000008b400000| Untracked 
| 181|0x000000008b500000, 0x000000008b500000, 0x000000008b600000|  0%| F|  |TAMS 0x000000008b500000, 0x000000008b500000| Untracked 
| 182|0x000000008b600000, 0x000000008b600000, 0x000000008b700000|  0%| F|  |TAMS 0x000000008b600000, 0x000000008b600000| Untracked 
| 183|0x000000008b700000, 0x000000008b700000, 0x000000008b800000|  0%| F|  |TAMS 0x000000008b700000, 0x000000008b700000| Untracked 
| 184|0x000000008b800000, 0x000000008b800000, 0x000000008b900000|  0%| F|  |TAMS 0x000000008b800000, 0x000000008b800000| Untracked 
| 185|0x000000008b900000, 0x000000008b900000, 0x000000008ba00000|  0%| F|  |TAMS 0x000000008b900000, 0x000000008b900000| Untracked 
| 186|0x000000008ba00000, 0x000000008ba00000, 0x000000008bb00000|  0%| F|  |TAMS 0x000000008ba00000, 0x000000008ba00000| Untracked 
| 187|0x000000008bb00000, 0x000000008bb00000, 0x000000008bc00000|  0%| F|  |TAMS 0x000000008bb00000, 0x000000008bb00000| Untracked 
| 188|0x000000008bc00000, 0x000000008bc00000, 0x000000008bd00000|  0%| F|  |TAMS 0x000000008bc00000, 0x000000008bc00000| Untracked 
| 189|0x000000008bd00000, 0x000000008bd00000, 0x000000008be00000|  0%| F|  |TAMS 0x000000008bd00000, 0x000000008bd00000| Untracked 
| 190|0x000000008be00000, 0x000000008be00000, 0x000000008bf00000|  0%| F|  |TAMS 0x000000008be00000, 0x000000008be00000| Untracked 
| 191|0x000000008bf00000, 0x000000008bf00000, 0x000000008c000000|  0%| F|  |TAMS 0x000000008bf00000, 0x000000008bf00000| Untracked 
| 192|0x000000008c000000, 0x000000008c000000, 0x000000008c100000|  0%| F|  |TAMS 0x000000008c000000, 0x000000008c000000| Untracked 
| 193|0x000000008c100000, 0x000000008c100000, 0x000000008c200000|  0%| F|  |TAMS 0x000000008c100000, 0x000000008c100000| Untracked 
| 194|0x000000008c200000, 0x000000008c200000, 0x000000008c300000|  0%| F|  |TAMS 0x000000008c200000, 0x000000008c200000| Untracked 
| 195|0x000000008c300000, 0x000000008c300000, 0x000000008c400000|  0%| F|  |TAMS 0x000000008c300000, 0x000000008c300000| Untracked 
| 196|0x000000008c400000, 0x000000008c400000, 0x000000008c500000|  0%| F|  |TAMS 0x000000008c400000, 0x000000008c400000| Untracked 
| 197|0x000000008c500000, 0x000000008c500000, 0x000000008c600000|  0%| F|  |TAMS 0x000000008c500000, 0x000000008c500000| Untracked 
| 198|0x000000008c600000, 0x000000008c600000, 0x000000008c700000|  0%| F|  |TAMS 0x000000008c600000, 0x000000008c600000| Untracked 
| 199|0x000000008c700000, 0x000000008c700000, 0x000000008c800000|  0%| F|  |TAMS 0x000000008c700000, 0x000000008c700000| Untracked 
| 200|0x000000008c800000, 0x000000008c800000, 0x000000008c900000|  0%| F|  |TAMS 0x000000008c800000, 0x000000008c800000| Untracked 
| 201|0x000000008c900000, 0x000000008c900000, 0x000000008ca00000|  0%| F|  |TAMS 0x000000008c900000, 0x000000008c900000| Untracked 
| 202|0x000000008ca00000, 0x000000008ca00000, 0x000000008cb00000|  0%| F|  |TAMS 0x000000008ca00000, 0x000000008ca00000| Untracked 
| 203|0x000000008cb00000, 0x000000008cb00000, 0x000000008cc00000|  0%| F|  |TAMS 0x000000008cb00000, 0x000000008cb00000| Untracked 
| 204|0x000000008cc00000, 0x000000008cc00000, 0x000000008cd00000|  0%| F|  |TAMS 0x000000008cc00000, 0x000000008cc00000| Untracked 
| 205|0x000000008cd00000, 0x000000008cd00000, 0x000000008ce00000|  0%| F|  |TAMS 0x000000008cd00000, 0x000000008cd00000| Untracked 
| 206|0x000000008ce00000, 0x000000008ce00000, 0x000000008cf00000|  0%| F|  |TAMS 0x000000008ce00000, 0x000000008ce00000| Untracked 
| 207|0x000000008cf00000, 0x000000008cf00000, 0x000000008d000000|  0%| F|  |TAMS 0x000000008cf00000, 0x000000008cf00000| Untracked 
| 208|0x000000008d000000, 0x000000008d000000, 0x000000008d100000|  0%| F|  |TAMS 0x000000008d000000, 0x000000008d000000| Untracked 
| 209|0x000000008d100000, 0x000000008d100000, 0x000000008d200000|  0%| F|  |TAMS 0x000000008d100000, 0x000000008d100000| Untracked 
| 210|0x000000008d200000, 0x000000008d200000, 0x000000008d300000|  0%| F|  |TAMS 0x000000008d200000, 0x000000008d200000| Untracked 
| 211|0x000000008d300000, 0x000000008d300000, 0x000000008d400000|  0%| F|  |TAMS 0x000000008d300000, 0x000000008d300000| Untracked 
| 253|0x000000008fd00000, 0x000000008fd00000, 0x000000008fe00000|  0%| F|  |TAMS 0x000000008fd00000, 0x000000008fd00000| Untracked 

Card table byte_map: [0x0000025a69e80000,0x0000025a6a280000] _byte_map_base: 0x0000025a69a80000

Marking Bits (Prev, Next): (CMBitMap*) 0x0000025a572e84a0, (CMBitMap*) 0x0000025a572e84e0
 Prev Bits: [0x0000025a6a680000, 0x0000025a6c680000)
 Next Bits: [0x0000025a6c680000, 0x0000025a6e680000)

Polling page: 0x0000025a55220000

Metaspace:

Usage:
  Non-class:     75.39 MB used.
      Class:     11.98 MB used.
       Both:     87.36 MB used.

Virtual space:
  Non-class space:       80.00 MB reserved,      75.69 MB ( 95%) committed,  10 nodes.
      Class space:        1.00 GB reserved,      12.25 MB (  1%) committed,  1 nodes.
             Both:        1.08 GB reserved,      87.94 MB (  8%) committed. 

Chunk freelists:
   Non-Class:  3.89 MB
       Class:  3.72 MB
        Both:  7.61 MB

MaxMetaspaceSize: unlimited
CompressedClassSpaceSize: 1.00 GB
Initial GC threshold: 21.00 MB
Current GC threshold: 109.31 MB
CDS: off
MetaspaceReclaimPolicy: balanced
 - commit_granule_bytes: 65536.
 - commit_granule_words: 8192.
 - virtual_space_node_default_size: 1048576.
 - enlarge_chunks_in_place: 1.
 - new_chunks_are_fully_committed: 0.
 - uncommit_free_chunks: 1.
 - use_allocation_guard: 0.
 - handle_deallocations: 1.


Internal statistics:

num_allocs_failed_limit: 12.
num_arena_births: 850.
num_arena_deaths: 0.
num_vsnodes_births: 11.
num_vsnodes_deaths: 0.
num_space_committed: 1407.
num_space_uncommitted: 0.
num_chunks_returned_to_freelist: 12.
num_chunks_taken_from_freelist: 4105.
num_chunk_merges: 6.
num_chunk_splits: 2685.
num_chunks_enlarged: 1770.
num_purges: 0.
num_inconsistent_stats: 0.

CodeHeap 'non-profiled nmethods': size=120000Kb used=5836Kb max_used=5836Kb free=114164Kb
 bounds [0x0000025a62220000, 0x0000025a627e0000, 0x0000025a69750000]
CodeHeap 'profiled nmethods': size=120000Kb used=17963Kb max_used=17963Kb free=102036Kb
 bounds [0x0000025a5a750000, 0x0000025a5b8e0000, 0x0000025a61c80000]
CodeHeap 'non-nmethods': size=5760Kb used=2373Kb max_used=2493Kb free=3386Kb
 bounds [0x0000025a61c80000, 0x0000025a61f00000, 0x0000025a62220000]
 total_blobs=10009 nmethods=9103 adapters=818
 compilation: enabled
              stopped_count=0, restarted_count=0
 full_count=0

Compilation events (20 events):
Event: 12.153 Thread 0x0000025a71ccf040 nmethod 9976 0x0000025a5b8d9390 code [0x0000025a5b8d95a0, 0x0000025a5b8d9c38]
Event: 12.187 Thread 0x0000025a720260e0 nmethod 9964 0x0000025a627bf290 code [0x0000025a627bf520, 0x0000025a627c1190]
Event: 12.188 Thread 0x0000025a720260e0 9944       4       jdk.internal.module.SystemModuleFinders$SystemImage::reader (4 bytes)
Event: 12.188 Thread 0x0000025a720260e0 nmethod 9944 0x0000025a627c2190 code [0x0000025a627c2300, 0x0000025a627c2358]
Event: 12.195 Thread 0x0000025a742ab440 nmethod 9955% 0x0000025a627c2490 code [0x0000025a627c27e0, 0x0000025a627c5f30]
Event: 12.200 Thread 0x0000025a71ccf040 9977       3       java.lang.invoke.BoundMethodHandle::bindSingle (7 bytes)
Event: 12.201 Thread 0x0000025a71ccf040 nmethod 9977 0x0000025a5b8d9f10 code [0x0000025a5b8da0a0, 0x0000025a5b8da1a8]
Event: 12.216 Thread 0x0000025a71ccf040 9978       3       java.lang.invoke.SimpleMethodHandle::speciesData (4 bytes)
Event: 12.216 Thread 0x0000025a71ccf040 nmethod 9978 0x0000025a5b8da290 code [0x0000025a5b8da420, 0x0000025a5b8da538]
Event: 12.216 Thread 0x0000025a71ccf040 9979       3       java.lang.invoke.SimpleMethodHandle::copyWithExtendL (7 bytes)
Event: 12.216 Thread 0x0000025a71ccf040 nmethod 9979 0x0000025a5b8da610 code [0x0000025a5b8da7c0, 0x0000025a5b8da968]
Event: 12.219 Thread 0x0000025a742ab440 9980       4       java.nio.HeapByteBuffer::<init> (23 bytes)
Event: 12.222 Thread 0x0000025a742ab440 nmethod 9980 0x0000025a627c8090 code [0x0000025a627c8220, 0x0000025a627c8618]
Event: 12.240 Thread 0x0000025a720260e0 9981       4       java.lang.ClassLoader::preDefineClass (118 bytes)
Event: 12.240 Thread 0x0000025a742ab440 9982       4       jdk.internal.jimage.ImageLocation::decompress (116 bytes)
Event: 12.249 Thread 0x0000025a742ab440 nmethod 9982 0x0000025a627c8910 code [0x0000025a627c8aa0, 0x0000025a627c9058]
Event: 12.249 Thread 0x0000025a742ab440 9983       4       java.lang.ClassLoader::checkCerts (121 bytes)
Event: 12.261 Thread 0x0000025a71cce5a0 nmethod 9914 0x0000025a627c9490 code [0x0000025a627c98e0, 0x0000025a627d00b0]
Event: 12.278 Thread 0x0000025a71ccf040 9984       3       com.sun.tools.javac.util.Context::checkState (13 bytes)
Event: 12.278 Thread 0x0000025a71ccf040 nmethod 9984 0x0000025a5b8daa90 code [0x0000025a5b8dac40, 0x0000025a5b8dae48]

GC Heap History (20 events):
Event: 4.766 GC heap after
{Heap after GC invocations=14 (full 0):
 garbage-first heap   total 160768K, used 30862K [0x0000000080000000, 0x0000000100000000)
  region size 1024K, 3 young (3072K), 3 survivors (3072K)
 Metaspace       used 42688K, committed 43072K, reserved 1089536K
  class space    used 5614K, committed 5760K, reserved 1048576K
}
Event: 5.957 GC heap before
{Heap before GC invocations=14 (full 0):
 garbage-first heap   total 160768K, used 109710K [0x0000000080000000, 0x0000000100000000)
  region size 1024K, 80 young (81920K), 3 survivors (3072K)
 Metaspace       used 50378K, committed 50816K, reserved 1097728K
  class space    used 6670K, committed 6848K, reserved 1048576K
}
Event: 5.962 GC heap after
{Heap after GC invocations=15 (full 0):
 garbage-first heap   total 160768K, used 34457K [0x0000000080000000, 0x0000000100000000)
  region size 1024K, 6 young (6144K), 6 survivors (6144K)
 Metaspace       used 50378K, committed 50816K, reserved 1097728K
  class space    used 6670K, committed 6848K, reserved 1048576K
}
Event: 7.236 GC heap before
{Heap before GC invocations=15 (full 0):
 garbage-first heap   total 160768K, used 124569K [0x0000000080000000, 0x0000000100000000)
  region size 1024K, 88 young (90112K), 6 survivors (6144K)
 Metaspace       used 61169K, committed 61696K, reserved 1105920K
  class space    used 8046K, committed 8256K, reserved 1048576K
}
Event: 7.246 GC heap after
{Heap after GC invocations=16 (full 0):
 garbage-first heap   total 160768K, used 51256K [0x0000000080000000, 0x0000000100000000)
  region size 1024K, 11 young (11264K), 11 survivors (11264K)
 Metaspace       used 61169K, committed 61696K, reserved 1105920K
  class space    used 8046K, committed 8256K, reserved 1048576K
}
Event: 8.181 GC heap before
{Heap before GC invocations=16 (full 0):
 garbage-first heap   total 160768K, used 122936K [0x0000000080000000, 0x0000000100000000)
  region size 1024K, 79 young (80896K), 11 survivors (11264K)
 Metaspace       used 65800K, committed 66368K, reserved 1114112K
  class space    used 8658K, committed 8896K, reserved 1048576K
}
Event: 8.191 GC heap after
{Heap after GC invocations=17 (full 0):
 garbage-first heap   total 160768K, used 58124K [0x0000000080000000, 0x0000000100000000)
  region size 1024K, 6 young (6144K), 6 survivors (6144K)
 Metaspace       used 65800K, committed 66368K, reserved 1114112K
  class space    used 8658K, committed 8896K, reserved 1048576K
}
Event: 8.345 GC heap before
{Heap before GC invocations=17 (full 0):
 garbage-first heap   total 160768K, used 77580K [0x0000000080000000, 0x0000000100000000)
  region size 1024K, 26 young (26624K), 6 survivors (6144K)
 Metaspace       used 66308K, committed 66816K, reserved 1114112K
  class space    used 8714K, committed 8960K, reserved 1048576K
}
Event: 8.351 GC heap after
{Heap after GC invocations=18 (full 0):
 garbage-first heap   total 160768K, used 60646K [0x0000000080000000, 0x0000000100000000)
  region size 1024K, 3 young (3072K), 3 survivors (3072K)
 Metaspace       used 66308K, committed 66816K, reserved 1114112K
  class space    used 8714K, committed 8960K, reserved 1048576K
}
Event: 9.275 GC heap before
{Heap before GC invocations=19 (full 0):
 garbage-first heap   total 160768K, used 120038K [0x0000000080000000, 0x0000000100000000)
  region size 1024K, 64 young (65536K), 3 survivors (3072K)
 Metaspace       used 73387K, committed 73920K, reserved 1114112K
  class space    used 9950K, committed 10240K, reserved 1048576K
}
Event: 9.281 GC heap after
{Heap after GC invocations=20 (full 0):
 garbage-first heap   total 160768K, used 60853K [0x0000000080000000, 0x0000000100000000)
  region size 1024K, 6 young (6144K), 6 survivors (6144K)
 Metaspace       used 73387K, committed 73920K, reserved 1114112K
  class space    used 9950K, committed 10240K, reserved 1048576K
}
Event: 9.296 GC heap before
{Heap before GC invocations=20 (full 0):
 garbage-first heap   total 160768K, used 61877K [0x0000000080000000, 0x0000000100000000)
  region size 1024K, 7 young (7168K), 6 survivors (6144K)
 Metaspace       used 73485K, committed 74112K, reserved 1114112K
  class space    used 9960K, committed 10240K, reserved 1048576K
}
Event: 9.301 GC heap after
{Heap after GC invocations=21 (full 0):
 garbage-first heap   total 160768K, used 61135K [0x0000000080000000, 0x0000000100000000)
  region size 1024K, 1 young (1024K), 1 survivors (1024K)
 Metaspace       used 73485K, committed 74112K, reserved 1114112K
  class space    used 9960K, committed 10240K, reserved 1048576K
}
Event: 10.201 GC heap before
{Heap before GC invocations=21 (full 0):
 garbage-first heap   total 160768K, used 125647K [0x0000000080000000, 0x0000000100000000)
  region size 1024K, 64 young (65536K), 1 survivors (1024K)
 Metaspace       used 80014K, committed 80640K, reserved 1122304K
  class space    used 10885K, committed 11136K, reserved 1048576K
}
Event: 10.206 GC heap after
{Heap after GC invocations=22 (full 0):
 garbage-first heap   total 160768K, used 65195K [0x0000000080000000, 0x0000000100000000)
  region size 1024K, 5 young (5120K), 5 survivors (5120K)
 Metaspace       used 80014K, committed 80640K, reserved 1122304K
  class space    used 10885K, committed 11136K, reserved 1048576K
}
Event: 10.900 GC heap before
{Heap before GC invocations=22 (full 0):
 garbage-first heap   total 160768K, used 126635K [0x0000000080000000, 0x0000000100000000)
  region size 1024K, 66 young (67584K), 5 survivors (5120K)
 Metaspace       used 82406K, committed 83008K, reserved 1122304K
  class space    used 11332K, committed 11584K, reserved 1048576K
}
Event: 10.909 GC heap after
{Heap after GC invocations=23 (full 0):
 garbage-first heap   total 160768K, used 74274K [0x0000000080000000, 0x0000000100000000)
  region size 1024K, 9 young (9216K), 9 survivors (9216K)
 Metaspace       used 82406K, committed 83008K, reserved 1122304K
  class space    used 11332K, committed 11584K, reserved 1048576K
}
Event: 11.552 GC heap before
{Heap before GC invocations=23 (full 0):
 garbage-first heap   total 160768K, used 125474K [0x0000000080000000, 0x0000000100000000)
  region size 1024K, 60 young (61440K), 9 survivors (9216K)
 Metaspace       used 83519K, committed 84160K, reserved 1122304K
  class space    used 11519K, committed 11776K, reserved 1048576K
}
Event: 11.562 GC heap after
{Heap after GC invocations=24 (full 0):
 garbage-first heap   total 160768K, used 78331K [0x0000000080000000, 0x0000000100000000)
  region size 1024K, 4 young (4096K), 4 survivors (4096K)
 Metaspace       used 83519K, committed 84160K, reserved 1122304K
  class space    used 11519K, committed 11776K, reserved 1048576K
}
Event: 12.279 GC heap before
{Heap before GC invocations=24 (full 0):
 garbage-first heap   total 160768K, used 127483K [0x0000000080000000, 0x0000000100000000)
  region size 1024K, 53 young (54272K), 4 survivors (4096K)
 Metaspace       used 89459K, committed 90048K, reserved 1130496K
  class space    used 12263K, committed 12544K, reserved 1048576K
}

Dll operation events (2 events):
Event: 0.009 Loaded shared library C:\Program Files\Android\Android Studio\jbr\bin\java.dll
Event: 0.498 Loaded shared library C:\Program Files\Android\Android Studio\jbr\bin\verify.dll

Deoptimization events (20 events):
Event: 12.007 Thread 0x0000025a75b99750 Uncommon trap: trap_request=0xffffffbe fr.pc=0x0000025a627b57f0 relative=0x00000000000005d0
Event: 12.007 Thread 0x0000025a75b99750 Uncommon trap: reason=profile_predicate action=maybe_recompile pc=0x0000025a627b57f0 method=jdk.internal.jimage.ImageStringsReader.stringFromByteBufferMatches(Ljava/nio/ByteBuffer;ILjava/lang/String;I)I @ 19 c2
Event: 12.007 Thread 0x0000025a75b99750 DEOPT PACKING pc=0x0000025a627b57f0 sp=0x000000fcba3f4810
Event: 12.007 Thread 0x0000025a75b99750 DEOPT UNPACKING pc=0x0000025a61cd69a3 sp=0x000000fcba3f4788 mode 2
Event: 12.007 Thread 0x0000025a75b99750 Uncommon trap: trap_request=0xffffffbe fr.pc=0x0000025a627b57f0 relative=0x00000000000005d0
Event: 12.007 Thread 0x0000025a75b99750 Uncommon trap: reason=profile_predicate action=maybe_recompile pc=0x0000025a627b57f0 method=jdk.internal.jimage.ImageStringsReader.stringFromByteBufferMatches(Ljava/nio/ByteBuffer;ILjava/lang/String;I)I @ 19 c2
Event: 12.007 Thread 0x0000025a75b99750 DEOPT PACKING pc=0x0000025a627b57f0 sp=0x000000fcba3f4810
Event: 12.007 Thread 0x0000025a75b99750 DEOPT UNPACKING pc=0x0000025a61cd69a3 sp=0x000000fcba3f4788 mode 2
Event: 12.007 Thread 0x0000025a75b99750 Uncommon trap: trap_request=0xffffffbe fr.pc=0x0000025a627b57f0 relative=0x00000000000005d0
Event: 12.007 Thread 0x0000025a75b99750 Uncommon trap: reason=profile_predicate action=maybe_recompile pc=0x0000025a627b57f0 method=jdk.internal.jimage.ImageStringsReader.stringFromByteBufferMatches(Ljava/nio/ByteBuffer;ILjava/lang/String;I)I @ 19 c2
Event: 12.007 Thread 0x0000025a75b99750 DEOPT PACKING pc=0x0000025a627b57f0 sp=0x000000fcba3f4810
Event: 12.007 Thread 0x0000025a75b99750 DEOPT UNPACKING pc=0x0000025a61cd69a3 sp=0x000000fcba3f4788 mode 2
Event: 12.089 Thread 0x0000025a75b99750 Uncommon trap: trap_request=0xffffffc6 fr.pc=0x0000025a624a6e54 relative=0x0000000000003e34
Event: 12.089 Thread 0x0000025a75b99750 Uncommon trap: reason=bimorphic_or_optimized_type_check action=maybe_recompile pc=0x0000025a624a6e54 method=jdk.internal.loader.BuiltinClassLoader.loadClassOrNull(Ljava/lang/String;)Ljava/lang/Class; @ 3 c2
Event: 12.089 Thread 0x0000025a75b99750 DEOPT PACKING pc=0x0000025a624a6e54 sp=0x000000fcba3f4d30
Event: 12.089 Thread 0x0000025a75b99750 DEOPT UNPACKING pc=0x0000025a61cd69a3 sp=0x000000fcba3f4cb8 mode 2
Event: 12.090 Thread 0x0000025a75b99750 Uncommon trap: trap_request=0xffffffc6 fr.pc=0x0000025a624a6e54 relative=0x0000000000003e34
Event: 12.090 Thread 0x0000025a75b99750 Uncommon trap: reason=bimorphic_or_optimized_type_check action=maybe_recompile pc=0x0000025a624a6e54 method=jdk.internal.loader.BuiltinClassLoader.loadClassOrNull(Ljava/lang/String;)Ljava/lang/Class; @ 3 c2
Event: 12.090 Thread 0x0000025a75b99750 DEOPT PACKING pc=0x0000025a624a6e54 sp=0x000000fcba3f7b80
Event: 12.090 Thread 0x0000025a75b99750 DEOPT UNPACKING pc=0x0000025a61cd69a3 sp=0x000000fcba3f7b08 mode 2

Classes unloaded (0 events):
No events

Classes redefined (0 events):
No events

Internal exceptions (20 events):
Event: 10.778 Thread 0x0000025a75b99750 Exception <a 'java/lang/NoSuchMethodError'{0x0000000086582488}: 'int java.lang.invoke.DirectMethodHandle$Holder.invokeSpecial(java.lang.Object, java.lang.Object, java.lang.Object, java.lang.Object, java.lang.Object)'> (0x0000000086582488) 
thrown [s\src\hotspot\share\interpreter\linkResolver.cpp, line 771]
Event: 10.894 Thread 0x0000025a75b9a5c0 Exception <a 'java/lang/NoSuchMethodError'{0x00000000860a1028}: 'void java.lang.invoke.DirectMethodHandle$Holder.invokeStatic(java.lang.Object, java.lang.Object, java.lang.Object, java.lang.Object, int, java.lang.Object, java.lang.Object)'> (0x00000000860a1028) 
thrown [s\src\hotspot\share\interpreter\linkResolver.cpp, line 771]
Event: 10.913 Thread 0x0000025a77503bd0 Exception <a 'java/lang/NoSuchMethodError'{0x000000008fd9f588}: 'void java.lang.invoke.DirectMethodHandle$Holder.invokeVirtual(java.lang.Object, java.lang.Object)'> (0x000000008fd9f588) 
thrown [s\src\hotspot\share\interpreter\linkResolver.cpp, line 771]
Event: 10.938 Thread 0x0000025a775040a0 Exception <a 'java/lang/NoSuchMethodError'{0x000000008ce02698}: 'java.lang.Object java.lang.invoke.DirectMethodHandle$Holder.invokeSpecialIFC(java.lang.Object, java.lang.Object, java.lang.Object)'> (0x000000008ce02698) 
thrown [s\src\hotspot\share\interpreter\linkResolver.cpp, line 771]
Event: 10.938 Thread 0x0000025a75e00e70 Exception <a 'java/lang/NoSuchMethodError'{0x000000008cfee048}: 'java.lang.Object java.lang.invoke.DirectMethodHandle$Holder.invokeSpecialIFC(java.lang.Object, java.lang.Object, java.lang.Object)'> (0x000000008cfee048) 
thrown [s\src\hotspot\share\interpreter\linkResolver.cpp, line 771]
Event: 10.938 Thread 0x0000025a775053e0 Exception <a 'java/lang/NoSuchMethodError'{0x000000008cffe228}: 'java.lang.Object java.lang.invoke.DirectMethodHandle$Holder.invokeSpecialIFC(java.lang.Object, java.lang.Object, java.lang.Object)'> (0x000000008cffe228) 
thrown [s\src\hotspot\share\interpreter\linkResolver.cpp, line 771]
Event: 10.938 Thread 0x0000025a75b9a5c0 Exception <a 'java/lang/NoSuchMethodError'{0x000000008cfd46e8}: 'java.lang.Object java.lang.invoke.DirectMethodHandle$Holder.invokeSpecialIFC(java.lang.Object, java.lang.Object, java.lang.Object)'> (0x000000008cfd46e8) 
thrown [s\src\hotspot\share\interpreter\linkResolver.cpp, line 771]
Event: 10.938 Thread 0x0000025a7556c7b0 Exception <a 'java/lang/NoSuchMethodError'{0x000000008cfb30e8}: 'java.lang.Object java.lang.invoke.DirectMethodHandle$Holder.invokeSpecialIFC(java.lang.Object, java.lang.Object, java.lang.Object)'> (0x000000008cfb30e8) 
thrown [s\src\hotspot\share\interpreter\linkResolver.cpp, line 771]
Event: 10.938 Thread 0x0000025a75568450 Exception <a 'java/lang/NoSuchMethodError'{0x000000008cf90530}: 'java.lang.Object java.lang.invoke.DirectMethodHandle$Holder.invokeSpecialIFC(java.lang.Object, java.lang.Object, java.lang.Object)'> (0x000000008cf90530) 
thrown [s\src\hotspot\share\interpreter\linkResolver.cpp, line 771]
Event: 10.938 Thread 0x0000025a77503bd0 Exception <a 'java/lang/NoSuchMethodError'{0x000000008cfa3a88}: 'java.lang.Object java.lang.invoke.DirectMethodHandle$Holder.invokeSpecialIFC(java.lang.Object, java.lang.Object, java.lang.Object)'> (0x000000008cfa3a88) 
thrown [s\src\hotspot\share\interpreter\linkResolver.cpp, line 771]
Event: 10.938 Thread 0x0000025a774fe060 Exception <a 'java/lang/NoSuchMethodError'{0x000000008cfc5130}: 'java.lang.Object java.lang.invoke.DirectMethodHandle$Holder.invokeSpecialIFC(java.lang.Object, java.lang.Object, java.lang.Object)'> (0x000000008cfc5130) 
thrown [s\src\hotspot\share\interpreter\linkResolver.cpp, line 771]
Event: 10.986 Thread 0x0000025a77502890 Implicit null exception at 0x0000025a62701b08 to 0x0000025a62701c80
Event: 11.342 Thread 0x0000025a75b9a5c0 Exception <a 'java/lang/NoSuchMethodError'{0x000000008767efb0}: 'void java.lang.invoke.DirectMethodHandle$Holder.invokeInterface(java.lang.Object, java.lang.Object, java.lang.Object, java.lang.Object)'> (0x000000008767efb0) 
thrown [s\src\hotspot\share\interpreter\linkResolver.cpp, line 771]
Event: 11.522 Thread 0x0000025a75b99750 Exception <a 'java/lang/NoSuchMethodError'{0x0000000086bc4258}: static Lcom/android/build/gradle/internal/scope/InternalArtifactType;.<clinit>()V> (0x0000000086bc4258) 
thrown [s\src\hotspot\share\prims\jni.cpp, line 1108]
Event: 11.522 Thread 0x0000025a75b99750 Exception <a 'java/lang/NoSuchMethodError'{0x0000000086bc5c58}: static Lcom/android/build/gradle/internal/scope/InternalArtifactType;.<clinit>()V> (0x0000000086bc5c58) 
thrown [s\src\hotspot\share\prims\jni.cpp, line 1108]
Event: 11.522 Thread 0x0000025a75b99750 Exception <a 'java/lang/NoSuchMethodError'{0x0000000086bc90a0}: static Lcom/android/build/api/artifact/Artifact$Single;.<clinit>()V> (0x0000000086bc90a0) 
thrown [s\src\hotspot\share\prims\jni.cpp, line 1108]
Event: 11.523 Thread 0x0000025a75b99750 Exception <a 'java/lang/NoSuchMethodError'{0x0000000086bcb8d8}: static Ljava/lang/Object;.<clinit>()V> (0x0000000086bcb8d8) 
thrown [s\src\hotspot\share\prims\jni.cpp, line 1108]
Event: 11.526 Thread 0x0000025a75b99750 Exception <a 'java/lang/NoSuchMethodError'{0x0000000086be6378}: static Lcom/android/build/api/artifact/ArtifactKind;.<clinit>()V> (0x0000000086be6378) 
thrown [s\src\hotspot\share\prims\jni.cpp, line 1108]
Event: 11.526 Thread 0x0000025a75b99750 Exception <a 'java/lang/NoSuchMethodError'{0x0000000086be77e0}: static Lcom/android/build/api/artifact/ArtifactKind;.<clinit>()V> (0x0000000086be77e0) 
thrown [s\src\hotspot\share\prims\jni.cpp, line 1108]
Event: 12.088 Thread 0x0000025a75b99750 Exception <a 'java/lang/NoSuchMethodError'{0x00000000878e9868}: 'void java.lang.invoke.DirectMethodHandle$Holder.invokeVirtual(java.lang.Object, java.lang.Object, java.lang.Object, java.lang.Object)'> (0x00000000878e9868) 
thrown [s\src\hotspot\share\interpreter\linkResolver.cpp, line 771]

VM Operations (20 events):
Event: 11.375 Executing VM operation: ICBufferFull done
Event: 11.501 Executing VM operation: ICBufferFull
Event: 11.501 Executing VM operation: ICBufferFull done
Event: 11.529 Executing VM operation: HandshakeAllThreads
Event: 11.529 Executing VM operation: HandshakeAllThreads done
Event: 11.537 Executing VM operation: HandshakeAllThreads
Event: 11.538 Executing VM operation: HandshakeAllThreads done
Event: 11.552 Executing VM operation: G1CollectForAllocation
Event: 11.563 Executing VM operation: G1CollectForAllocation done
Event: 11.680 Executing VM operation: ICBufferFull
Event: 11.681 Executing VM operation: ICBufferFull done
Event: 11.804 Executing VM operation: ICBufferFull
Event: 11.804 Executing VM operation: ICBufferFull done
Event: 11.869 Executing VM operation: HandshakeAllThreads
Event: 11.872 Executing VM operation: HandshakeAllThreads done
Event: 11.874 Executing VM operation: HandshakeAllThreads
Event: 11.874 Executing VM operation: HandshakeAllThreads done
Event: 12.042 Executing VM operation: HandshakeAllThreads
Event: 12.043 Executing VM operation: HandshakeAllThreads done
Event: 12.279 Executing VM operation: G1CollectForAllocation

Events (20 events):
Event: 11.948 loading class java/nio/charset/IllegalCharsetNameException
Event: 11.948 loading class java/nio/charset/IllegalCharsetNameException done
Event: 11.948 loading class java/nio/charset/UnsupportedCharsetException
Event: 11.949 loading class java/nio/charset/UnsupportedCharsetException done
Event: 11.952 loading class java/nio/file/ProviderNotFoundException
Event: 11.952 loading class java/nio/file/ProviderNotFoundException done
Event: 11.965 loading class java/util/JumboEnumSet
Event: 11.966 loading class java/util/JumboEnumSet done
Event: 11.973 loading class java/util/JumboEnumSet$EnumSetIterator
Event: 11.974 loading class java/util/JumboEnumSet$EnumSetIterator done
Event: 11.980 loading class java/util/ResourceBundle$KeyElementReference
Event: 11.980 loading class java/util/ResourceBundle$CacheKeyReference
Event: 11.980 loading class java/util/ResourceBundle$CacheKeyReference done
Event: 11.980 loading class java/util/ResourceBundle$KeyElementReference done
Event: 11.980 loading class java/util/ResourceBundle$3
Event: 11.980 loading class java/util/ResourceBundle$3 done
Event: 11.986 loading class java/util/ResourceBundle$BundleReference
Event: 11.986 loading class java/util/ResourceBundle$BundleReference done
Event: 12.026 loading class java/util/ServiceLoader$ProviderSpliterator
Event: 12.026 loading class java/util/ServiceLoader$ProviderSpliterator done


Dynamic libraries:
0x00007ff7f5740000 - 0x00007ff7f574a000 	C:\Program Files\Android\Android Studio\jbr\bin\java.exe
0x00007ffb73830000 - 0x00007ffb73a44000 	C:\WINDOWS\SYSTEM32\ntdll.dll
0x00007ffb72010000 - 0x00007ffb720d2000 	C:\WINDOWS\System32\KERNEL32.DLL
0x00007ffb71270000 - 0x00007ffb7160c000 	C:\WINDOWS\System32\KERNELBASE.dll
0x00007ffb70c70000 - 0x00007ffb70d81000 	C:\WINDOWS\System32\ucrtbase.dll
0x00007ffb61390000 - 0x00007ffb613a7000 	C:\Program Files\Android\Android Studio\jbr\bin\jli.dll
0x00007ffb60750000 - 0x00007ffb6076b000 	C:\Program Files\Android\Android Studio\jbr\bin\VCRUNTIME140.dll
0x00007ffb72dd0000 - 0x00007ffb72f7b000 	C:\WINDOWS\System32\USER32.dll
0x00007ffb542b0000 - 0x00007ffb5453e000 	C:\WINDOWS\WinSxS\amd64_microsoft.windows.common-controls_6595b64144ccf1df_6.0.22621.608_none_a9444ca7c10bb01d\COMCTL32.dll
0x00007ffb71610000 - 0x00007ffb71636000 	C:\WINDOWS\System32\win32u.dll
0x00007ffb71b10000 - 0x00007ffb71bb7000 	C:\WINDOWS\System32\msvcrt.dll
0x00007ffb71cd0000 - 0x00007ffb71cf9000 	C:\WINDOWS\System32\GDI32.dll
0x00007ffb70fe0000 - 0x00007ffb710f3000 	C:\WINDOWS\System32\gdi32full.dll
0x00007ffb70e80000 - 0x00007ffb70f1a000 	C:\WINDOWS\System32\msvcp_win.dll
0x00007ffb71940000 - 0x00007ffb71971000 	C:\WINDOWS\System32\IMM32.DLL
0x00007ffb6b2c0000 - 0x00007ffb6b2cc000 	C:\Program Files\Android\Android Studio\jbr\bin\vcruntime140_1.dll
0x00007ffb2f3c0000 - 0x00007ffb2f44d000 	C:\Program Files\Android\Android Studio\jbr\bin\msvcp140.dll
0x00007ffaf5d90000 - 0x00007ffaf69fd000 	C:\Program Files\Android\Android Studio\jbr\bin\server\jvm.dll
0x00007ffb716d0000 - 0x00007ffb7177e000 	C:\WINDOWS\System32\ADVAPI32.dll
0x00007ffb71c20000 - 0x00007ffb71cc4000 	C:\WINDOWS\System32\sechost.dll
0x00007ffb73290000 - 0x00007ffb733a7000 	C:\WINDOWS\System32\RPCRT4.dll
0x00007ffb61aa0000 - 0x00007ffb61aa9000 	C:\WINDOWS\SYSTEM32\WSOCK32.dll
0x00007ffb69d20000 - 0x00007ffb69d54000 	C:\WINDOWS\SYSTEM32\WINMM.dll
0x00007ffb73760000 - 0x00007ffb737d1000 	C:\WINDOWS\System32\WS2_32.dll
0x00007ffb6a4f0000 - 0x00007ffb6a4fa000 	C:\WINDOWS\SYSTEM32\VERSION.dll
0x00007ffb6fc80000 - 0x00007ffb6fc98000 	C:\WINDOWS\SYSTEM32\kernel.appcore.dll
0x00007ffb6bfd0000 - 0x00007ffb6bfda000 	C:\Program Files\Android\Android Studio\jbr\bin\jimage.dll
0x00007ffb6e740000 - 0x00007ffb6e96e000 	C:\WINDOWS\SYSTEM32\DBGHELP.DLL
0x00007ffb733d0000 - 0x00007ffb73759000 	C:\WINDOWS\System32\combase.dll
0x00007ffb72f80000 - 0x00007ffb73057000 	C:\WINDOWS\System32\OLEAUT32.dll
0x00007ffb52b50000 - 0x00007ffb52b82000 	C:\WINDOWS\SYSTEM32\dbgcore.DLL
0x00007ffb70d90000 - 0x00007ffb70e0b000 	C:\WINDOWS\System32\bcryptPrimitives.dll
0x00007ffb60150000 - 0x00007ffb60175000 	C:\Program Files\Android\Android Studio\jbr\bin\java.dll
0x00007ffb60190000 - 0x00007ffb601a8000 	C:\Program Files\Android\Android Studio\jbr\bin\zip.dll
0x00007ffb72570000 - 0x00007ffb72d60000 	C:\WINDOWS\System32\SHELL32.dll
0x00007ffb6ec30000 - 0x00007ffb6f4fd000 	C:\WINDOWS\SYSTEM32\windows.storage.dll
0x00007ffb6eaf0000 - 0x00007ffb6ec2e000 	C:\WINDOWS\SYSTEM32\wintypes.dll
0x00007ffb71d50000 - 0x00007ffb71e41000 	C:\WINDOWS\System32\SHCORE.dll
0x00007ffb71ab0000 - 0x00007ffb71b0e000 	C:\WINDOWS\System32\shlwapi.dll
0x00007ffb70ba0000 - 0x00007ffb70bc1000 	C:\WINDOWS\SYSTEM32\profapi.dll
0x00007ffb60130000 - 0x00007ffb60149000 	C:\Program Files\Android\Android Studio\jbr\bin\net.dll
0x00007ffb699e0000 - 0x00007ffb69b17000 	C:\WINDOWS\SYSTEM32\WINHTTP.dll
0x00007ffb70150000 - 0x00007ffb701b9000 	C:\WINDOWS\system32\mswsock.dll
0x00007ffb5de80000 - 0x00007ffb5de96000 	C:\Program Files\Android\Android Studio\jbr\bin\nio.dll
0x00007ffb61140000 - 0x00007ffb61150000 	C:\Program Files\Android\Android Studio\jbr\bin\verify.dll
0x00007ffafa7e0000 - 0x00007ffafa807000 	C:\Users\kaan4\.gradle\native\e1d6ef7f7dcc3fd88c89a11ec53ec762bb8ba0a96d01ffa2cd45eb1d1d8dd5c5\windows-amd64\native-platform.dll
0x00007ffb2f270000 - 0x00007ffb2f3b4000 	C:\Users\kaan4\.gradle\native\0d407fdbe67a94daf76414ababcb853783967236a71b16ec16e742cd7a986fd3\windows-amd64\native-platform-file-events.dll
0x00007ffb6bee0000 - 0x00007ffb6bee9000 	C:\Program Files\Android\Android Studio\jbr\bin\management.dll
0x00007ffb61380000 - 0x00007ffb6138b000 	C:\Program Files\Android\Android Studio\jbr\bin\management_ext.dll
0x00007ffb71aa0000 - 0x00007ffb71aa8000 	C:\WINDOWS\System32\PSAPI.DLL
0x00007ffb70390000 - 0x00007ffb703ab000 	C:\WINDOWS\SYSTEM32\CRYPTSP.dll
0x00007ffb6fbf0000 - 0x00007ffb6fc25000 	C:\WINDOWS\system32\rsaenh.dll
0x00007ffb70200000 - 0x00007ffb70228000 	C:\WINDOWS\SYSTEM32\USERENV.dll
0x00007ffb70640000 - 0x00007ffb70668000 	C:\WINDOWS\SYSTEM32\bcrypt.dll
0x00007ffb703b0000 - 0x00007ffb703bc000 	C:\WINDOWS\SYSTEM32\CRYPTBASE.dll
0x00007ffb6f750000 - 0x00007ffb6f77d000 	C:\WINDOWS\SYSTEM32\IPHLPAPI.DLL
0x00007ffb72d60000 - 0x00007ffb72d69000 	C:\WINDOWS\System32\NSI.dll
0x00007ffb6a0c0000 - 0x00007ffb6a0d9000 	C:\WINDOWS\SYSTEM32\dhcpcsvc6.DLL
0x00007ffb69240000 - 0x00007ffb6925f000 	C:\WINDOWS\SYSTEM32\dhcpcsvc.DLL
0x00007ffb6f7c0000 - 0x00007ffb6f8b3000 	C:\WINDOWS\SYSTEM32\DNSAPI.dll
0x00007ffb54800000 - 0x00007ffb54808000 	C:\WINDOWS\system32\wshunix.dll

dbghelp: loaded successfully - version: 4.0.5 - missing functions: none
symbol engine: initialized successfully - sym options: 0x614 - pdb path: .;C:\Program Files\Android\Android Studio\jbr\bin;C:\WINDOWS\SYSTEM32;C:\WINDOWS\WinSxS\amd64_microsoft.windows.common-controls_6595b64144ccf1df_6.0.22621.608_none_a9444ca7c10bb01d;C:\Program Files\Android\Android Studio\jbr\bin\server;C:\Users\kaan4\.gradle\native\e1d6ef7f7dcc3fd88c89a11ec53ec762bb8ba0a96d01ffa2cd45eb1d1d8dd5c5\windows-amd64;C:\Users\kaan4\.gradle\native\0d407fdbe67a94daf76414ababcb853783967236a71b16ec16e742cd7a986fd3\windows-amd64

VM Arguments:
jvm_args: -XX:MaxPermSize=512m-Dfile.encoding=UTF-8 --add-opens=java.base/java.util=ALL-UNNAMED --add-opens=java.base/java.lang=ALL-UNNAMED --add-opens=java.base/java.lang.invoke=ALL-UNNAMED --add-opens=java.base/java.util=ALL-UNNAMED --add-opens=java.prefs/java.util.prefs=ALL-UNNAMED --add-opens=java.prefs/java.util.prefs=ALL-UNNAMED --add-opens=java.base/java.nio.charset=ALL-UNNAMED --add-opens=java.base/java.net=ALL-UNNAMED --add-opens=java.base/java.util.concurrent.atomic=ALL-UNNAMED -Xmx2048m -Dfile.encoding=windows-1254 -Duser.country=TR -Duser.language=tr -Duser.variant 
java_command: org.gradle.launcher.daemon.bootstrap.GradleDaemon 7.5
java_class_path (initial): C:\Users\kaan4\.gradle\wrapper\dists\gradle-7.5-bin\f1w0cc9nuo0eivz97x2xlu9sv\gradle-7.5\lib\gradle-launcher-7.5.jar
Launcher Type: SUN_STANDARD

[Global flags]
     intx CICompilerCount                          = 4                                         {product} {ergonomic}
     uint ConcGCThreads                            = 2                                         {product} {ergonomic}
     uint G1ConcRefinementThreads                  = 8                                         {product} {ergonomic}
   size_t G1HeapRegionSize                         = 1048576                                   {product} {ergonomic}
    uintx GCDrainStackTargetSize                   = 64                                        {product} {ergonomic}
   size_t InitialHeapSize                          = 266338304                                 {product} {ergonomic}
   size_t MarkStackSize                            = 4194304                                   {product} {ergonomic}
   size_t MaxHeapSize                              = 2147483648                                {product} {command line}
   size_t MaxNewSize                               = 1287651328                                {product} {ergonomic}
   size_t MinHeapDeltaBytes                        = 1048576                                   {product} {ergonomic}
   size_t MinHeapSize                              = 8388608                                   {product} {ergonomic}
    uintx NonNMethodCodeHeapSize                   = 5839372                                {pd product} {ergonomic}
    uintx NonProfiledCodeHeapSize                  = 122909434                              {pd product} {ergonomic}
    uintx ProfiledCodeHeapSize                     = 122909434                              {pd product} {ergonomic}
    uintx ReservedCodeCacheSize                    = 251658240                              {pd product} {ergonomic}
     bool SegmentedCodeCache                       = true                                      {product} {ergonomic}
   size_t SoftMaxHeapSize                          = 2147483648                             {manageable} {ergonomic}
     bool UseCompressedClassPointers               = true                           {product lp64_product} {ergonomic}
     bool UseCompressedOops                        = true                           {product lp64_product} {ergonomic}
     bool UseG1GC                                  = true                                      {product} {ergonomic}
     bool UseLargePagesIndividualAllocation        = false                                  {pd product} {ergonomic}

Logging:
Log output configuration:
 #0: stdout all=warning uptime,level,tags
 #1: stderr all=off uptime,level,tags

Environment Variables:
JAVA_HOME=C:\Program Files\Eclipse Foundation\jdk-16.0.2.7-hotspot\
PATH=C:\Program Files\Common Files\Oracle\Java\javapath;C:\ProgramData\Oracle\Java\javapath;C:\Program Files\Eclipse Foundation\jdk-16.0.2.7-hotspot\bin;C:\Windows\system32;C:\Windows;C:\Windows\System32\Wbem;C:\Windows\System32\WindowsPowerShell\v1.0\;C:\Windows\System32\OpenSSH\;C:\Program Files (x86)\NVIDIA Corporation\PhysX\Common;C:\Program Files\NVIDIA Corporation\NVIDIA NvDLISR;C:\Program Files\Microsoft SQL Server\130\Tools\Binn\;C:\Program Files\Git\cmd;C:\WINDOWS\system32;C:\WINDOWS;C:\WINDOWS\System32\Wbem;C:\WINDOWS\System32\WindowsPowerShell\v1.0\;C:\WINDOWS\System32\OpenSSH\;C:\Program Files\Git LFS;C:\WINDOWS\system32;C:\WINDOWS;C:\WINDOWS\System32\Wbem;C:\WINDOWS\System32\WindowsPowerShell\v1.0\;C:\WINDOWS\System32\OpenSSH\;C:\Program Files\Microsoft SQL Server\150\Tools\Binn\;C:\Program Files\Microsoft SQL Server\Client SDK\ODBC\170\Tools\Binn\;C:\Program Files\dotnet\;C:\Users\kaan4\AppData\Local\Microsoft\WindowsApps;C:\Users\kaan4\AppData\Local\Programs\Microsoft VS Code\bin;C:\Users\kaan4\.dotnet\tools;C:\src\flutter\bin;C:\Users\kaan4\AppData\Local\Android\Sdk\platform-tools;C:\Users\kaan4\AppData\Local\GitHubDesktop\bin;
USERNAME=kaan4
OS=Windows_NT
PROCESSOR_IDENTIFIER=Intel64 Family 6 Model 158 Stepping 10, GenuineIntel
TMP=C:\Users\kaan4\AppData\Local\Temp
TEMP=C:\Users\kaan4\AppData\Local\Temp



---------------  S Y S T E M  ---------------

OS:
 Windows 11 , 64 bit Build 22621 (10.0.22621.1485)
OS uptime: 6 days 4:03 hours
Hyper-V role detected

CPU: total 8 (initial active 8) (4 cores per cpu, 2 threads per core) family 6 model 158 stepping 10 microcode 0xde, cx8, cmov, fxsr, ht, mmx, 3dnowpref, sse, sse2, sse3, ssse3, sse4.1, sse4.2, popcnt, lzcnt, tsc, tscinvbit, avx, avx2, aes, erms, clmul, bmi1, bmi2, adx, fma, vzeroupper, clflush, clflushopt, hv

Memory: 4k page, system-wide physical 16220M (2644M free)
TotalPageFile size 18268M (AvailPageFile size 20M)
current process WorkingSet (physical memory assigned to process): 430M, peak: 430M
current process commit charge ("private bytes"): 521M, peak: 562M

vm_info: OpenJDK 64-Bit Server VM (17.0.6+0-b2043.56-9586694) for windows-amd64 JRE (17.0.6+0-b2043.56-9586694), built on Feb  9 2023 20:06:20 by "androidbuild" with MS VC++ 16.10 / 16.11 (VS2019)

END.
