#
# There is insufficient memory for the Java Runtime Environment to continue.
# Native memory allocation (malloc) failed to allocate 32784 bytes for Chunk::new
# Possible reasons:
#   The system is out of physical RAM or swap space
#   The process is running with CompressedOops enabled, and the Java Heap may be blocking the growth of the native heap
# Possible solutions:
#   Reduce memory load on the system
#   Increase physical memory or swap space
#   Check if swap backing store is full
#   Decrease Java heap size (-Xmx/-Xms)
#   Decrease number of Java threads
#   Decrease Java thread stack sizes (-Xss)
#   Set larger code cache with -XX:ReservedCodeCacheSize=
#   JVM is running with Unscaled Compressed Oops mode in which the Java heap is
#     placed in the first 4GB address space. The Java Heap base address is the
#     maximum limit for the native heap growth. Please use -XX:HeapBaseMinAddress
#     to set the Java Heap base and to place the Java Heap above 4GB virtual address.
# This output file may be truncated or incomplete.
#
#  Out of Memory Error (arena.cpp:189), pid=14708, tid=25820
#
# JRE version: OpenJDK Runtime Environment (17.0.6) (build 17.0.6+0-b2043.56-9586694)
# Java VM: OpenJDK 64-Bit Server VM (17.0.6+0-b2043.56-9586694, mixed mode, tiered, compressed oops, compressed class ptrs, g1 gc, windows-amd64)
# No core dump will be written. Minidumps are not enabled by default on client versions of Windows
#

---------------  S U M M A R Y ------------

Command Line: -XX:MaxPermSize=512m-Dfile.encoding=UTF-8 --add-opens=java.base/java.util=ALL-UNNAMED --add-opens=java.base/java.lang=ALL-UNNAMED --add-opens=java.base/java.lang.invoke=ALL-UNNAMED --add-opens=java.base/java.util=ALL-UNNAMED --add-opens=java.prefs/java.util.prefs=ALL-UNNAMED --add-opens=java.prefs/java.util.prefs=ALL-UNNAMED --add-opens=java.base/java.nio.charset=ALL-UNNAMED --add-opens=java.base/java.net=ALL-UNNAMED --add-opens=java.base/java.util.concurrent.atomic=ALL-UNNAMED -Xmx2048m -Dfile.encoding=windows-1254 -Duser.country=TR -Duser.language=tr -Duser.variant org.gradle.launcher.daemon.bootstrap.GradleDaemon 7.5

Host: Intel(R) Core(TM) i5-9300H CPU @ 2.40GHz, 8 cores, 15G,  Windows 11 , 64 bit Build 22621 (10.0.22621.1485)
Time: Wed Apr 26 01:26:04 2023 Türkiye Standart Saati elapsed time: 136.864684 seconds (0d 0h 2m 16s)

---------------  T H R E A D  ---------------

Current thread (0x000002005caa1ae0):  JavaThread "C2 CompilerThread1" daemon [_thread_in_native, id=25820, stack(0x000000bf03c00000,0x000000bf03d00000)]


Current CompileTask:
C2: 136864 17215       4       org.gradle.api.internal.artifacts.repositories.resolver.AbstractResourcePattern::isOptionalToken (153 bytes)

Stack: [0x000000bf03c00000,0x000000bf03d00000]
Native frames: (J=compiled Java code, j=interpreted, Vv=VM code, C=native code)
V  [jvm.dll+0x683b4a]
V  [jvm.dll+0x842654]
V  [jvm.dll+0x843dfe]
V  [jvm.dll+0x844463]
V  [jvm.dll+0x249b75]
V  [jvm.dll+0xabcac]
V  [jvm.dll+0xac27c]
V  [jvm.dll+0xabdbb]
V  [jvm.dll+0x660d4c]
V  [jvm.dll+0x60f647]
V  [jvm.dll+0x614e7b]
V  [jvm.dll+0x615c42]
V  [jvm.dll+0x6141a4]
V  [jvm.dll+0x21c078]
V  [jvm.dll+0x21b621]
V  [jvm.dll+0x1a4fdd]
V  [jvm.dll+0x22b098]
V  [jvm.dll+0x229159]
V  [jvm.dll+0x7f809c]
V  [jvm.dll+0x7f25fa]
V  [jvm.dll+0x682985]
C  [ucrtbase.dll+0x29363]
C  [KERNEL32.DLL+0x1269d]
C  [ntdll.dll+0x5a9f8]


---------------  P R O C E S S  ---------------

Threads class SMR info:
_java_thread_list=0x0000020060a53230, length=46, elements={
0x000002003facad40, 0x000002005a41d350, 0x000002005a41dd10, 0x000002005a489480,
0x000002005a4ca670, 0x000002005a4bdec0, 0x000002005a4be780, 0x000002005a4bf370,
0x000002005a4bfe10, 0x000002005a4c3d00, 0x000002005a61c690, 0x000002005a61eb70,
0x000002005b5bc8d0, 0x000002005bf2fc30, 0x000002005cb0f3b0, 0x000002005baeac80,
0x000002005baeb620, 0x000002005baea2e0, 0x000002005baec490, 0x000002005baec960,
0x000002005baea7b0, 0x000002005bae9e10, 0x000002005baece30, 0x000002005ec718a0,
0x000002005ec730b0, 0x000002005ec6c200, 0x000002005ec6e880, 0x000002005ec6d540,
0x000002006033aa90, 0x000002006033f2c0, 0x000002006033e920, 0x000002005ff2a010,
0x0000020064388e70, 0x000002006033edf0, 0x000002006033f790, 0x000002006033c770,
0x000002006033d5e0, 0x000002006033d110, 0x000002005caa1ae0, 0x000002005caa3e50,
0x000002006033fc60, 0x0000020060339c20, 0x0000020060340130, 0x000002006033a5c0,
0x0000020060340ad0, 0x000002006033b900
}

Java Threads: ( => current thread )
  0x000002003facad40 JavaThread "main" [_thread_blocked, id=26224, stack(0x000000bf01d00000,0x000000bf01e00000)]
  0x000002005a41d350 JavaThread "Reference Handler" daemon [_thread_blocked, id=27316, stack(0x000000bf02400000,0x000000bf02500000)]
  0x000002005a41dd10 JavaThread "Finalizer" daemon [_thread_blocked, id=17456, stack(0x000000bf02500000,0x000000bf02600000)]
  0x000002005a489480 JavaThread "Signal Dispatcher" daemon [_thread_blocked, id=2328, stack(0x000000bf02600000,0x000000bf02700000)]
  0x000002005a4ca670 JavaThread "Attach Listener" daemon [_thread_blocked, id=28160, stack(0x000000bf02700000,0x000000bf02800000)]
  0x000002005a4bdec0 JavaThread "Service Thread" daemon [_thread_blocked, id=20736, stack(0x000000bf02800000,0x000000bf02900000)]
  0x000002005a4be780 JavaThread "Monitor Deflation Thread" daemon [_thread_blocked, id=18992, stack(0x000000bf02900000,0x000000bf02a00000)]
  0x000002005a4bf370 JavaThread "C2 CompilerThread0" daemon [_thread_in_native, id=21020, stack(0x000000bf02a00000,0x000000bf02b00000)]
  0x000002005a4bfe10 JavaThread "C1 CompilerThread0" daemon [_thread_in_native, id=13868, stack(0x000000bf02b00000,0x000000bf02c00000)]
  0x000002005a4c3d00 JavaThread "Sweeper thread" daemon [_thread_blocked, id=18192, stack(0x000000bf02c00000,0x000000bf02d00000)]
  0x000002005a61c690 JavaThread "Common-Cleaner" daemon [_thread_blocked, id=17428, stack(0x000000bf02d00000,0x000000bf02e00000)]
  0x000002005a61eb70 JavaThread "Notification Thread" daemon [_thread_blocked, id=28940, stack(0x000000bf02e00000,0x000000bf02f00000)]
  0x000002005b5bc8d0 JavaThread "Daemon health stats" [_thread_blocked, id=12516, stack(0x000000bf03700000,0x000000bf03800000)]
  0x000002005bf2fc30 JavaThread "Incoming local TCP Connector on port 57217" [_thread_in_native, id=2660, stack(0x000000bf03800000,0x000000bf03900000)]
  0x000002005cb0f3b0 JavaThread "Daemon periodic checks" [_thread_blocked, id=24080, stack(0x000000bf03900000,0x000000bf03a00000)]
  0x000002005baeac80 JavaThread "Cache worker for journal cache (C:\Users\kaan4\.gradle\caches\journal-1)" [_thread_blocked, id=24684, stack(0x000000bf04100000,0x000000bf04200000)]
  0x000002005baeb620 JavaThread "File lock request listener" [_thread_in_native, id=23028, stack(0x000000bf04200000,0x000000bf04300000)]
  0x000002005baea2e0 JavaThread "Cache worker for file hash cache (C:\Users\kaan4\.gradle\caches\7.5\fileHashes)" [_thread_blocked, id=5604, stack(0x000000bf04600000,0x000000bf04700000)]
  0x000002005baec490 JavaThread "jar transforms" [_thread_blocked, id=13096, stack(0x000000bf04900000,0x000000bf04a00000)]
  0x000002005baec960 JavaThread "jar transforms Thread 2" [_thread_blocked, id=2244, stack(0x000000bf04a00000,0x000000bf04b00000)]
  0x000002005baea7b0 JavaThread "jar transforms Thread 3" [_thread_blocked, id=17104, stack(0x000000bf04b00000,0x000000bf04c00000)]
  0x000002005bae9e10 JavaThread "jar transforms Thread 4" [_thread_blocked, id=13156, stack(0x000000bf04c00000,0x000000bf04d00000)]
  0x000002005baece30 JavaThread "jar transforms Thread 5" [_thread_blocked, id=24032, stack(0x000000bf04d00000,0x000000bf04e00000)]
  0x000002005ec718a0 JavaThread "jar transforms Thread 6" [_thread_blocked, id=18924, stack(0x000000bf04e00000,0x000000bf04f00000)]
  0x000002005ec730b0 JavaThread "jar transforms Thread 7" [_thread_blocked, id=25100, stack(0x000000bf04f00000,0x000000bf05000000)]
  0x000002005ec6c200 JavaThread "jar transforms Thread 8" [_thread_blocked, id=17468, stack(0x000000bf05000000,0x000000bf05100000)]
  0x000002005ec6e880 JavaThread "Cache worker for file content cache (C:\Users\kaan4\.gradle\caches\7.5\fileContent)" [_thread_blocked, id=18452, stack(0x000000bf05300000,0x000000bf05400000)]
  0x000002005ec6d540 JavaThread "Cache worker for execution history cache (C:\Users\kaan4\.gradle\caches\7.5\executionHistory)" [_thread_blocked, id=20072, stack(0x000000bf05600000,0x000000bf05700000)]
  0x000002006033aa90 JavaThread "Memory manager" [_thread_blocked, id=5232, stack(0x000000bf0a900000,0x000000bf0aa00000)]
  0x000002006033f2c0 JavaThread "Daemon Thread 2" [_thread_blocked, id=12136, stack(0x000000bf01a00000,0x000000bf01b00000)]
  0x000002006033e920 JavaThread "Daemon worker Thread 2" [_thread_in_native, id=12800, stack(0x000000bf03a00000,0x000000bf03b00000)]
  0x000002005ff2a010 JavaThread "included builds" [_thread_blocked, id=22976, stack(0x000000bf0aa00000,0x000000bf0ab00000)]
  0x0000020064388e70 JavaThread "Cache worker for Java compile cache (C:\Users\kaan4\.gradle\caches\7.5\javaCompile)" [_thread_blocked, id=16892, stack(0x000000bf0bf00000,0x000000bf0c000000)]
  0x000002006033edf0 JavaThread "Handler for socket connection from /127.0.0.1:57217 to /127.0.0.1:57318" [_thread_in_native, id=8864, stack(0x000000bf01b00000,0x000000bf01c00000)]
  0x000002006033f790 JavaThread "Cancel handler" [_thread_blocked, id=30140, stack(0x000000bf01c00000,0x000000bf01d00000)]
  0x000002006033c770 JavaThread "Asynchronous log dispatcher for DefaultDaemonConnection: socket connection from /127.0.0.1:57217 to /127.0.0.1:57318" [_thread_blocked, id=24612, stack(0x000000bf03000000,0x000000bf03100000)]
  0x000002006033d5e0 JavaThread "Stdin handler" [_thread_blocked, id=5548, stack(0x000000bf03100000,0x000000bf03200000)]
  0x000002006033d110 JavaThread "Daemon client event forwarder" [_thread_blocked, id=18440, stack(0x000000bf03b00000,0x000000bf03c00000)]
=>0x000002005caa1ae0 JavaThread "C2 CompilerThread1" daemon [_thread_in_native, id=25820, stack(0x000000bf03c00000,0x000000bf03d00000)]
  0x000002005caa3e50 JavaThread "C2 CompilerThread2" daemon [_thread_in_native, id=25068, stack(0x000000bf03d00000,0x000000bf03e00000)]
  0x000002006033fc60 JavaThread "Cache worker for checksums cache (C:\Users\kaan4\OneDrive\Belgeler\GitHub\EnvanterKontrolSistemi\.gradle\7.5\checksums)" [_thread_blocked, id=20556, stack(0x000000bf03e00000,0x000000bf03f00000)]
  0x0000020060339c20 JavaThread "Cache worker for cache directory md-rule (C:\Users\kaan4\.gradle\caches\7.5\md-rule)" [_thread_blocked, id=6648, stack(0x000000bf03f00000,0x000000bf04000000)]
  0x0000020060340130 JavaThread "Cache worker for file hash cache (C:\Users\kaan4\OneDrive\Belgeler\GitHub\EnvanterKontrolSistemi\.gradle\7.5\fileHashes)" [_thread_blocked, id=9016, stack(0x000000bf04000000,0x000000bf04100000)]
  0x000002006033a5c0 JavaThread "Cache worker for cache directory md-supplier (C:\Users\kaan4\.gradle\caches\7.5\md-supplier)" [_thread_blocked, id=15260, stack(0x000000bf05100000,0x000000bf05200000)]
  0x0000020060340ad0 JavaThread "Cache worker for dependencies-accessors (C:\Users\kaan4\OneDrive\Belgeler\GitHub\EnvanterKontrolSistemi\.gradle\7.5\dependencies-accessors)" [_thread_blocked, id=20892, stack(0x000000bf05200000,0x000000bf05300000)]
  0x000002006033b900 JavaThread "Cache worker for Build Output Cleanup Cache (C:\Users\kaan4\OneDrive\Belgeler\GitHub\EnvanterKontrolSistemi\.gradle\buildOutputCleanup)" [_thread_blocked, id=20056, stack(0x000000bf04700000,0x000000bf04800000)]

Other Threads:
  0x0000020059948020 VMThread "VM Thread" [stack: 0x000000bf02300000,0x000000bf02400000] [id=19764]
  0x000002003fb502e0 WatcherThread [stack: 0x000000bf02f00000,0x000000bf03000000] [id=18132]
  0x000002003fb26790 GCTaskThread "GC Thread#0" [stack: 0x000000bf01e00000,0x000000bf01f00000] [id=18308]
  0x000002005af92020 GCTaskThread "GC Thread#1" [stack: 0x000000bf03200000,0x000000bf03300000] [id=23404]
  0x000002005aafcc50 GCTaskThread "GC Thread#2" [stack: 0x000000bf03300000,0x000000bf03400000] [id=6088]
  0x000002005b1bb210 GCTaskThread "GC Thread#3" [stack: 0x000000bf03400000,0x000000bf03500000] [id=7300]
  0x000002005b1bacb0 GCTaskThread "GC Thread#4" [stack: 0x000000bf03500000,0x000000bf03600000] [id=17292]
  0x000002005b1b99e0 GCTaskThread "GC Thread#5" [stack: 0x000000bf03600000,0x000000bf03700000] [id=1224]
  0x000002005b1ba1f0 GCTaskThread "GC Thread#6" [stack: 0x000000bf04300000,0x000000bf04400000] [id=8092]
  0x000002005b1ba4a0 GCTaskThread "GC Thread#7" [stack: 0x000000bf04400000,0x000000bf04500000] [id=27992]
  0x000002003fb37830 ConcurrentGCThread "G1 Main Marker" [stack: 0x000000bf01f00000,0x000000bf02000000] [id=22260]
  0x000002003fb38240 ConcurrentGCThread "G1 Conc#0" [stack: 0x000000bf02000000,0x000000bf02100000] [id=11856]
  0x000002005b1ba750 ConcurrentGCThread "G1 Conc#1" [stack: 0x000000bf04500000,0x000000bf04600000] [id=24808]
  0x000002003fb8dd40 ConcurrentGCThread "G1 Refine#0" [stack: 0x000000bf02100000,0x000000bf02200000] [id=28324]
  0x000002003fb8e600 ConcurrentGCThread "G1 Service" [stack: 0x000000bf02200000,0x000000bf02300000] [id=28128]

Threads with active compile tasks:
C2 CompilerThread0   136904 17233       4       org.gradle.internal.instantiation.generator.ParamsMatchingConstructorSelector::forParams (481 bytes)
C1 CompilerThread0   136904 17239       3       org.gradle.api.internal.artifacts.ivyservice.resolveengine.graph.conflicts.VersionConflictResolutionDetails::mergeCauses (127 bytes)
C2 CompilerThread1   136904 17215       4       org.gradle.api.internal.artifacts.repositories.resolver.AbstractResourcePattern::isOptionalToken (153 bytes)
C2 CompilerThread2   136904 17201       4       org.gradle.internal.service.DefaultServiceRegistry$ClassInspector::getDetailsForClass (50 bytes)

VM state: not at safepoint (normal execution)

VM Mutex/Monitor currently owned by a thread: None

Heap address: 0x0000000080000000, size: 2048 MB, Compressed Oops mode: 32-bit

CDS archive(s) not mapped
Compressed class space mapped at: 0x0000000100000000-0x0000000140000000, reserved size: 1073741824
Narrow klass base: 0x0000000000000000, Narrow klass shift: 3, Narrow klass range: 0x140000000

GC Precious Log:
 CPUs: 8 total, 8 available
 Memory: 16220M
 Large Page Support: Disabled
 NUMA Support: Disabled
 Compressed Oops: Enabled (32-bit)
 Heap Region Size: 1M
 Heap Min Capacity: 8M
 Heap Initial Capacity: 254M
 Heap Max Capacity: 2G
 Pre-touch: Disabled
 Parallel Workers: 8
 Concurrent Workers: 2
 Concurrent Refinement Workers: 8
 Periodic GC: Disabled

Heap:
 garbage-first heap   total 362496K, used 244948K [0x0000000080000000, 0x0000000100000000)
  region size 1024K, 49 young (50176K), 10 survivors (10240K)
 Metaspace       used 132953K, committed 133952K, reserved 1171456K
  class space    used 17719K, committed 18240K, reserved 1048576K

Heap Regions: E=young(eden), S=young(survivor), O=old, HS=humongous(starts), HC=humongous(continues), CS=collection set, F=free, OA=open archive, CA=closed archive, TAMS=top-at-mark-start (previous, next)
|   0|0x0000000080000000, 0x0000000080100000, 0x0000000080100000|100%| O|  |TAMS 0x0000000080100000, 0x0000000080000000| Untracked 
|   1|0x0000000080100000, 0x0000000080200000, 0x0000000080200000|100%| O|  |TAMS 0x0000000080200000, 0x0000000080100000| Untracked 
|   2|0x0000000080200000, 0x0000000080300000, 0x0000000080300000|100%| O|  |TAMS 0x0000000080300000, 0x0000000080200000| Untracked 
|   3|0x0000000080300000, 0x0000000080400000, 0x0000000080400000|100%|HS|  |TAMS 0x0000000080400000, 0x0000000080300000| Complete 
|   4|0x0000000080400000, 0x0000000080500000, 0x0000000080500000|100%|HC|  |TAMS 0x0000000080500000, 0x0000000080400000| Complete 
|   5|0x0000000080500000, 0x0000000080600000, 0x0000000080600000|100%|HC|  |TAMS 0x0000000080600000, 0x0000000080500000| Complete 
|   6|0x0000000080600000, 0x0000000080700000, 0x0000000080700000|100%| O|  |TAMS 0x0000000080700000, 0x0000000080600000| Untracked 
|   7|0x0000000080700000, 0x0000000080800000, 0x0000000080800000|100%| O|  |TAMS 0x0000000080800000, 0x0000000080700000| Untracked 
|   8|0x0000000080800000, 0x0000000080900000, 0x0000000080900000|100%| O|  |TAMS 0x0000000080900000, 0x0000000080800000| Untracked 
|   9|0x0000000080900000, 0x0000000080a00000, 0x0000000080a00000|100%| O|  |TAMS 0x0000000080a00000, 0x0000000080900000| Untracked 
|  10|0x0000000080a00000, 0x0000000080b00000, 0x0000000080b00000|100%| O|  |TAMS 0x0000000080b00000, 0x0000000080a00000| Untracked 
|  11|0x0000000080b00000, 0x0000000080c00000, 0x0000000080c00000|100%| O|  |TAMS 0x0000000080c00000, 0x0000000080b00000| Untracked 
|  12|0x0000000080c00000, 0x0000000080d00000, 0x0000000080d00000|100%| O|  |TAMS 0x0000000080d00000, 0x0000000080c00000| Untracked 
|  13|0x0000000080d00000, 0x0000000080e00000, 0x0000000080e00000|100%| O|  |TAMS 0x0000000080e00000, 0x0000000080d00000| Untracked 
|  14|0x0000000080e00000, 0x0000000080f00000, 0x0000000080f00000|100%| O|  |TAMS 0x0000000080f00000, 0x0000000080e00000| Untracked 
|  15|0x0000000080f00000, 0x0000000081000000, 0x0000000081000000|100%| O|  |TAMS 0x0000000081000000, 0x0000000080f00000| Untracked 
|  16|0x0000000081000000, 0x0000000081100000, 0x0000000081100000|100%| O|  |TAMS 0x0000000081100000, 0x0000000081000000| Untracked 
|  17|0x0000000081100000, 0x0000000081200000, 0x0000000081200000|100%| O|  |TAMS 0x0000000081200000, 0x0000000081100000| Untracked 
|  18|0x0000000081200000, 0x0000000081300000, 0x0000000081300000|100%|HS|  |TAMS 0x0000000081300000, 0x0000000081200000| Complete 
|  19|0x0000000081300000, 0x0000000081400000, 0x0000000081400000|100%|HC|  |TAMS 0x0000000081400000, 0x0000000081300000| Complete 
|  20|0x0000000081400000, 0x0000000081500000, 0x0000000081500000|100%|HS|  |TAMS 0x0000000081500000, 0x0000000081400000| Complete 
|  21|0x0000000081500000, 0x0000000081600000, 0x0000000081600000|100%|HC|  |TAMS 0x0000000081600000, 0x0000000081500000| Complete 
|  22|0x0000000081600000, 0x0000000081700000, 0x0000000081700000|100%|HC|  |TAMS 0x0000000081700000, 0x0000000081600000| Complete 
|  23|0x0000000081700000, 0x0000000081800000, 0x0000000081800000|100%|HS|  |TAMS 0x0000000081800000, 0x0000000081700000| Complete 
|  24|0x0000000081800000, 0x0000000081900000, 0x0000000081900000|100%|HC|  |TAMS 0x0000000081900000, 0x0000000081800000| Complete 
|  25|0x0000000081900000, 0x0000000081a00000, 0x0000000081a00000|100%| O|  |TAMS 0x0000000081a00000, 0x0000000081900000| Untracked 
|  26|0x0000000081a00000, 0x0000000081b00000, 0x0000000081b00000|100%|HS|  |TAMS 0x0000000081b00000, 0x0000000081a00000| Complete 
|  27|0x0000000081b00000, 0x0000000081c00000, 0x0000000081c00000|100%|HC|  |TAMS 0x0000000081c00000, 0x0000000081b00000| Complete 
|  28|0x0000000081c00000, 0x0000000081d00000, 0x0000000081d00000|100%|HC|  |TAMS 0x0000000081d00000, 0x0000000081c00000| Complete 
|  29|0x0000000081d00000, 0x0000000081e00000, 0x0000000081e00000|100%|HS|  |TAMS 0x0000000081e00000, 0x0000000081d00000| Complete 
|  30|0x0000000081e00000, 0x0000000081f00000, 0x0000000081f00000|100%|HC|  |TAMS 0x0000000081f00000, 0x0000000081e00000| Complete 
|  31|0x0000000081f00000, 0x0000000082000000, 0x0000000082000000|100%| O|  |TAMS 0x0000000082000000, 0x0000000081f00000| Untracked 
|  32|0x0000000082000000, 0x0000000082100000, 0x0000000082100000|100%| O|  |TAMS 0x0000000082100000, 0x0000000082000000| Untracked 
|  33|0x0000000082100000, 0x0000000082200000, 0x0000000082200000|100%| O|  |TAMS 0x0000000082200000, 0x0000000082100000| Untracked 
|  34|0x0000000082200000, 0x0000000082300000, 0x0000000082300000|100%| O|  |TAMS 0x0000000082300000, 0x0000000082200000| Untracked 
|  35|0x0000000082300000, 0x0000000082400000, 0x0000000082400000|100%|HS|  |TAMS 0x0000000082400000, 0x0000000082300000| Complete 
|  36|0x0000000082400000, 0x0000000082500000, 0x0000000082500000|100%|HC|  |TAMS 0x0000000082500000, 0x0000000082400000| Complete 
|  37|0x0000000082500000, 0x0000000082600000, 0x0000000082600000|100%|HC|  |TAMS 0x0000000082600000, 0x0000000082500000| Complete 
|  38|0x0000000082600000, 0x0000000082700000, 0x0000000082700000|100%|HC|  |TAMS 0x0000000082700000, 0x0000000082600000| Complete 
|  39|0x0000000082700000, 0x0000000082800000, 0x0000000082800000|100%|HC|  |TAMS 0x0000000082800000, 0x0000000082700000| Complete 
|  40|0x0000000082800000, 0x0000000082900000, 0x0000000082900000|100%|HC|  |TAMS 0x0000000082900000, 0x0000000082800000| Complete 
|  41|0x0000000082900000, 0x0000000082a00000, 0x0000000082a00000|100%|HS|  |TAMS 0x0000000082a00000, 0x0000000082900000| Complete 
|  42|0x0000000082a00000, 0x0000000082b00000, 0x0000000082b00000|100%| O|  |TAMS 0x0000000082b00000, 0x0000000082a00000| Untracked 
|  43|0x0000000082b00000, 0x0000000082c00000, 0x0000000082c00000|100%| O|  |TAMS 0x0000000082c00000, 0x0000000082b00000| Untracked 
|  44|0x0000000082c00000, 0x0000000082d00000, 0x0000000082d00000|100%| O|  |TAMS 0x0000000082d00000, 0x0000000082c00000| Untracked 
|  45|0x0000000082d00000, 0x0000000082e00000, 0x0000000082e00000|100%|HS|  |TAMS 0x0000000082e00000, 0x0000000082d00000| Complete 
|  46|0x0000000082e00000, 0x0000000082f00000, 0x0000000082f00000|100%|HC|  |TAMS 0x0000000082f00000, 0x0000000082e00000| Complete 
|  47|0x0000000082f00000, 0x0000000083000000, 0x0000000083000000|100%|HC|  |TAMS 0x0000000083000000, 0x0000000082f00000| Complete 
|  48|0x0000000083000000, 0x0000000083100000, 0x0000000083100000|100%|HC|  |TAMS 0x0000000083100000, 0x0000000083000000| Complete 
|  49|0x0000000083100000, 0x0000000083200000, 0x0000000083200000|100%|HC|  |TAMS 0x0000000083200000, 0x0000000083100000| Complete 
|  50|0x0000000083200000, 0x0000000083300000, 0x0000000083300000|100%|HC|  |TAMS 0x0000000083300000, 0x0000000083200000| Complete 
|  51|0x0000000083300000, 0x0000000083400000, 0x0000000083400000|100%|HC|  |TAMS 0x0000000083400000, 0x0000000083300000| Complete 
|  52|0x0000000083400000, 0x0000000083500000, 0x0000000083500000|100%|HC|  |TAMS 0x0000000083500000, 0x0000000083400000| Complete 
|  53|0x0000000083500000, 0x0000000083600000, 0x0000000083600000|100%|HC|  |TAMS 0x0000000083600000, 0x0000000083500000| Complete 
|  54|0x0000000083600000, 0x0000000083700000, 0x0000000083700000|100%|HC|  |TAMS 0x0000000083700000, 0x0000000083600000| Complete 
|  55|0x0000000083700000, 0x0000000083800000, 0x0000000083800000|100%| O|  |TAMS 0x0000000083800000, 0x0000000083700000| Untracked 
|  56|0x0000000083800000, 0x0000000083900000, 0x0000000083900000|100%| O|  |TAMS 0x0000000083900000, 0x0000000083800000| Untracked 
|  57|0x0000000083900000, 0x0000000083a00000, 0x0000000083a00000|100%| O|  |TAMS 0x0000000083a00000, 0x0000000083900000| Untracked 
|  58|0x0000000083a00000, 0x0000000083b00000, 0x0000000083b00000|100%| O|  |TAMS 0x0000000083b00000, 0x0000000083a00000| Untracked 
|  59|0x0000000083b00000, 0x0000000083c00000, 0x0000000083c00000|100%| O|  |TAMS 0x0000000083c00000, 0x0000000083b00000| Untracked 
|  60|0x0000000083c00000, 0x0000000083d00000, 0x0000000083d00000|100%| O|  |TAMS 0x0000000083d00000, 0x0000000083c00000| Untracked 
|  61|0x0000000083d00000, 0x0000000083e00000, 0x0000000083e00000|100%|HS|  |TAMS 0x0000000083e00000, 0x0000000083d00000| Complete 
|  62|0x0000000083e00000, 0x0000000083f00000, 0x0000000083f00000|100%|HS|  |TAMS 0x0000000083f00000, 0x0000000083e00000| Complete 
|  63|0x0000000083f00000, 0x0000000084000000, 0x0000000084000000|100%|HC|  |TAMS 0x0000000084000000, 0x0000000083f00000| Complete 
|  64|0x0000000084000000, 0x0000000084100000, 0x0000000084100000|100%|HC|  |TAMS 0x0000000084100000, 0x0000000084000000| Complete 
|  65|0x0000000084100000, 0x0000000084200000, 0x0000000084200000|100%|HC|  |TAMS 0x0000000084200000, 0x0000000084100000| Complete 
|  66|0x0000000084200000, 0x0000000084300000, 0x0000000084300000|100%|HC|  |TAMS 0x0000000084300000, 0x0000000084200000| Complete 
|  67|0x0000000084300000, 0x0000000084400000, 0x0000000084400000|100%|HC|  |TAMS 0x0000000084400000, 0x0000000084300000| Complete 
|  68|0x0000000084400000, 0x0000000084500000, 0x0000000084500000|100%|HC|  |TAMS 0x0000000084500000, 0x0000000084400000| Complete 
|  69|0x0000000084500000, 0x0000000084600000, 0x0000000084600000|100%|HC|  |TAMS 0x0000000084600000, 0x0000000084500000| Complete 
|  70|0x0000000084600000, 0x0000000084700000, 0x0000000084700000|100%|HC|  |TAMS 0x0000000084700000, 0x0000000084600000| Complete 
|  71|0x0000000084700000, 0x0000000084800000, 0x0000000084800000|100%|HC|  |TAMS 0x0000000084800000, 0x0000000084700000| Complete 
|  72|0x0000000084800000, 0x0000000084900000, 0x0000000084900000|100%|HC|  |TAMS 0x0000000084900000, 0x0000000084800000| Complete 
|  73|0x0000000084900000, 0x0000000084a00000, 0x0000000084a00000|100%|HS|  |TAMS 0x0000000084a00000, 0x0000000084900000| Complete 
|  74|0x0000000084a00000, 0x0000000084b00000, 0x0000000084b00000|100%|HC|  |TAMS 0x0000000084b00000, 0x0000000084a00000| Complete 
|  75|0x0000000084b00000, 0x0000000084c00000, 0x0000000084c00000|100%|HS|  |TAMS 0x0000000084c00000, 0x0000000084b00000| Complete 
|  76|0x0000000084c00000, 0x0000000084d00000, 0x0000000084d00000|100%|HC|  |TAMS 0x0000000084d00000, 0x0000000084c00000| Complete 
|  77|0x0000000084d00000, 0x0000000084e00000, 0x0000000084e00000|100%|HC|  |TAMS 0x0000000084e00000, 0x0000000084d00000| Complete 
|  78|0x0000000084e00000, 0x0000000084f00000, 0x0000000084f00000|100%|HS|  |TAMS 0x0000000084f00000, 0x0000000084e00000| Complete 
|  79|0x0000000084f00000, 0x0000000085000000, 0x0000000085000000|100%|HC|  |TAMS 0x0000000085000000, 0x0000000084f00000| Complete 
|  80|0x0000000085000000, 0x0000000085100000, 0x0000000085100000|100%| O|  |TAMS 0x0000000085100000, 0x0000000085000000| Untracked 
|  81|0x0000000085100000, 0x0000000085200000, 0x0000000085200000|100%| O|  |TAMS 0x0000000085200000, 0x0000000085100000| Untracked 
|  82|0x0000000085200000, 0x0000000085300000, 0x0000000085300000|100%| O|  |TAMS 0x0000000085300000, 0x0000000085200000| Untracked 
|  83|0x0000000085300000, 0x0000000085400000, 0x0000000085400000|100%| O|  |TAMS 0x0000000085400000, 0x0000000085300000| Untracked 
|  84|0x0000000085400000, 0x0000000085500000, 0x0000000085500000|100%|HS|  |TAMS 0x0000000085500000, 0x0000000085400000| Complete 
|  85|0x0000000085500000, 0x0000000085600000, 0x0000000085600000|100%|HC|  |TAMS 0x0000000085600000, 0x0000000085500000| Complete 
|  86|0x0000000085600000, 0x0000000085700000, 0x0000000085700000|100%|HC|  |TAMS 0x0000000085700000, 0x0000000085600000| Complete 
|  87|0x0000000085700000, 0x0000000085800000, 0x0000000085800000|100%| O|  |TAMS 0x0000000085800000, 0x0000000085700000| Untracked 
|  88|0x0000000085800000, 0x0000000085900000, 0x0000000085900000|100%| O|  |TAMS 0x0000000085900000, 0x0000000085800000| Untracked 
|  89|0x0000000085900000, 0x0000000085a00000, 0x0000000085a00000|100%| O|  |TAMS 0x0000000085a00000, 0x0000000085900000| Untracked 
|  90|0x0000000085a00000, 0x0000000085b00000, 0x0000000085b00000|100%| O|  |TAMS 0x0000000085b00000, 0x0000000085a00000| Untracked 
|  91|0x0000000085b00000, 0x0000000085c00000, 0x0000000085c00000|100%|HS|  |TAMS 0x0000000085c00000, 0x0000000085b00000| Complete 
|  92|0x0000000085c00000, 0x0000000085d00000, 0x0000000085d00000|100%|HC|  |TAMS 0x0000000085d00000, 0x0000000085c00000| Complete 
|  93|0x0000000085d00000, 0x0000000085e00000, 0x0000000085e00000|100%|HC|  |TAMS 0x0000000085e00000, 0x0000000085d00000| Complete 
|  94|0x0000000085e00000, 0x0000000085f00000, 0x0000000085f00000|100%|HC|  |TAMS 0x0000000085f00000, 0x0000000085e00000| Complete 
|  95|0x0000000085f00000, 0x0000000086000000, 0x0000000086000000|100%|HC|  |TAMS 0x0000000086000000, 0x0000000085f00000| Complete 
|  96|0x0000000086000000, 0x0000000086100000, 0x0000000086100000|100%|HC|  |TAMS 0x0000000086100000, 0x0000000086000000| Complete 
|  97|0x0000000086100000, 0x0000000086200000, 0x0000000086200000|100%|HS|  |TAMS 0x0000000086200000, 0x0000000086100000| Complete 
|  98|0x0000000086200000, 0x0000000086300000, 0x0000000086300000|100%| O|  |TAMS 0x0000000086300000, 0x0000000086200000| Untracked 
|  99|0x0000000086300000, 0x0000000086400000, 0x0000000086400000|100%| O|  |TAMS 0x0000000086400000, 0x0000000086300000| Untracked 
| 100|0x0000000086400000, 0x0000000086500000, 0x0000000086500000|100%| O|  |TAMS 0x0000000086500000, 0x0000000086400000| Untracked 
| 101|0x0000000086500000, 0x0000000086600000, 0x0000000086600000|100%| O|  |TAMS 0x0000000086600000, 0x0000000086500000| Complete 
| 102|0x0000000086600000, 0x0000000086700000, 0x0000000086700000|100%|HS|  |TAMS 0x0000000086700000, 0x0000000086600000| Complete 
| 103|0x0000000086700000, 0x0000000086800000, 0x0000000086800000|100%|HS|  |TAMS 0x0000000086800000, 0x0000000086700000| Complete 
| 104|0x0000000086800000, 0x0000000086900000, 0x0000000086900000|100%| O|  |TAMS 0x0000000086900000, 0x0000000086800000| Untracked 
| 105|0x0000000086900000, 0x0000000086a00000, 0x0000000086a00000|100%| O|  |TAMS 0x0000000086a00000, 0x0000000086900000| Untracked 
| 106|0x0000000086a00000, 0x0000000086b00000, 0x0000000086b00000|100%| O|  |TAMS 0x0000000086b00000, 0x0000000086a00000| Untracked 
| 107|0x0000000086b00000, 0x0000000086c00000, 0x0000000086c00000|100%| O|  |TAMS 0x0000000086c00000, 0x0000000086b00000| Untracked 
| 108|0x0000000086c00000, 0x0000000086c00000, 0x0000000086d00000|  0%| F|  |TAMS 0x0000000086c00000, 0x0000000086c00000| Untracked 
| 109|0x0000000086d00000, 0x0000000086e00000, 0x0000000086e00000|100%| O|  |TAMS 0x0000000086e00000, 0x0000000086d00000| Untracked 
| 110|0x0000000086e00000, 0x0000000086f00000, 0x0000000086f00000|100%| O|  |TAMS 0x0000000086f00000, 0x0000000086e00000| Untracked 
| 111|0x0000000086f00000, 0x0000000087000000, 0x0000000087000000|100%| O|  |TAMS 0x0000000087000000, 0x0000000086f00000| Untracked 
| 112|0x0000000087000000, 0x0000000087100000, 0x0000000087100000|100%| O|  |TAMS 0x0000000087100000, 0x0000000087000000| Untracked 
| 113|0x0000000087100000, 0x0000000087200000, 0x0000000087200000|100%| O|  |TAMS 0x0000000087200000, 0x0000000087100000| Untracked 
| 114|0x0000000087200000, 0x0000000087300000, 0x0000000087300000|100%| O|  |TAMS 0x0000000087300000, 0x0000000087200000| Untracked 
| 115|0x0000000087300000, 0x0000000087400000, 0x0000000087400000|100%| O|  |TAMS 0x0000000087400000, 0x0000000087300000| Untracked 
| 116|0x0000000087400000, 0x0000000087500000, 0x0000000087500000|100%| O|  |TAMS 0x0000000087500000, 0x0000000087400000| Untracked 
| 117|0x0000000087500000, 0x0000000087600000, 0x0000000087600000|100%| O|  |TAMS 0x0000000087600000, 0x0000000087500000| Untracked 
| 118|0x0000000087600000, 0x0000000087700000, 0x0000000087700000|100%| O|  |TAMS 0x0000000087700000, 0x0000000087600000| Untracked 
| 119|0x0000000087700000, 0x0000000087800000, 0x0000000087800000|100%| O|  |TAMS 0x0000000087800000, 0x0000000087700000| Untracked 
| 120|0x0000000087800000, 0x0000000087900000, 0x0000000087900000|100%| O|  |TAMS 0x0000000087900000, 0x0000000087800000| Untracked 
| 121|0x0000000087900000, 0x0000000087a00000, 0x0000000087a00000|100%| O|  |TAMS 0x0000000087a00000, 0x0000000087900000| Untracked 
| 122|0x0000000087a00000, 0x0000000087b00000, 0x0000000087b00000|100%| O|  |TAMS 0x0000000087b00000, 0x0000000087a00000| Untracked 
| 123|0x0000000087b00000, 0x0000000087c00000, 0x0000000087c00000|100%|HS|  |TAMS 0x0000000087c00000, 0x0000000087b00000| Complete 
| 124|0x0000000087c00000, 0x0000000087d00000, 0x0000000087d00000|100%|HC|  |TAMS 0x0000000087d00000, 0x0000000087c00000| Complete 
| 125|0x0000000087d00000, 0x0000000087e00000, 0x0000000087e00000|100%|HS|  |TAMS 0x0000000087e00000, 0x0000000087d00000| Complete 
| 126|0x0000000087e00000, 0x0000000087f00000, 0x0000000087f00000|100%|HC|  |TAMS 0x0000000087f00000, 0x0000000087e00000| Complete 
| 127|0x0000000087f00000, 0x0000000088000000, 0x0000000088000000|100%|HC|  |TAMS 0x0000000088000000, 0x0000000087f00000| Complete 
| 128|0x0000000088000000, 0x0000000088100000, 0x0000000088100000|100%|HS|  |TAMS 0x0000000088100000, 0x0000000088000000| Complete 
| 129|0x0000000088100000, 0x0000000088200000, 0x0000000088200000|100%|HC|  |TAMS 0x0000000088200000, 0x0000000088100000| Complete 
| 130|0x0000000088200000, 0x0000000088300000, 0x0000000088300000|100%|HC|  |TAMS 0x0000000088300000, 0x0000000088200000| Complete 
| 131|0x0000000088300000, 0x0000000088400000, 0x0000000088400000|100%|HS|  |TAMS 0x0000000088400000, 0x0000000088300000| Complete 
| 132|0x0000000088400000, 0x0000000088500000, 0x0000000088500000|100%|HC|  |TAMS 0x0000000088500000, 0x0000000088400000| Complete 
| 133|0x0000000088500000, 0x0000000088600000, 0x0000000088600000|100%|HS|  |TAMS 0x0000000088600000, 0x0000000088500000| Complete 
| 134|0x0000000088600000, 0x0000000088700000, 0x0000000088700000|100%|HC|  |TAMS 0x0000000088700000, 0x0000000088600000| Complete 
| 135|0x0000000088700000, 0x0000000088800000, 0x0000000088800000|100%|HC|  |TAMS 0x0000000088800000, 0x0000000088700000| Complete 
| 136|0x0000000088800000, 0x0000000088900000, 0x0000000088900000|100%|HC|  |TAMS 0x0000000088900000, 0x0000000088800000| Complete 
| 137|0x0000000088900000, 0x0000000088a00000, 0x0000000088a00000|100%|HC|  |TAMS 0x0000000088a00000, 0x0000000088900000| Complete 
| 138|0x0000000088a00000, 0x0000000088b00000, 0x0000000088b00000|100%|HC|  |TAMS 0x0000000088b00000, 0x0000000088a00000| Complete 
| 139|0x0000000088b00000, 0x0000000088c00000, 0x0000000088c00000|100%|HC|  |TAMS 0x0000000088c00000, 0x0000000088b00000| Complete 
| 140|0x0000000088c00000, 0x0000000088d00000, 0x0000000088d00000|100%|HC|  |TAMS 0x0000000088d00000, 0x0000000088c00000| Complete 
| 141|0x0000000088d00000, 0x0000000088e00000, 0x0000000088e00000|100%|HC|  |TAMS 0x0000000088e00000, 0x0000000088d00000| Complete 
| 142|0x0000000088e00000, 0x0000000088f00000, 0x0000000088f00000|100%|HC|  |TAMS 0x0000000088f00000, 0x0000000088e00000| Complete 
| 143|0x0000000088f00000, 0x0000000089000000, 0x0000000089000000|100%|HS|  |TAMS 0x0000000089000000, 0x0000000088f00000| Complete 
| 144|0x0000000089000000, 0x0000000089100000, 0x0000000089100000|100%|HC|  |TAMS 0x0000000089100000, 0x0000000089000000| Complete 
| 145|0x0000000089100000, 0x0000000089200000, 0x0000000089200000|100%|HS|  |TAMS 0x0000000089200000, 0x0000000089100000| Complete 
| 146|0x0000000089200000, 0x0000000089300000, 0x0000000089300000|100%|HC|  |TAMS 0x0000000089300000, 0x0000000089200000| Complete 
| 147|0x0000000089300000, 0x0000000089400000, 0x0000000089400000|100%|HC|  |TAMS 0x0000000089400000, 0x0000000089300000| Complete 
| 148|0x0000000089400000, 0x0000000089500000, 0x0000000089500000|100%|HC|  |TAMS 0x0000000089500000, 0x0000000089400000| Complete 
| 149|0x0000000089500000, 0x0000000089600000, 0x0000000089600000|100%|HC|  |TAMS 0x0000000089600000, 0x0000000089500000| Complete 
| 150|0x0000000089600000, 0x0000000089700000, 0x0000000089700000|100%|HC|  |TAMS 0x0000000089700000, 0x0000000089600000| Complete 
| 151|0x0000000089700000, 0x0000000089800000, 0x0000000089800000|100%| O|  |TAMS 0x0000000089800000, 0x0000000089700000| Untracked 
| 152|0x0000000089800000, 0x0000000089900000, 0x0000000089900000|100%| O|  |TAMS 0x0000000089900000, 0x0000000089800000| Untracked 
| 153|0x0000000089900000, 0x0000000089a00000, 0x0000000089a00000|100%| O|  |TAMS 0x0000000089a00000, 0x0000000089900000| Untracked 
| 154|0x0000000089a00000, 0x0000000089b00000, 0x0000000089b00000|100%| O|  |TAMS 0x0000000089b00000, 0x0000000089a00000| Untracked 
| 155|0x0000000089b00000, 0x0000000089c00000, 0x0000000089c00000|100%| O|  |TAMS 0x0000000089c00000, 0x0000000089b00000| Untracked 
| 156|0x0000000089c00000, 0x0000000089d00000, 0x0000000089d00000|100%| O|  |TAMS 0x0000000089d00000, 0x0000000089c00000| Untracked 
| 157|0x0000000089d00000, 0x0000000089e00000, 0x0000000089e00000|100%| O|  |TAMS 0x0000000089e00000, 0x0000000089d00000| Untracked 
| 158|0x0000000089e00000, 0x0000000089f00000, 0x0000000089f00000|100%| O|  |TAMS 0x0000000089f00000, 0x0000000089e00000| Complete 
| 159|0x0000000089f00000, 0x000000008a000000, 0x000000008a000000|100%| O|  |TAMS 0x000000008a000000, 0x0000000089f00000| Untracked 
| 160|0x000000008a000000, 0x000000008a100000, 0x000000008a100000|100%| O|  |TAMS 0x000000008a100000, 0x000000008a000000| Untracked 
| 161|0x000000008a100000, 0x000000008a200000, 0x000000008a200000|100%| O|  |TAMS 0x000000008a200000, 0x000000008a100000| Untracked 
| 162|0x000000008a200000, 0x000000008a300000, 0x000000008a300000|100%| O|  |TAMS 0x000000008a300000, 0x000000008a200000| Untracked 
| 163|0x000000008a300000, 0x000000008a400000, 0x000000008a400000|100%| O|  |TAMS 0x000000008a400000, 0x000000008a300000| Untracked 
| 164|0x000000008a400000, 0x000000008a500000, 0x000000008a500000|100%| O|  |TAMS 0x000000008a500000, 0x000000008a400000| Complete 
| 165|0x000000008a500000, 0x000000008a600000, 0x000000008a600000|100%| O|  |TAMS 0x000000008a600000, 0x000000008a500000| Untracked 
| 166|0x000000008a600000, 0x000000008a700000, 0x000000008a700000|100%| O|  |TAMS 0x000000008a700000, 0x000000008a600000| Untracked 
| 167|0x000000008a700000, 0x000000008a800000, 0x000000008a800000|100%| O|  |TAMS 0x000000008a800000, 0x000000008a700000| Untracked 
| 168|0x000000008a800000, 0x000000008a900000, 0x000000008a900000|100%| O|  |TAMS 0x000000008a900000, 0x000000008a800000| Untracked 
| 169|0x000000008a900000, 0x000000008aa00000, 0x000000008aa00000|100%| O|  |TAMS 0x000000008aa00000, 0x000000008a900000| Untracked 
| 170|0x000000008aa00000, 0x000000008ab00000, 0x000000008ab00000|100%| O|  |TAMS 0x000000008ab00000, 0x000000008aa00000| Untracked 
| 171|0x000000008ab00000, 0x000000008ac00000, 0x000000008ac00000|100%| O|  |TAMS 0x000000008ac00000, 0x000000008ab00000| Untracked 
| 172|0x000000008ac00000, 0x000000008ad00000, 0x000000008ad00000|100%| O|  |TAMS 0x000000008ad00000, 0x000000008ac00000| Untracked 
| 173|0x000000008ad00000, 0x000000008ae00000, 0x000000008ae00000|100%| O|  |TAMS 0x000000008ae00000, 0x000000008ad00000| Untracked 
| 174|0x000000008ae00000, 0x000000008af00000, 0x000000008af00000|100%| O|  |TAMS 0x000000008af00000, 0x000000008ae00000| Untracked 
| 175|0x000000008af00000, 0x000000008b000000, 0x000000008b000000|100%| O|  |TAMS 0x000000008b000000, 0x000000008af00000| Untracked 
| 176|0x000000008b000000, 0x000000008b100000, 0x000000008b100000|100%| O|  |TAMS 0x000000008b100000, 0x000000008b000000| Untracked 
| 177|0x000000008b100000, 0x000000008b200000, 0x000000008b200000|100%| O|  |TAMS 0x000000008b200000, 0x000000008b100000| Untracked 
| 178|0x000000008b200000, 0x000000008b300000, 0x000000008b300000|100%| O|  |TAMS 0x000000008b300000, 0x000000008b200000| Untracked 
| 179|0x000000008b300000, 0x000000008b400000, 0x000000008b400000|100%| O|  |TAMS 0x000000008b400000, 0x000000008b300000| Untracked 
| 180|0x000000008b400000, 0x000000008b500000, 0x000000008b500000|100%| O|  |TAMS 0x000000008b500000, 0x000000008b400000| Untracked 
| 181|0x000000008b500000, 0x000000008b600000, 0x000000008b600000|100%| O|  |TAMS 0x000000008b600000, 0x000000008b500000| Complete 
| 182|0x000000008b600000, 0x000000008b700000, 0x000000008b700000|100%|HS|  |TAMS 0x000000008b600000, 0x000000008b600000| Complete 
| 183|0x000000008b700000, 0x000000008b800000, 0x000000008b800000|100%|HC|  |TAMS 0x000000008b700000, 0x000000008b700000| Complete 
| 184|0x000000008b800000, 0x000000008b900000, 0x000000008b900000|100%| O|  |TAMS 0x000000008b900000, 0x000000008b800000| Untracked 
| 185|0x000000008b900000, 0x000000008ba00000, 0x000000008ba00000|100%| O|  |TAMS 0x000000008ba00000, 0x000000008b900000| Untracked 
| 186|0x000000008ba00000, 0x000000008bb00000, 0x000000008bb00000|100%| O|  |TAMS 0x000000008bb00000, 0x000000008ba00000| Untracked 
| 187|0x000000008bb00000, 0x000000008bc00000, 0x000000008bc00000|100%| O|  |TAMS 0x000000008bc00000, 0x000000008bb00000| Untracked 
| 188|0x000000008bc00000, 0x000000008bd00000, 0x000000008bd00000|100%| O|  |TAMS 0x000000008bd00000, 0x000000008bc00000| Untracked 
| 189|0x000000008bd00000, 0x000000008be00000, 0x000000008be00000|100%| O|  |TAMS 0x000000008be00000, 0x000000008bd00000| Untracked 
| 190|0x000000008be00000, 0x000000008bf00000, 0x000000008bf00000|100%| O|  |TAMS 0x000000008bf00000, 0x000000008be00000| Untracked 
| 191|0x000000008bf00000, 0x000000008c000000, 0x000000008c000000|100%| O|  |TAMS 0x000000008c000000, 0x000000008bf00000| Untracked 
| 192|0x000000008c000000, 0x000000008c100000, 0x000000008c100000|100%| O|  |TAMS 0x000000008c100000, 0x000000008c000000| Untracked 
| 193|0x000000008c100000, 0x000000008c100000, 0x000000008c200000|  0%| F|  |TAMS 0x000000008c100000, 0x000000008c100000| Untracked 
| 194|0x000000008c200000, 0x000000008c200000, 0x000000008c300000|  0%| F|  |TAMS 0x000000008c200000, 0x000000008c200000| Untracked 
| 195|0x000000008c300000, 0x000000008c300000, 0x000000008c400000|  0%| F|  |TAMS 0x000000008c300000, 0x000000008c300000| Untracked 
| 196|0x000000008c400000, 0x000000008c400000, 0x000000008c500000|  0%| F|  |TAMS 0x000000008c400000, 0x000000008c400000| Untracked 
| 197|0x000000008c500000, 0x000000008c500000, 0x000000008c600000|  0%| F|  |TAMS 0x000000008c500000, 0x000000008c500000| Untracked 
| 198|0x000000008c600000, 0x000000008c600000, 0x000000008c700000|  0%| F|  |TAMS 0x000000008c600000, 0x000000008c600000| Untracked 
| 199|0x000000008c700000, 0x000000008c700000, 0x000000008c800000|  0%| F|  |TAMS 0x000000008c700000, 0x000000008c700000| Untracked 
| 200|0x000000008c800000, 0x000000008c800000, 0x000000008c900000|  0%| F|  |TAMS 0x000000008c800000, 0x000000008c800000| Untracked 
| 201|0x000000008c900000, 0x000000008c900000, 0x000000008ca00000|  0%| F|  |TAMS 0x000000008c900000, 0x000000008c900000| Untracked 
| 202|0x000000008ca00000, 0x000000008ca00000, 0x000000008cb00000|  0%| F|  |TAMS 0x000000008ca00000, 0x000000008ca00000| Untracked 
| 203|0x000000008cb00000, 0x000000008cb00000, 0x000000008cc00000|  0%| F|  |TAMS 0x000000008cb00000, 0x000000008cb00000| Untracked 
| 204|0x000000008cc00000, 0x000000008cc00000, 0x000000008cd00000|  0%| F|  |TAMS 0x000000008cc00000, 0x000000008cc00000| Untracked 
| 205|0x000000008cd00000, 0x000000008cd00000, 0x000000008ce00000|  0%| F|  |TAMS 0x000000008cd00000, 0x000000008cd00000| Untracked 
| 206|0x000000008ce00000, 0x000000008ce00000, 0x000000008cf00000|  0%| F|  |TAMS 0x000000008ce00000, 0x000000008ce00000| Untracked 
| 207|0x000000008cf00000, 0x000000008cf00000, 0x000000008d000000|  0%| F|  |TAMS 0x000000008cf00000, 0x000000008cf00000| Untracked 
| 208|0x000000008d000000, 0x000000008d000000, 0x000000008d100000|  0%| F|  |TAMS 0x000000008d000000, 0x000000008d000000| Untracked 
| 209|0x000000008d100000, 0x000000008d100000, 0x000000008d200000|  0%| F|  |TAMS 0x000000008d100000, 0x000000008d100000| Untracked 
| 210|0x000000008d200000, 0x000000008d200000, 0x000000008d300000|  0%| F|  |TAMS 0x000000008d200000, 0x000000008d200000| Untracked 
| 211|0x000000008d300000, 0x000000008d300000, 0x000000008d400000|  0%| F|  |TAMS 0x000000008d300000, 0x000000008d300000| Untracked 
| 212|0x000000008d400000, 0x000000008d400000, 0x000000008d500000|  0%| F|  |TAMS 0x000000008d400000, 0x000000008d400000| Untracked 
| 213|0x000000008d500000, 0x000000008d500000, 0x000000008d600000|  0%| F|  |TAMS 0x000000008d500000, 0x000000008d500000| Untracked 
| 214|0x000000008d600000, 0x000000008d600000, 0x000000008d700000|  0%| F|  |TAMS 0x000000008d600000, 0x000000008d600000| Untracked 
| 215|0x000000008d700000, 0x000000008d700000, 0x000000008d800000|  0%| F|  |TAMS 0x000000008d700000, 0x000000008d700000| Untracked 
| 216|0x000000008d800000, 0x000000008d800000, 0x000000008d900000|  0%| F|  |TAMS 0x000000008d800000, 0x000000008d800000| Untracked 
| 217|0x000000008d900000, 0x000000008d900000, 0x000000008da00000|  0%| F|  |TAMS 0x000000008d900000, 0x000000008d900000| Untracked 
| 218|0x000000008da00000, 0x000000008da00000, 0x000000008db00000|  0%| F|  |TAMS 0x000000008da00000, 0x000000008da00000| Untracked 
| 219|0x000000008db00000, 0x000000008db00000, 0x000000008dc00000|  0%| F|  |TAMS 0x000000008db00000, 0x000000008db00000| Untracked 
| 220|0x000000008dc00000, 0x000000008dc00000, 0x000000008dd00000|  0%| F|  |TAMS 0x000000008dc00000, 0x000000008dc00000| Untracked 
| 221|0x000000008dd00000, 0x000000008dd00000, 0x000000008de00000|  0%| F|  |TAMS 0x000000008dd00000, 0x000000008dd00000| Untracked 
| 222|0x000000008de00000, 0x000000008de00000, 0x000000008df00000|  0%| F|  |TAMS 0x000000008de00000, 0x000000008de00000| Untracked 
| 223|0x000000008df00000, 0x000000008df00000, 0x000000008e000000|  0%| F|  |TAMS 0x000000008df00000, 0x000000008df00000| Untracked 
| 224|0x000000008e000000, 0x000000008e000000, 0x000000008e100000|  0%| F|  |TAMS 0x000000008e000000, 0x000000008e000000| Untracked 
| 225|0x000000008e100000, 0x000000008e100000, 0x000000008e200000|  0%| F|  |TAMS 0x000000008e100000, 0x000000008e100000| Untracked 
| 226|0x000000008e200000, 0x000000008e200000, 0x000000008e300000|  0%| F|  |TAMS 0x000000008e200000, 0x000000008e200000| Untracked 
| 227|0x000000008e300000, 0x000000008e300000, 0x000000008e400000|  0%| F|  |TAMS 0x000000008e300000, 0x000000008e300000| Untracked 
| 228|0x000000008e400000, 0x000000008e400000, 0x000000008e500000|  0%| F|  |TAMS 0x000000008e400000, 0x000000008e400000| Untracked 
| 229|0x000000008e500000, 0x000000008e500000, 0x000000008e600000|  0%| F|  |TAMS 0x000000008e500000, 0x000000008e500000| Untracked 
| 230|0x000000008e600000, 0x000000008e600000, 0x000000008e700000|  0%| F|  |TAMS 0x000000008e600000, 0x000000008e600000| Untracked 
| 231|0x000000008e700000, 0x000000008e700000, 0x000000008e800000|  0%| F|  |TAMS 0x000000008e700000, 0x000000008e700000| Untracked 
| 232|0x000000008e800000, 0x000000008e800000, 0x000000008e900000|  0%| F|  |TAMS 0x000000008e800000, 0x000000008e800000| Untracked 
| 233|0x000000008e900000, 0x000000008e900000, 0x000000008ea00000|  0%| F|  |TAMS 0x000000008e900000, 0x000000008e900000| Untracked 
| 234|0x000000008ea00000, 0x000000008ea00000, 0x000000008eb00000|  0%| F|  |TAMS 0x000000008ea00000, 0x000000008ea00000| Untracked 
| 235|0x000000008eb00000, 0x000000008eb00000, 0x000000008ec00000|  0%| F|  |TAMS 0x000000008eb00000, 0x000000008eb00000| Untracked 
| 236|0x000000008ec00000, 0x000000008ec00000, 0x000000008ed00000|  0%| F|  |TAMS 0x000000008ec00000, 0x000000008ec00000| Untracked 
| 237|0x000000008ed00000, 0x000000008ed00000, 0x000000008ee00000|  0%| F|  |TAMS 0x000000008ed00000, 0x000000008ed00000| Untracked 
| 238|0x000000008ee00000, 0x000000008ee00000, 0x000000008ef00000|  0%| F|  |TAMS 0x000000008ee00000, 0x000000008ee00000| Untracked 
| 239|0x000000008ef00000, 0x000000008ef00000, 0x000000008f000000|  0%| F|  |TAMS 0x000000008ef00000, 0x000000008ef00000| Untracked 
| 240|0x000000008f000000, 0x000000008f000000, 0x000000008f100000|  0%| F|  |TAMS 0x000000008f000000, 0x000000008f000000| Untracked 
| 241|0x000000008f100000, 0x000000008f100000, 0x000000008f200000|  0%| F|  |TAMS 0x000000008f100000, 0x000000008f100000| Untracked 
| 242|0x000000008f200000, 0x000000008f200000, 0x000000008f300000|  0%| F|  |TAMS 0x000000008f200000, 0x000000008f200000| Untracked 
| 243|0x000000008f300000, 0x000000008f300000, 0x000000008f400000|  0%| F|  |TAMS 0x000000008f300000, 0x000000008f300000| Untracked 
| 244|0x000000008f400000, 0x000000008f400000, 0x000000008f500000|  0%| F|  |TAMS 0x000000008f400000, 0x000000008f400000| Untracked 
| 245|0x000000008f500000, 0x000000008f500000, 0x000000008f600000|  0%| F|  |TAMS 0x000000008f500000, 0x000000008f500000| Untracked 
| 246|0x000000008f600000, 0x000000008f600000, 0x000000008f700000|  0%| F|  |TAMS 0x000000008f600000, 0x000000008f600000| Untracked 
| 247|0x000000008f700000, 0x000000008f700000, 0x000000008f800000|  0%| F|  |TAMS 0x000000008f700000, 0x000000008f700000| Untracked 
| 248|0x000000008f800000, 0x000000008f800000, 0x000000008f900000|  0%| F|  |TAMS 0x000000008f800000, 0x000000008f800000| Untracked 
| 249|0x000000008f900000, 0x000000008f900000, 0x000000008fa00000|  0%| F|  |TAMS 0x000000008f900000, 0x000000008f900000| Untracked 
| 250|0x000000008fa00000, 0x000000008fa352e0, 0x000000008fb00000| 20%| S|CS|TAMS 0x000000008fa00000, 0x000000008fa00000| Complete 
| 251|0x000000008fb00000, 0x000000008fc00000, 0x000000008fc00000|100%| S|CS|TAMS 0x000000008fb00000, 0x000000008fb00000| Complete 
| 252|0x000000008fc00000, 0x000000008fd00000, 0x000000008fd00000|100%| S|CS|TAMS 0x000000008fc00000, 0x000000008fc00000| Complete 
| 253|0x000000008fd00000, 0x000000008fe00000, 0x000000008fe00000|100%| S|CS|TAMS 0x000000008fd00000, 0x000000008fd00000| Complete 
| 254|0x000000008fe00000, 0x000000008ff00000, 0x000000008ff00000|100%| S|CS|TAMS 0x000000008fe00000, 0x000000008fe00000| Complete 
| 255|0x000000008ff00000, 0x0000000090000000, 0x0000000090000000|100%| S|CS|TAMS 0x000000008ff00000, 0x000000008ff00000| Complete 
| 256|0x0000000090000000, 0x0000000090100000, 0x0000000090100000|100%| S|CS|TAMS 0x0000000090000000, 0x0000000090000000| Complete 
| 257|0x0000000090100000, 0x0000000090200000, 0x0000000090200000|100%| S|CS|TAMS 0x0000000090100000, 0x0000000090100000| Complete 
| 258|0x0000000090200000, 0x0000000090300000, 0x0000000090300000|100%| S|CS|TAMS 0x0000000090200000, 0x0000000090200000| Complete 
| 259|0x0000000090300000, 0x0000000090400000, 0x0000000090400000|100%| S|CS|TAMS 0x0000000090300000, 0x0000000090300000| Complete 
| 260|0x0000000090400000, 0x0000000090400000, 0x0000000090500000|  0%| F|  |TAMS 0x0000000090400000, 0x0000000090400000| Untracked 
| 261|0x0000000090500000, 0x0000000090500000, 0x0000000090600000|  0%| F|  |TAMS 0x0000000090500000, 0x0000000090500000| Untracked 
| 262|0x0000000090600000, 0x0000000090600000, 0x0000000090700000|  0%| F|  |TAMS 0x0000000090600000, 0x0000000090600000| Untracked 
| 263|0x0000000090700000, 0x0000000090700000, 0x0000000090800000|  0%| F|  |TAMS 0x0000000090700000, 0x0000000090700000| Untracked 
| 264|0x0000000090800000, 0x0000000090800000, 0x0000000090900000|  0%| F|  |TAMS 0x0000000090800000, 0x0000000090800000| Untracked 
| 265|0x0000000090900000, 0x0000000090900000, 0x0000000090a00000|  0%| F|  |TAMS 0x0000000090900000, 0x0000000090900000| Untracked 
| 266|0x0000000090a00000, 0x0000000090a00000, 0x0000000090b00000|  0%| F|  |TAMS 0x0000000090a00000, 0x0000000090a00000| Untracked 
| 267|0x0000000090b00000, 0x0000000090b00000, 0x0000000090c00000|  0%| F|  |TAMS 0x0000000090b00000, 0x0000000090b00000| Untracked 
| 268|0x0000000090c00000, 0x0000000090c00000, 0x0000000090d00000|  0%| F|  |TAMS 0x0000000090c00000, 0x0000000090c00000| Untracked 
| 269|0x0000000090d00000, 0x0000000090d00000, 0x0000000090e00000|  0%| F|  |TAMS 0x0000000090d00000, 0x0000000090d00000| Untracked 
| 270|0x0000000090e00000, 0x0000000090e00000, 0x0000000090f00000|  0%| F|  |TAMS 0x0000000090e00000, 0x0000000090e00000| Untracked 
| 271|0x0000000090f00000, 0x0000000090f00000, 0x0000000091000000|  0%| F|  |TAMS 0x0000000090f00000, 0x0000000090f00000| Untracked 
| 272|0x0000000091000000, 0x0000000091000000, 0x0000000091100000|  0%| F|  |TAMS 0x0000000091000000, 0x0000000091000000| Untracked 
| 273|0x0000000091100000, 0x0000000091100000, 0x0000000091200000|  0%| F|  |TAMS 0x0000000091100000, 0x0000000091100000| Untracked 
| 274|0x0000000091200000, 0x0000000091200000, 0x0000000091300000|  0%| F|  |TAMS 0x0000000091200000, 0x0000000091200000| Untracked 
| 275|0x0000000091300000, 0x0000000091300000, 0x0000000091400000|  0%| F|  |TAMS 0x0000000091300000, 0x0000000091300000| Untracked 
| 276|0x0000000091400000, 0x0000000091400000, 0x0000000091500000|  0%| F|  |TAMS 0x0000000091400000, 0x0000000091400000| Untracked 
| 277|0x0000000091500000, 0x0000000091500000, 0x0000000091600000|  0%| F|  |TAMS 0x0000000091500000, 0x0000000091500000| Untracked 
| 278|0x0000000091600000, 0x0000000091600000, 0x0000000091700000|  0%| F|  |TAMS 0x0000000091600000, 0x0000000091600000| Untracked 
| 279|0x0000000091700000, 0x0000000091700000, 0x0000000091800000|  0%| F|  |TAMS 0x0000000091700000, 0x0000000091700000| Untracked 
| 280|0x0000000091800000, 0x0000000091800000, 0x0000000091900000|  0%| F|  |TAMS 0x0000000091800000, 0x0000000091800000| Untracked 
| 281|0x0000000091900000, 0x0000000091900000, 0x0000000091a00000|  0%| F|  |TAMS 0x0000000091900000, 0x0000000091900000| Untracked 
| 282|0x0000000091a00000, 0x0000000091a00000, 0x0000000091b00000|  0%| F|  |TAMS 0x0000000091a00000, 0x0000000091a00000| Untracked 
| 283|0x0000000091b00000, 0x0000000091b00000, 0x0000000091c00000|  0%| F|  |TAMS 0x0000000091b00000, 0x0000000091b00000| Untracked 
| 284|0x0000000091c00000, 0x0000000091c00000, 0x0000000091d00000|  0%| F|  |TAMS 0x0000000091c00000, 0x0000000091c00000| Untracked 
| 285|0x0000000091d00000, 0x0000000091d00000, 0x0000000091e00000|  0%| F|  |TAMS 0x0000000091d00000, 0x0000000091d00000| Untracked 
| 286|0x0000000091e00000, 0x0000000091e00000, 0x0000000091f00000|  0%| F|  |TAMS 0x0000000091e00000, 0x0000000091e00000| Untracked 
| 287|0x0000000091f00000, 0x0000000091f00000, 0x0000000092000000|  0%| F|  |TAMS 0x0000000091f00000, 0x0000000091f00000| Untracked 
| 288|0x0000000092000000, 0x0000000092000000, 0x0000000092100000|  0%| F|  |TAMS 0x0000000092000000, 0x0000000092000000| Untracked 
| 289|0x0000000092100000, 0x0000000092100000, 0x0000000092200000|  0%| F|  |TAMS 0x0000000092100000, 0x0000000092100000| Untracked 
| 290|0x0000000092200000, 0x0000000092200000, 0x0000000092300000|  0%| F|  |TAMS 0x0000000092200000, 0x0000000092200000| Untracked 
| 291|0x0000000092300000, 0x0000000092300000, 0x0000000092400000|  0%| F|  |TAMS 0x0000000092300000, 0x0000000092300000| Untracked 
| 292|0x0000000092400000, 0x0000000092400000, 0x0000000092500000|  0%| F|  |TAMS 0x0000000092400000, 0x0000000092400000| Untracked 
| 293|0x0000000092500000, 0x0000000092500000, 0x0000000092600000|  0%| F|  |TAMS 0x0000000092500000, 0x0000000092500000| Untracked 
| 294|0x0000000092600000, 0x0000000092600000, 0x0000000092700000|  0%| F|  |TAMS 0x0000000092600000, 0x0000000092600000| Untracked 
| 295|0x0000000092700000, 0x0000000092700000, 0x0000000092800000|  0%| F|  |TAMS 0x0000000092700000, 0x0000000092700000| Untracked 
| 296|0x0000000092800000, 0x0000000092800000, 0x0000000092900000|  0%| F|  |TAMS 0x0000000092800000, 0x0000000092800000| Untracked 
| 297|0x0000000092900000, 0x0000000092900000, 0x0000000092a00000|  0%| F|  |TAMS 0x0000000092900000, 0x0000000092900000| Untracked 
| 298|0x0000000092a00000, 0x0000000092a00000, 0x0000000092b00000|  0%| F|  |TAMS 0x0000000092a00000, 0x0000000092a00000| Untracked 
| 299|0x0000000092b00000, 0x0000000092b00000, 0x0000000092c00000|  0%| F|  |TAMS 0x0000000092b00000, 0x0000000092b00000| Untracked 
| 300|0x0000000092c00000, 0x0000000092c00000, 0x0000000092d00000|  0%| F|  |TAMS 0x0000000092c00000, 0x0000000092c00000| Untracked 
| 301|0x0000000092d00000, 0x0000000092d00000, 0x0000000092e00000|  0%| F|  |TAMS 0x0000000092d00000, 0x0000000092d00000| Untracked 
| 302|0x0000000092e00000, 0x0000000092e00000, 0x0000000092f00000|  0%| F|  |TAMS 0x0000000092e00000, 0x0000000092e00000| Untracked 
| 303|0x0000000092f00000, 0x0000000092f00000, 0x0000000093000000|  0%| F|  |TAMS 0x0000000092f00000, 0x0000000092f00000| Untracked 
| 304|0x0000000093000000, 0x0000000093000000, 0x0000000093100000|  0%| F|  |TAMS 0x0000000093000000, 0x0000000093000000| Untracked 
| 305|0x0000000093100000, 0x0000000093100000, 0x0000000093200000|  0%| F|  |TAMS 0x0000000093100000, 0x0000000093100000| Untracked 
| 306|0x0000000093200000, 0x0000000093200000, 0x0000000093300000|  0%| F|  |TAMS 0x0000000093200000, 0x0000000093200000| Untracked 
| 307|0x0000000093300000, 0x0000000093300000, 0x0000000093400000|  0%| F|  |TAMS 0x0000000093300000, 0x0000000093300000| Untracked 
| 308|0x0000000093400000, 0x0000000093400000, 0x0000000093500000|  0%| F|  |TAMS 0x0000000093400000, 0x0000000093400000| Untracked 
| 309|0x0000000093500000, 0x0000000093500000, 0x0000000093600000|  0%| F|  |TAMS 0x0000000093500000, 0x0000000093500000| Untracked 
| 310|0x0000000093600000, 0x0000000093600000, 0x0000000093700000|  0%| F|  |TAMS 0x0000000093600000, 0x0000000093600000| Untracked 
| 311|0x0000000093700000, 0x0000000093700000, 0x0000000093800000|  0%| F|  |TAMS 0x0000000093700000, 0x0000000093700000| Untracked 
| 312|0x0000000093800000, 0x0000000093800000, 0x0000000093900000|  0%| F|  |TAMS 0x0000000093800000, 0x0000000093800000| Untracked 
| 313|0x0000000093900000, 0x0000000093900000, 0x0000000093a00000|  0%| F|  |TAMS 0x0000000093900000, 0x0000000093900000| Untracked 
| 314|0x0000000093a00000, 0x0000000093a6a820, 0x0000000093b00000| 41%| E|  |TAMS 0x0000000093a00000, 0x0000000093a00000| Complete 
| 315|0x0000000093b00000, 0x0000000093c00000, 0x0000000093c00000|100%| E|CS|TAMS 0x0000000093b00000, 0x0000000093b00000| Complete 
| 316|0x0000000093c00000, 0x0000000093d00000, 0x0000000093d00000|100%| E|CS|TAMS 0x0000000093c00000, 0x0000000093c00000| Complete 
| 317|0x0000000093d00000, 0x0000000093e00000, 0x0000000093e00000|100%| E|CS|TAMS 0x0000000093d00000, 0x0000000093d00000| Complete 
| 318|0x0000000093e00000, 0x0000000093f00000, 0x0000000093f00000|100%| E|CS|TAMS 0x0000000093e00000, 0x0000000093e00000| Complete 
| 319|0x0000000093f00000, 0x0000000094000000, 0x0000000094000000|100%| E|CS|TAMS 0x0000000093f00000, 0x0000000093f00000| Complete 
| 320|0x0000000094000000, 0x0000000094100000, 0x0000000094100000|100%| E|CS|TAMS 0x0000000094000000, 0x0000000094000000| Complete 
| 321|0x0000000094100000, 0x0000000094200000, 0x0000000094200000|100%| E|CS|TAMS 0x0000000094100000, 0x0000000094100000| Complete 
| 322|0x0000000094200000, 0x0000000094300000, 0x0000000094300000|100%| E|CS|TAMS 0x0000000094200000, 0x0000000094200000| Complete 
| 323|0x0000000094300000, 0x0000000094400000, 0x0000000094400000|100%| E|CS|TAMS 0x0000000094300000, 0x0000000094300000| Complete 
| 324|0x0000000094400000, 0x0000000094500000, 0x0000000094500000|100%| E|CS|TAMS 0x0000000094400000, 0x0000000094400000| Complete 
| 325|0x0000000094500000, 0x0000000094600000, 0x0000000094600000|100%| E|CS|TAMS 0x0000000094500000, 0x0000000094500000| Complete 
| 326|0x0000000094600000, 0x0000000094700000, 0x0000000094700000|100%| E|CS|TAMS 0x0000000094600000, 0x0000000094600000| Complete 
| 327|0x0000000094700000, 0x0000000094800000, 0x0000000094800000|100%| E|CS|TAMS 0x0000000094700000, 0x0000000094700000| Complete 
| 328|0x0000000094800000, 0x0000000094900000, 0x0000000094900000|100%| E|CS|TAMS 0x0000000094800000, 0x0000000094800000| Complete 
| 329|0x0000000094900000, 0x0000000094a00000, 0x0000000094a00000|100%| E|CS|TAMS 0x0000000094900000, 0x0000000094900000| Complete 
| 330|0x0000000094a00000, 0x0000000094b00000, 0x0000000094b00000|100%| E|CS|TAMS 0x0000000094a00000, 0x0000000094a00000| Complete 
| 331|0x0000000094b00000, 0x0000000094c00000, 0x0000000094c00000|100%| E|CS|TAMS 0x0000000094b00000, 0x0000000094b00000| Complete 
| 332|0x0000000094c00000, 0x0000000094d00000, 0x0000000094d00000|100%| E|CS|TAMS 0x0000000094c00000, 0x0000000094c00000| Complete 
| 333|0x0000000094d00000, 0x0000000094e00000, 0x0000000094e00000|100%| E|CS|TAMS 0x0000000094d00000, 0x0000000094d00000| Complete 
| 334|0x0000000094e00000, 0x0000000094f00000, 0x0000000094f00000|100%| E|CS|TAMS 0x0000000094e00000, 0x0000000094e00000| Complete 
| 335|0x0000000094f00000, 0x0000000095000000, 0x0000000095000000|100%| E|CS|TAMS 0x0000000094f00000, 0x0000000094f00000| Complete 
| 336|0x0000000095000000, 0x0000000095100000, 0x0000000095100000|100%| E|CS|TAMS 0x0000000095000000, 0x0000000095000000| Complete 
| 337|0x0000000095100000, 0x0000000095200000, 0x0000000095200000|100%| E|CS|TAMS 0x0000000095100000, 0x0000000095100000| Complete 
| 338|0x0000000095200000, 0x0000000095300000, 0x0000000095300000|100%| E|CS|TAMS 0x0000000095200000, 0x0000000095200000| Complete 
| 339|0x0000000095300000, 0x0000000095400000, 0x0000000095400000|100%| E|CS|TAMS 0x0000000095300000, 0x0000000095300000| Complete 
| 340|0x0000000095400000, 0x0000000095500000, 0x0000000095500000|100%| E|CS|TAMS 0x0000000095400000, 0x0000000095400000| Complete 
| 341|0x0000000095500000, 0x0000000095600000, 0x0000000095600000|100%| E|CS|TAMS 0x0000000095500000, 0x0000000095500000| Complete 
| 342|0x0000000095600000, 0x0000000095700000, 0x0000000095700000|100%| E|CS|TAMS 0x0000000095600000, 0x0000000095600000| Complete 
| 343|0x0000000095700000, 0x0000000095800000, 0x0000000095800000|100%| E|CS|TAMS 0x0000000095700000, 0x0000000095700000| Complete 
| 344|0x0000000095800000, 0x0000000095900000, 0x0000000095900000|100%| E|CS|TAMS 0x0000000095800000, 0x0000000095800000| Complete 
| 345|0x0000000095900000, 0x0000000095a00000, 0x0000000095a00000|100%| E|CS|TAMS 0x0000000095900000, 0x0000000095900000| Complete 
| 346|0x0000000095a00000, 0x0000000095b00000, 0x0000000095b00000|100%| E|CS|TAMS 0x0000000095a00000, 0x0000000095a00000| Complete 
| 347|0x0000000095b00000, 0x0000000095c00000, 0x0000000095c00000|100%| E|CS|TAMS 0x0000000095b00000, 0x0000000095b00000| Complete 
| 348|0x0000000095c00000, 0x0000000095d00000, 0x0000000095d00000|100%| E|CS|TAMS 0x0000000095c00000, 0x0000000095c00000| Complete 
| 349|0x0000000095d00000, 0x0000000095e00000, 0x0000000095e00000|100%| E|CS|TAMS 0x0000000095d00000, 0x0000000095d00000| Complete 
| 350|0x0000000095e00000, 0x0000000095f00000, 0x0000000095f00000|100%| E|CS|TAMS 0x0000000095e00000, 0x0000000095e00000| Complete 
| 351|0x0000000095f00000, 0x0000000096000000, 0x0000000096000000|100%| E|CS|TAMS 0x0000000095f00000, 0x0000000095f00000| Complete 
| 352|0x0000000096000000, 0x0000000096100000, 0x0000000096100000|100%| E|CS|TAMS 0x0000000096000000, 0x0000000096000000| Complete 
| 353|0x0000000096100000, 0x0000000096200000, 0x0000000096200000|100%| E|CS|TAMS 0x0000000096100000, 0x0000000096100000| Complete 

Card table byte_map: [0x00000200526d0000,0x0000020052ad0000] _byte_map_base: 0x00000200522d0000

Marking Bits (Prev, Next): (CMBitMap*) 0x000002003fb26da0, (CMBitMap*) 0x000002003fb26de0
 Prev Bits: [0x0000020052ed0000, 0x0000020054ed0000)
 Next Bits: [0x0000020054ed0000, 0x0000020056ed0000)

Polling page: 0x000002003da90000

Metaspace:

Usage:
  Non-class:    112.53 MB used.
      Class:     17.30 MB used.
       Both:    129.84 MB used.

Virtual space:
  Non-class space:      120.00 MB reserved,     113.00 MB ( 94%) committed,  15 nodes.
      Class space:        1.00 GB reserved,      17.81 MB (  2%) committed,  1 nodes.
             Both:        1.12 GB reserved,     130.81 MB ( 11%) committed. 

Chunk freelists:
   Non-Class:  2.32 MB
       Class:  2.15 MB
        Both:  4.47 MB

MaxMetaspaceSize: unlimited
CompressedClassSpaceSize: 1.00 GB
Initial GC threshold: 21.00 MB
Current GC threshold: 215.00 MB
CDS: off
MetaspaceReclaimPolicy: balanced
 - commit_granule_bytes: 65536.
 - commit_granule_words: 8192.
 - virtual_space_node_default_size: 1048576.
 - enlarge_chunks_in_place: 1.
 - new_chunks_are_fully_committed: 0.
 - uncommit_free_chunks: 1.
 - use_allocation_guard: 0.
 - handle_deallocations: 1.


Internal statistics:

num_allocs_failed_limit: 3.
num_arena_births: 1574.
num_arena_deaths: 6.
num_vsnodes_births: 16.
num_vsnodes_deaths: 0.
num_space_committed: 2092.
num_space_uncommitted: 0.
num_chunks_returned_to_freelist: 15.
num_chunks_taken_from_freelist: 6772.
num_chunk_merges: 3.
num_chunk_splits: 4362.
num_chunks_enlarged: 2761.
num_purges: 6.
num_inconsistent_stats: 0.

CodeHeap 'non-profiled nmethods': size=120000Kb used=9464Kb max_used=9464Kb free=110535Kb
 bounds [0x000002004aa60000, 0x000002004b3a0000, 0x0000020051f90000]
CodeHeap 'profiled nmethods': size=120000Kb used=29468Kb max_used=29468Kb free=90531Kb
 bounds [0x0000020042f90000, 0x0000020044c60000, 0x000002004a4c0000]
CodeHeap 'non-nmethods': size=5760Kb used=2503Kb max_used=2624Kb free=3257Kb
 bounds [0x000002004a4c0000, 0x000002004a760000, 0x000002004aa60000]
 total_blobs=15823 nmethods=14771 adapters=964
 compilation: enabled
              stopped_count=0, restarted_count=0
 full_count=0

Compilation events (20 events):
Event: 136.854 Thread 0x000002005a4bfe10 17217       3       org.gradle.api.internal.model.DefaultObjectFactory::named (10 bytes)
Event: 136.854 Thread 0x000002005a4bfe10 nmethod 17217 0x0000020044c48590 code [0x0000020044c48740, 0x0000020044c488a8]
Event: 136.854 Thread 0x000002005a4bfe10 17218       3       org.gradle.api.internal.file.AbstractFileResolver::<init> (12 bytes)
Event: 136.854 Thread 0x000002005a4bfe10 nmethod 17218 0x0000020044c48990 code [0x0000020044c48bc0, 0x0000020044c49298]
Event: 136.855 Thread 0x000002005a4bfe10 17219       3       org.gradle.api.internal.file.FileOrUriNotationConverter::parser (27 bytes)
Event: 136.855 Thread 0x000002005a4bfe10 nmethod 17219 0x0000020044c49510 code [0x0000020044c49720, 0x0000020044c49cb8]
Event: 136.855 Thread 0x000002005a4bfe10 17220       3       org.gradle.api.internal.file.BaseDirFileResolver::<init> (44 bytes)
Event: 136.856 Thread 0x000002005a4bfe10 nmethod 17220 0x0000020044c49f10 code [0x0000020044c4a140, 0x0000020044c4a938]
Event: 136.856 Thread 0x000002005a4bfe10 17222       3       groovy.lang.MetaClassImpl::getMethodWithoutCaching (34 bytes)
Event: 136.857 Thread 0x000002005a4bfe10 nmethod 17222 0x0000020044c4ac10 code [0x0000020044c4adc0, 0x0000020044c4b118]
Event: 136.857 Thread 0x000002005a4bfe10 17221       3       org.gradle.api.internal.file.AbstractBaseDirFileResolver::<init> (5 bytes)
Event: 136.857 Thread 0x000002005a4bfe10 nmethod 17221 0x0000020044c4b210 code [0x0000020044c4b440, 0x0000020044c4bb38]
Event: 136.858 Thread 0x000002005a4bfe10 17223       3       org.codehaus.groovy.runtime.MetaClassHelper::getPrimitiveIndex (31 bytes)
Event: 136.858 Thread 0x000002005a4bfe10 nmethod 17223 0x0000020044c4be10 code [0x0000020044c4bfc0, 0x0000020044c4c1f8]
Event: 136.859 Thread 0x000002005a4bfe10 17224       3       org.gradle.api.internal.artifacts.repositories.DefaultMavenArtifactRepository_Decorated::getName (40 bytes)
Event: 136.859 Thread 0x000002005a4bfe10 nmethod 17224 0x0000020044c4c310 code [0x0000020044c4c4e0, 0x0000020044c4c838]
Event: 136.860 Thread 0x000002005a4bfe10 17225       3       org.gradle.util.Path::equals (54 bytes)
Event: 136.860 Thread 0x000002005a4bfe10 nmethod 17225 0x0000020044c4c990 code [0x0000020044c4cb60, 0x0000020044c4cf48]
Event: 136.861 Thread 0x000002005a4bfe10 17226       3       java.lang.Integer::getInteger (19 bytes)
Event: 136.862 Thread 0x000002005a4bfe10 nmethod 17226 0x0000020044c4d090 code [0x0000020044c4d2c0, 0x0000020044c4dad8]

GC Heap History (20 events):
Event: 11.726 GC heap before
{Heap before GC invocations=47 (full 0):
 garbage-first heap   total 270336K, used 168078K [0x0000000080000000, 0x0000000100000000)
  region size 1024K, 13 young (13312K), 12 survivors (12288K)
 Metaspace       used 90938K, committed 91648K, reserved 1130496K
  class space    used 12400K, committed 12736K, reserved 1048576K
}
Event: 11.733 GC heap after
{Heap after GC invocations=48 (full 0):
 garbage-first heap   total 270336K, used 167059K [0x0000000080000000, 0x0000000100000000)
  region size 1024K, 2 young (2048K), 2 survivors (2048K)
 Metaspace       used 90938K, committed 91648K, reserved 1130496K
  class space    used 12400K, committed 12736K, reserved 1048576K
}
Event: 12.846 GC heap before
{Heap before GC invocations=48 (full 0):
 garbage-first heap   total 270336K, used 226451K [0x0000000080000000, 0x0000000100000000)
  region size 1024K, 60 young (61440K), 2 survivors (2048K)
 Metaspace       used 97737K, committed 98432K, reserved 1138688K
  class space    used 13260K, committed 13568K, reserved 1048576K
}
Event: 12.854 GC heap after
{Heap after GC invocations=49 (full 0):
 garbage-first heap   total 270336K, used 170495K [0x0000000080000000, 0x0000000100000000)
  region size 1024K, 5 young (5120K), 5 survivors (5120K)
 Metaspace       used 97737K, committed 98432K, reserved 1138688K
  class space    used 13260K, committed 13568K, reserved 1048576K
}
Event: 13.930 GC heap before
{Heap before GC invocations=50 (full 0):
 garbage-first heap   total 301056K, used 224767K [0x0000000080000000, 0x0000000100000000)
  region size 1024K, 59 young (60416K), 5 survivors (5120K)
 Metaspace       used 104119K, committed 104832K, reserved 1146880K
  class space    used 14080K, committed 14400K, reserved 1048576K
}
Event: 13.939 GC heap after
{Heap after GC invocations=51 (full 0):
 garbage-first heap   total 301056K, used 175402K [0x0000000080000000, 0x0000000100000000)
  region size 1024K, 5 young (5120K), 5 survivors (5120K)
 Metaspace       used 104119K, committed 104832K, reserved 1146880K
  class space    used 14080K, committed 14400K, reserved 1048576K
}
Event: 14.717 GC heap before
{Heap before GC invocations=51 (full 0):
 garbage-first heap   total 301056K, used 192810K [0x0000000080000000, 0x0000000100000000)
  region size 1024K, 23 young (23552K), 5 survivors (5120K)
 Metaspace       used 105631K, committed 106368K, reserved 1146880K
  class space    used 14223K, committed 14528K, reserved 1048576K
}
Event: 14.723 GC heap after
{Heap after GC invocations=52 (full 0):
 garbage-first heap   total 301056K, used 177154K [0x0000000080000000, 0x0000000100000000)
  region size 1024K, 7 young (7168K), 7 survivors (7168K)
 Metaspace       used 105631K, committed 106368K, reserved 1146880K
  class space    used 14223K, committed 14528K, reserved 1048576K
}
Event: 18.336 GC heap before
{Heap before GC invocations=53 (full 0):
 garbage-first heap   total 304128K, used 253954K [0x0000000080000000, 0x0000000100000000)
  region size 1024K, 81 young (82944K), 7 survivors (7168K)
 Metaspace       used 109902K, committed 110784K, reserved 1146880K
  class space    used 14762K, committed 15168K, reserved 1048576K
}
Event: 18.344 GC heap after
{Heap after GC invocations=54 (full 0):
 garbage-first heap   total 304128K, used 182048K [0x0000000080000000, 0x0000000100000000)
  region size 1024K, 7 young (7168K), 7 survivors (7168K)
 Metaspace       used 109902K, committed 110784K, reserved 1146880K
  class space    used 14762K, committed 15168K, reserved 1048576K
}
Event: 90.050 GC heap before
{Heap before GC invocations=54 (full 0):
 garbage-first heap   total 304128K, used 255776K [0x0000000080000000, 0x0000000100000000)
  region size 1024K, 80 young (81920K), 7 survivors (7168K)
 Metaspace       used 111681K, committed 112640K, reserved 1146880K
  class space    used 14967K, committed 15424K, reserved 1048576K
}
Event: 90.063 GC heap after
{Heap after GC invocations=55 (full 0):
 garbage-first heap   total 304128K, used 190706K [0x0000000080000000, 0x0000000100000000)
  region size 1024K, 10 young (10240K), 10 survivors (10240K)
 Metaspace       used 111681K, committed 112640K, reserved 1146880K
  class space    used 14967K, committed 15424K, reserved 1048576K
}
Event: 91.540 GC heap before
{Heap before GC invocations=56 (full 0):
 garbage-first heap   total 332800K, used 257266K [0x0000000080000000, 0x0000000100000000)
  region size 1024K, 70 young (71680K), 10 survivors (10240K)
 Metaspace       used 115785K, committed 116736K, reserved 1155072K
  class space    used 15540K, committed 16000K, reserved 1048576K
}
Event: 91.550 GC heap after
{Heap after GC invocations=57 (full 0):
 garbage-first heap   total 332800K, used 195104K [0x0000000080000000, 0x0000000100000000)
  region size 1024K, 5 young (5120K), 5 survivors (5120K)
 Metaspace       used 115785K, committed 116736K, reserved 1155072K
  class space    used 15540K, committed 16000K, reserved 1048576K
}
Event: 91.807 GC heap before
{Heap before GC invocations=57 (full 0):
 garbage-first heap   total 332800K, used 205344K [0x0000000080000000, 0x0000000100000000)
  region size 1024K, 16 young (16384K), 5 survivors (5120K)
 Metaspace       used 117304K, committed 118272K, reserved 1155072K
  class space    used 15670K, committed 16128K, reserved 1048576K
}
Event: 91.813 GC heap after
{Heap after GC invocations=58 (full 0):
 garbage-first heap   total 332800K, used 195584K [0x0000000080000000, 0x0000000100000000)
  region size 1024K, 1 young (1024K), 1 survivors (1024K)
 Metaspace       used 117304K, committed 118272K, reserved 1155072K
  class space    used 15670K, committed 16128K, reserved 1048576K
}
Event: 92.959 GC heap before
{Heap before GC invocations=58 (full 0):
 garbage-first heap   total 332800K, used 275456K [0x0000000080000000, 0x0000000100000000)
  region size 1024K, 80 young (81920K), 1 survivors (1024K)
 Metaspace       used 123104K, committed 124032K, reserved 1163264K
  class space    used 16429K, committed 16896K, reserved 1048576K
}
Event: 92.967 GC heap after
{Heap after GC invocations=59 (full 0):
 garbage-first heap   total 332800K, used 200036K [0x0000000080000000, 0x0000000100000000)
  region size 1024K, 6 young (6144K), 6 survivors (6144K)
 Metaspace       used 123104K, committed 124032K, reserved 1163264K
  class space    used 16429K, committed 16896K, reserved 1048576K
}
Event: 94.577 GC heap before
{Heap before GC invocations=59 (full 0):
 garbage-first heap   total 332800K, used 264548K [0x0000000080000000, 0x0000000100000000)
  region size 1024K, 71 young (72704K), 6 survivors (6144K)
 Metaspace       used 131017K, committed 131968K, reserved 1171456K
  class space    used 17434K, committed 17856K, reserved 1048576K
}
Event: 94.585 GC heap after
{Heap after GC invocations=60 (full 0):
 garbage-first heap   total 332800K, used 203988K [0x0000000080000000, 0x0000000100000000)
  region size 1024K, 10 young (10240K), 10 survivors (10240K)
 Metaspace       used 131017K, committed 131968K, reserved 1171456K
  class space    used 17434K, committed 17856K, reserved 1048576K
}

Dll operation events (2 events):
Event: 0.007 Loaded shared library C:\Program Files\Android\Android Studio\jbr\bin\java.dll
Event: 0.331 Loaded shared library C:\Program Files\Android\Android Studio\jbr\bin\verify.dll

Deoptimization events (20 events):
Event: 95.082 Thread 0x000002006033e920 Uncommon trap: trap_request=0xffffff45 fr.pc=0x000002004aed4b30 relative=0x0000000000000210
Event: 95.082 Thread 0x000002006033e920 Uncommon trap: reason=unstable_if action=reinterpret pc=0x000002004aed4b30 method=org.gradle.internal.util.Trie.find(Ljava/lang/CharSequence;)Z @ 91 c2
Event: 95.082 Thread 0x000002006033e920 DEOPT PACKING pc=0x000002004aed4b30 sp=0x000000bf03afb9d0
Event: 95.082 Thread 0x000002006033e920 DEOPT UNPACKING pc=0x000002004a5169a3 sp=0x000000bf03afb938 mode 2
Event: 95.082 Thread 0x000002006033e920 Uncommon trap: trap_request=0xffffff45 fr.pc=0x000002004aa9d038 relative=0x0000000000000858
Event: 95.082 Thread 0x000002006033e920 Uncommon trap: reason=unstable_if action=reinterpret pc=0x000002004aa9d038 method=java.util.zip.ZipFile$Source.getEntryPos(Ljava/lang/String;Z)I @ 104 c2
Event: 95.082 Thread 0x000002006033e920 DEOPT PACKING pc=0x000002004aa9d038 sp=0x000000bf03afb720
Event: 95.082 Thread 0x000002006033e920 DEOPT UNPACKING pc=0x000002004a5169a3 sp=0x000000bf03afb6a8 mode 2
Event: 95.082 Thread 0x000002006033e920 Uncommon trap: trap_request=0xffffff45 fr.pc=0x000002004ac1d114 relative=0x0000000000000094
Event: 95.082 Thread 0x000002006033e920 Uncommon trap: reason=unstable_if action=reinterpret pc=0x000002004ac1d114 method=java.util.zip.ZipCoder$UTF8ZipCoder.hasTrailingSlash([BI)Z @ 11 c2
Event: 95.082 Thread 0x000002006033e920 DEOPT PACKING pc=0x000002004ac1d114 sp=0x000000bf03afb760
Event: 95.082 Thread 0x000002006033e920 DEOPT UNPACKING pc=0x000002004a5169a3 sp=0x000000bf03afb6e0 mode 2
Event: 95.082 Thread 0x000002006033e920 Uncommon trap: trap_request=0x00000020 fr.pc=0x000002004aac645c relative=0x0000000000000cdc
Event: 95.082 Thread 0x000002006033e920 Uncommon trap: reason=unloaded action=reinterpret pc=0x000002004aac645c method=java.util.zip.ZipFile.getZipEntry(Ljava/lang/String;I)Ljava/util/zip/ZipEntry; @ 87 c2
Event: 95.082 Thread 0x000002006033e920 DEOPT PACKING pc=0x000002004aac645c sp=0x000000bf03afb790
Event: 95.082 Thread 0x000002006033e920 DEOPT UNPACKING pc=0x000002004a5169a3 sp=0x000000bf03afb6d0 mode 2
Event: 136.854 Thread 0x000002006033e920 Uncommon trap: trap_request=0xffffffbe fr.pc=0x000002004b11ad70 relative=0x0000000000000150
Event: 136.854 Thread 0x000002006033e920 Uncommon trap: reason=profile_predicate action=maybe_recompile pc=0x000002004b11ad70 method=java.math.BigInteger.longValue()J @ 5 c2
Event: 136.854 Thread 0x000002006033e920 DEOPT PACKING pc=0x000002004b11ad70 sp=0x000000bf03af9f00
Event: 136.854 Thread 0x000002006033e920 DEOPT UNPACKING pc=0x000002004a5169a3 sp=0x000000bf03af9ea8 mode 2

Classes unloaded (10 events):
Event: 8.255 Thread 0x0000020059948020 Unloading class 0x00000001007d8560 '_BuildScript_$_run_closure1'
Event: 8.255 Thread 0x0000020059948020 Unloading class 0x00000001007d8000 '_BuildScript_'
Event: 10.380 Thread 0x0000020059948020 Unloading class 0x00000001009ed450 '_BuildScript_$_run_closure2'
Event: 10.380 Thread 0x0000020059948020 Unloading class 0x00000001009ed040 '_BuildScript_$_run_closure1$_closure5'
Event: 10.380 Thread 0x0000020059948020 Unloading class 0x00000001009ecc30 '_BuildScript_$_run_closure1$_closure4$_closure6'
Event: 10.380 Thread 0x0000020059948020 Unloading class 0x00000001009ec820 '_BuildScript_$_run_closure1$_closure4'
Event: 10.380 Thread 0x0000020059948020 Unloading class 0x00000001009ec410 '_BuildScript_$_run_closure1$_closure3'
Event: 10.380 Thread 0x0000020059948020 Unloading class 0x00000001009ec000 '_BuildScript_$_run_closure1'
Event: 10.380 Thread 0x0000020059948020 Unloading class 0x00000001009e5000 '_BuildScript_'
Event: 90.185 Thread 0x0000020059948020 Unloading class 0x0000000100d31c00 'java/lang/invoke/LambdaForm$DMH+0x0000000100d31c00'

Classes redefined (0 events):
No events

Internal exceptions (20 events):
Event: 94.077 Thread 0x00000200643867f0 Exception <a 'sun/nio/fs/WindowsException'{0x00000000925d1fc0}> (0x00000000925d1fc0) 
thrown [s\src\hotspot\share\prims\jni.cpp, line 517]
Event: 94.090 Thread 0x00000200643867f0 Exception <a 'java/lang/NoSuchMethodError'{0x0000000092435270}: 'java.lang.Object java.lang.invoke.Invokers$Holder.invoke_MT(java.lang.Object, java.lang.Object, java.lang.Object)'> (0x0000000092435270) 
thrown [s\src\hotspot\share\interpreter\linkResolver.cpp, line 771]
Event: 94.353 Thread 0x000002006438b020 Exception <a 'java/lang/NoSuchMethodError'{0x000000009183c3b8}: 'void java.lang.invoke.DirectMethodHandle$Holder.invokeVirtual(java.lang.Object, java.lang.Object, java.lang.Object, java.lang.Object)'> (0x000000009183c3b8) 
thrown [s\src\hotspot\share\interpreter\linkResolver.cpp, line 771]
Event: 94.575 Thread 0x000002006438b020 Exception <a 'sun/nio/fs/WindowsException'{0x0000000090449ef8}> (0x0000000090449ef8) 
thrown [s\src\hotspot\share\prims\jni.cpp, line 517]
Event: 94.575 Thread 0x000002006438b020 Exception <a 'sun/nio/fs/WindowsException'{0x000000009044a188}> (0x000000009044a188) 
thrown [s\src\hotspot\share\prims\jni.cpp, line 517]
Event: 94.821 Thread 0x000002006438b020 Exception <a 'java/lang/NoSuchMethodError'{0x0000000095fe0d80}: 'java.lang.Object java.lang.invoke.DirectMethodHandle$Holder.invokeStatic(java.lang.Object, java.lang.Object, int, int)'> (0x0000000095fe0d80) 
thrown [s\src\hotspot\share\interpreter\linkResolver.cpp, line 771]
Event: 94.823 Thread 0x000002006438b020 Exception <a 'java/lang/NoSuchMethodError'{0x0000000095fec1f8}: 'java.lang.Object java.lang.invoke.DirectMethodHandle$Holder.invokeVirtual(java.lang.Object, java.lang.Object, java.lang.Object, int, int)'> (0x0000000095fec1f8) 
thrown [s\src\hotspot\share\interpreter\linkResolver.cpp, line 771]
Event: 94.825 Thread 0x000002006438b020 Exception <a 'java/lang/NoSuchMethodError'{0x0000000095e08f08}: 'java.lang.Object java.lang.invoke.DirectMethodHandle$Holder.invokeVirtual(java.lang.Object, java.lang.Object, int)'> (0x0000000095e08f08) 
thrown [s\src\hotspot\share\interpreter\linkResolver.cpp, line 771]
Event: 94.941 Thread 0x000002006438b020 Exception <a 'sun/nio/fs/WindowsException'{0x0000000095b85da0}> (0x0000000095b85da0) 
thrown [s\src\hotspot\share\prims\jni.cpp, line 517]
Event: 94.941 Thread 0x000002006438b020 Exception <a 'sun/nio/fs/WindowsException'{0x0000000095b87070}> (0x0000000095b87070) 
thrown [s\src\hotspot\share\prims\jni.cpp, line 517]
Event: 94.941 Thread 0x000002006438b020 Exception <a 'sun/nio/fs/WindowsException'{0x0000000095b881e0}> (0x0000000095b881e0) 
thrown [s\src\hotspot\share\prims\jni.cpp, line 517]
Event: 94.941 Thread 0x000002006438b020 Exception <a 'sun/nio/fs/WindowsException'{0x0000000095b89440}> (0x0000000095b89440) 
thrown [s\src\hotspot\share\prims\jni.cpp, line 517]
Event: 94.941 Thread 0x000002006438b020 Exception <a 'sun/nio/fs/WindowsException'{0x0000000095b89860}> (0x0000000095b89860) 
thrown [s\src\hotspot\share\prims\jni.cpp, line 517]
Event: 94.941 Thread 0x000002006438b020 Exception <a 'sun/nio/fs/WindowsException'{0x0000000095b8bac8}> (0x0000000095b8bac8) 
thrown [s\src\hotspot\share\prims\jni.cpp, line 517]
Event: 94.941 Thread 0x000002006438b020 Exception <a 'sun/nio/fs/WindowsException'{0x0000000095b8beb8}> (0x0000000095b8beb8) 
thrown [s\src\hotspot\share\prims\jni.cpp, line 517]
Event: 94.942 Thread 0x000002006438b020 Exception <a 'sun/nio/fs/WindowsException'{0x0000000095b8e118}> (0x0000000095b8e118) 
thrown [s\src\hotspot\share\prims\jni.cpp, line 517]
Event: 95.074 Thread 0x000002006033af60 Exception <a 'java/lang/NoSuchMethodError'{0x0000000094d35c70}: static Lorg/gradle/internal/build/event/types/DefaultJavaCompileTaskSuccessResult;.<clinit>()V> (0x0000000094d35c70) 
thrown [s\src\hotspot\share\prims\jni.cpp, line 1108]
Event: 95.084 Thread 0x000002006033e920 Exception <a 'sun/nio/fs/WindowsException'{0x0000000094d63590}> (0x0000000094d63590) 
thrown [s\src\hotspot\share\prims\jni.cpp, line 517]
Event: 95.084 Thread 0x000002006033e920 Exception <a 'sun/nio/fs/WindowsException'{0x0000000094d639c8}> (0x0000000094d639c8) 
thrown [s\src\hotspot\share\prims\jni.cpp, line 517]
Event: 95.084 Thread 0x000002006033e920 Exception <a 'sun/nio/fs/WindowsException'{0x0000000094d653d0}> (0x0000000094d653d0) 
thrown [s\src\hotspot\share\prims\jni.cpp, line 517]

VM Operations (20 events):
Event: 94.060 Executing VM operation: HandshakeAllThreads
Event: 94.060 Executing VM operation: HandshakeAllThreads done
Event: 94.115 Executing VM operation: ICBufferFull
Event: 94.116 Executing VM operation: ICBufferFull done
Event: 94.251 Executing VM operation: HandshakeAllThreads
Event: 94.251 Executing VM operation: HandshakeAllThreads done
Event: 94.313 Executing VM operation: HandshakeAllThreads
Event: 94.313 Executing VM operation: HandshakeAllThreads done
Event: 94.577 Executing VM operation: G1TryInitiateConcMark
Event: 94.585 Executing VM operation: G1TryInitiateConcMark done
Event: 94.706 Executing VM operation: G1Concurrent
Event: 94.714 Executing VM operation: G1Concurrent done
Event: 94.765 Executing VM operation: G1Concurrent
Event: 94.765 Executing VM operation: G1Concurrent done
Event: 95.767 Executing VM operation: Cleanup
Event: 95.768 Executing VM operation: Cleanup done
Event: 111.952 Executing VM operation: Cleanup
Event: 111.952 Executing VM operation: Cleanup done
Event: 127.060 Executing VM operation: Cleanup
Event: 127.060 Executing VM operation: Cleanup done

Events (20 events):
Event: 95.153 Thread 0x0000020063d10b30 Thread exited: 0x0000020063d10b30
Event: 95.158 Thread 0x000002006033af60 Thread exited: 0x000002006033af60
Event: 95.158 Thread 0x000002006033b430 Thread exited: 0x000002006033b430
Event: 95.173 Thread 0x000002006033fc60 Thread exited: 0x000002006033fc60
Event: 95.178 Thread 0x000002006033bdd0 Thread exited: 0x000002006033bdd0
Event: 95.191 Thread 0x000002006033b900 Thread exited: 0x000002006033b900
Event: 98.027 Thread 0x000002005ca9f770 Thread exited: 0x000002005ca9f770
Event: 98.027 Thread 0x000002005caa10c0 Thread exited: 0x000002005caa10c0
Event: 136.799 Thread 0x000002006033edf0 Thread added: 0x000002006033edf0
Event: 136.803 Thread 0x000002006033f790 Thread added: 0x000002006033f790
Event: 136.810 Thread 0x000002006033c770 Thread added: 0x000002006033c770
Event: 136.811 Thread 0x000002006033d5e0 Thread added: 0x000002006033d5e0
Event: 136.812 Thread 0x000002006033d110 Thread added: 0x000002006033d110
Event: 136.833 Thread 0x000002005caa1ae0 Thread added: 0x000002005caa1ae0
Event: 136.833 Thread 0x000002005caa3e50 Thread added: 0x000002005caa3e50
Event: 136.836 Thread 0x000002006033fc60 Thread added: 0x000002006033fc60
Event: 136.840 Thread 0x0000020060339c20 Thread added: 0x0000020060339c20
Event: 136.844 Thread 0x0000020060340130 Thread added: 0x0000020060340130
Event: 136.848 Thread 0x000002006033a5c0 Thread added: 0x000002006033a5c0
Event: 136.861 Thread 0x0000020060340ad0 Thread added: 0x0000020060340ad0


Dynamic libraries:
0x00007ff684050000 - 0x00007ff68405a000 	C:\Program Files\Android\Android Studio\jbr\bin\java.exe
0x00007ffb73830000 - 0x00007ffb73a44000 	C:\WINDOWS\SYSTEM32\ntdll.dll
0x00007ffb72010000 - 0x00007ffb720d2000 	C:\WINDOWS\System32\KERNEL32.DLL
0x00007ffb71270000 - 0x00007ffb7160c000 	C:\WINDOWS\System32\KERNELBASE.dll
0x00007ffb70c70000 - 0x00007ffb70d81000 	C:\WINDOWS\System32\ucrtbase.dll
0x00007ffb52bc0000 - 0x00007ffb52bd7000 	C:\Program Files\Android\Android Studio\jbr\bin\jli.dll
0x00007ffb3bc90000 - 0x00007ffb3bcab000 	C:\Program Files\Android\Android Studio\jbr\bin\VCRUNTIME140.dll
0x00007ffb72dd0000 - 0x00007ffb72f7b000 	C:\WINDOWS\System32\USER32.dll
0x00007ffb542b0000 - 0x00007ffb5453e000 	C:\WINDOWS\WinSxS\amd64_microsoft.windows.common-controls_6595b64144ccf1df_6.0.22621.608_none_a9444ca7c10bb01d\COMCTL32.dll
0x00007ffb71610000 - 0x00007ffb71636000 	C:\WINDOWS\System32\win32u.dll
0x00007ffb71b10000 - 0x00007ffb71bb7000 	C:\WINDOWS\System32\msvcrt.dll
0x00007ffb71cd0000 - 0x00007ffb71cf9000 	C:\WINDOWS\System32\GDI32.dll
0x00007ffb70fe0000 - 0x00007ffb710f3000 	C:\WINDOWS\System32\gdi32full.dll
0x00007ffb70e80000 - 0x00007ffb70f1a000 	C:\WINDOWS\System32\msvcp_win.dll
0x00007ffb71940000 - 0x00007ffb71971000 	C:\WINDOWS\System32\IMM32.DLL
0x00007ffb60d50000 - 0x00007ffb60d5c000 	C:\Program Files\Android\Android Studio\jbr\bin\vcruntime140_1.dll
0x00007ffb265f0000 - 0x00007ffb2667d000 	C:\Program Files\Android\Android Studio\jbr\bin\msvcp140.dll
0x00007ffb1c150000 - 0x00007ffb1cdbd000 	C:\Program Files\Android\Android Studio\jbr\bin\server\jvm.dll
0x00007ffb716d0000 - 0x00007ffb7177e000 	C:\WINDOWS\System32\ADVAPI32.dll
0x00007ffb71c20000 - 0x00007ffb71cc4000 	C:\WINDOWS\System32\sechost.dll
0x00007ffb73290000 - 0x00007ffb733a7000 	C:\WINDOWS\System32\RPCRT4.dll
0x00007ffb6af50000 - 0x00007ffb6af59000 	C:\WINDOWS\SYSTEM32\WSOCK32.dll
0x00007ffb69d20000 - 0x00007ffb69d54000 	C:\WINDOWS\SYSTEM32\WINMM.dll
0x00007ffb6a4f0000 - 0x00007ffb6a4fa000 	C:\WINDOWS\SYSTEM32\VERSION.dll
0x00007ffb73760000 - 0x00007ffb737d1000 	C:\WINDOWS\System32\WS2_32.dll
0x00007ffb6fc80000 - 0x00007ffb6fc98000 	C:\WINDOWS\SYSTEM32\kernel.appcore.dll
0x00007ffb6bfd0000 - 0x00007ffb6bfda000 	C:\Program Files\Android\Android Studio\jbr\bin\jimage.dll
0x00007ffb6e740000 - 0x00007ffb6e96e000 	C:\WINDOWS\SYSTEM32\DBGHELP.DLL
0x00007ffb733d0000 - 0x00007ffb73759000 	C:\WINDOWS\System32\combase.dll
0x00007ffb72f80000 - 0x00007ffb73057000 	C:\WINDOWS\System32\OLEAUT32.dll
0x00007ffb52b50000 - 0x00007ffb52b82000 	C:\WINDOWS\SYSTEM32\dbgcore.DLL
0x00007ffb70d90000 - 0x00007ffb70e0b000 	C:\WINDOWS\System32\bcryptPrimitives.dll
0x00007ffb60ab0000 - 0x00007ffb60ad5000 	C:\Program Files\Android\Android Studio\jbr\bin\java.dll
0x00007ffb5edd0000 - 0x00007ffb5ede8000 	C:\Program Files\Android\Android Studio\jbr\bin\zip.dll
0x00007ffb72570000 - 0x00007ffb72d60000 	C:\WINDOWS\System32\SHELL32.dll
0x00007ffb6ec30000 - 0x00007ffb6f4fd000 	C:\WINDOWS\SYSTEM32\windows.storage.dll
0x00007ffb6eaf0000 - 0x00007ffb6ec2e000 	C:\WINDOWS\SYSTEM32\wintypes.dll
0x00007ffb71d50000 - 0x00007ffb71e41000 	C:\WINDOWS\System32\SHCORE.dll
0x00007ffb71ab0000 - 0x00007ffb71b0e000 	C:\WINDOWS\System32\shlwapi.dll
0x00007ffb70ba0000 - 0x00007ffb70bc1000 	C:\WINDOWS\SYSTEM32\profapi.dll
0x00007ffb5dad0000 - 0x00007ffb5dae9000 	C:\Program Files\Android\Android Studio\jbr\bin\net.dll
0x00007ffb699e0000 - 0x00007ffb69b17000 	C:\WINDOWS\SYSTEM32\WINHTTP.dll
0x00007ffb70150000 - 0x00007ffb701b9000 	C:\WINDOWS\system32\mswsock.dll
0x00007ffb5dab0000 - 0x00007ffb5dac6000 	C:\Program Files\Android\Android Studio\jbr\bin\nio.dll
0x00007ffb6a000000 - 0x00007ffb6a010000 	C:\Program Files\Android\Android Studio\jbr\bin\verify.dll
0x00007ffb56640000 - 0x00007ffb56667000 	C:\Users\kaan4\.gradle\native\e1d6ef7f7dcc3fd88c89a11ec53ec762bb8ba0a96d01ffa2cd45eb1d1d8dd5c5\windows-amd64\native-platform.dll
0x00007ffb222e0000 - 0x00007ffb22424000 	C:\Users\kaan4\.gradle\native\0d407fdbe67a94daf76414ababcb853783967236a71b16ec16e742cd7a986fd3\windows-amd64\native-platform-file-events.dll
0x00007ffb6bfc0000 - 0x00007ffb6bfc9000 	C:\Program Files\Android\Android Studio\jbr\bin\management.dll
0x00007ffb6a020000 - 0x00007ffb6a02b000 	C:\Program Files\Android\Android Studio\jbr\bin\management_ext.dll
0x00007ffb71aa0000 - 0x00007ffb71aa8000 	C:\WINDOWS\System32\PSAPI.DLL
0x00007ffb70390000 - 0x00007ffb703ab000 	C:\WINDOWS\SYSTEM32\CRYPTSP.dll
0x00007ffb6fbf0000 - 0x00007ffb6fc25000 	C:\WINDOWS\system32\rsaenh.dll
0x00007ffb70200000 - 0x00007ffb70228000 	C:\WINDOWS\SYSTEM32\USERENV.dll
0x00007ffb70640000 - 0x00007ffb70668000 	C:\WINDOWS\SYSTEM32\bcrypt.dll
0x00007ffb703b0000 - 0x00007ffb703bc000 	C:\WINDOWS\SYSTEM32\CRYPTBASE.dll
0x00007ffb6f750000 - 0x00007ffb6f77d000 	C:\WINDOWS\SYSTEM32\IPHLPAPI.DLL
0x00007ffb72d60000 - 0x00007ffb72d69000 	C:\WINDOWS\System32\NSI.dll
0x00007ffb6a0c0000 - 0x00007ffb6a0d9000 	C:\WINDOWS\SYSTEM32\dhcpcsvc6.DLL
0x00007ffb69240000 - 0x00007ffb6925f000 	C:\WINDOWS\SYSTEM32\dhcpcsvc.DLL
0x00007ffb6f7c0000 - 0x00007ffb6f8b3000 	C:\WINDOWS\SYSTEM32\DNSAPI.dll
0x00007ffb61fa0000 - 0x00007ffb61fa8000 	C:\WINDOWS\system32\wshunix.dll
0x00007ffb67ea0000 - 0x00007ffb67eaa000 	C:\Windows\System32\rasadhlp.dll
0x00007ffb68d30000 - 0x00007ffb68db3000 	C:\WINDOWS\System32\fwpuclnt.dll
0x00007ffb6fca0000 - 0x00007ffb6fcd4000 	C:\WINDOWS\SYSTEM32\ntmarta.dll

dbghelp: loaded successfully - version: 4.0.5 - missing functions: none
symbol engine: initialized successfully - sym options: 0x614 - pdb path: .;C:\Program Files\Android\Android Studio\jbr\bin;C:\WINDOWS\SYSTEM32;C:\WINDOWS\WinSxS\amd64_microsoft.windows.common-controls_6595b64144ccf1df_6.0.22621.608_none_a9444ca7c10bb01d;C:\Program Files\Android\Android Studio\jbr\bin\server;C:\Users\kaan4\.gradle\native\e1d6ef7f7dcc3fd88c89a11ec53ec762bb8ba0a96d01ffa2cd45eb1d1d8dd5c5\windows-amd64;C:\Users\kaan4\.gradle\native\0d407fdbe67a94daf76414ababcb853783967236a71b16ec16e742cd7a986fd3\windows-amd64

VM Arguments:
jvm_args: -XX:MaxPermSize=512m-Dfile.encoding=UTF-8 --add-opens=java.base/java.util=ALL-UNNAMED --add-opens=java.base/java.lang=ALL-UNNAMED --add-opens=java.base/java.lang.invoke=ALL-UNNAMED --add-opens=java.base/java.util=ALL-UNNAMED --add-opens=java.prefs/java.util.prefs=ALL-UNNAMED --add-opens=java.prefs/java.util.prefs=ALL-UNNAMED --add-opens=java.base/java.nio.charset=ALL-UNNAMED --add-opens=java.base/java.net=ALL-UNNAMED --add-opens=java.base/java.util.concurrent.atomic=ALL-UNNAMED -Xmx2048m -Dfile.encoding=windows-1254 -Duser.country=TR -Duser.language=tr -Duser.variant 
java_command: org.gradle.launcher.daemon.bootstrap.GradleDaemon 7.5
java_class_path (initial): C:\Users\kaan4\.gradle\wrapper\dists\gradle-7.5-bin\f1w0cc9nuo0eivz97x2xlu9sv\gradle-7.5\lib\gradle-launcher-7.5.jar
Launcher Type: SUN_STANDARD

[Global flags]
     intx CICompilerCount                          = 4                                         {product} {ergonomic}
     uint ConcGCThreads                            = 2                                         {product} {ergonomic}
     uint G1ConcRefinementThreads                  = 8                                         {product} {ergonomic}
   size_t G1HeapRegionSize                         = 1048576                                   {product} {ergonomic}
    uintx GCDrainStackTargetSize                   = 64                                        {product} {ergonomic}
   size_t InitialHeapSize                          = 266338304                                 {product} {ergonomic}
   size_t MarkStackSize                            = 4194304                                   {product} {ergonomic}
   size_t MaxHeapSize                              = 2147483648                                {product} {command line}
   size_t MaxNewSize                               = 1287651328                                {product} {ergonomic}
   size_t MinHeapDeltaBytes                        = 1048576                                   {product} {ergonomic}
   size_t MinHeapSize                              = 8388608                                   {product} {ergonomic}
    uintx NonNMethodCodeHeapSize                   = 5839372                                {pd product} {ergonomic}
    uintx NonProfiledCodeHeapSize                  = 122909434                              {pd product} {ergonomic}
    uintx ProfiledCodeHeapSize                     = 122909434                              {pd product} {ergonomic}
    uintx ReservedCodeCacheSize                    = 251658240                              {pd product} {ergonomic}
     bool SegmentedCodeCache                       = true                                      {product} {ergonomic}
   size_t SoftMaxHeapSize                          = 2147483648                             {manageable} {ergonomic}
     bool UseCompressedClassPointers               = true                           {product lp64_product} {ergonomic}
     bool UseCompressedOops                        = true                           {product lp64_product} {ergonomic}
     bool UseG1GC                                  = true                                      {product} {ergonomic}
     bool UseLargePagesIndividualAllocation        = false                                  {pd product} {ergonomic}

Logging:
Log output configuration:
 #0: stdout all=warning uptime,level,tags
 #1: stderr all=off uptime,level,tags

Environment Variables:
JAVA_HOME=C:\Program Files\Eclipse Foundation\jdk-16.0.2.7-hotspot\
PATH=C:\Program Files\Common Files\Oracle\Java\javapath;C:\ProgramData\Oracle\Java\javapath;C:\Program Files\Eclipse Foundation\jdk-16.0.2.7-hotspot\bin;C:\Windows\system32;C:\Windows;C:\Windows\System32\Wbem;C:\Windows\System32\WindowsPowerShell\v1.0\;C:\Windows\System32\OpenSSH\;C:\Program Files (x86)\NVIDIA Corporation\PhysX\Common;C:\Program Files\NVIDIA Corporation\NVIDIA NvDLISR;C:\Program Files\Microsoft SQL Server\130\Tools\Binn\;C:\Program Files\Git\cmd;C:\WINDOWS\system32;C:\WINDOWS;C:\WINDOWS\System32\Wbem;C:\WINDOWS\System32\WindowsPowerShell\v1.0\;C:\WINDOWS\System32\OpenSSH\;C:\Program Files\Git LFS;C:\WINDOWS\system32;C:\WINDOWS;C:\WINDOWS\System32\Wbem;C:\WINDOWS\System32\WindowsPowerShell\v1.0\;C:\WINDOWS\System32\OpenSSH\;C:\Program Files\Microsoft SQL Server\150\Tools\Binn\;C:\Program Files\Microsoft SQL Server\Client SDK\ODBC\170\Tools\Binn\;C:\Program Files\dotnet\;C:\Users\kaan4\AppData\Local\Microsoft\WindowsApps;C:\Users\kaan4\AppData\Local\Programs\Microsoft VS Code\bin;C:\Users\kaan4\.dotnet\tools;C:\src\flutter\bin;C:\Users\kaan4\AppData\Local\Android\Sdk\platform-tools;C:\Users\kaan4\AppData\Local\GitHubDesktop\bin;
USERNAME=kaan4
OS=Windows_NT
PROCESSOR_IDENTIFIER=Intel64 Family 6 Model 158 Stepping 10, GenuineIntel
TMP=C:\Users\kaan4\AppData\Local\Temp
TEMP=C:\Users\kaan4\AppData\Local\Temp



---------------  S Y S T E M  ---------------

OS:
 Windows 11 , 64 bit Build 22621 (10.0.22621.1485)
OS uptime: 5 days 10:46 hours
Hyper-V role detected

CPU: total 8 (initial active 8) (4 cores per cpu, 2 threads per core) family 6 model 158 stepping 10 microcode 0xde, cx8, cmov, fxsr, ht, mmx, 3dnowpref, sse, sse2, sse3, ssse3, sse4.1, sse4.2, popcnt, lzcnt, tsc, tscinvbit, avx, avx2, aes, erms, clmul, bmi1, bmi2, adx, fma, vzeroupper, clflush, clflushopt, hv

Memory: 4k page, system-wide physical 16220M (2087M free)
TotalPageFile size 18268M (AvailPageFile size 4M)
current process WorkingSet (physical memory assigned to process): 669M, peak: 700M
current process commit charge ("private bytes"): 700M, peak: 740M

vm_info: OpenJDK 64-Bit Server VM (17.0.6+0-b2043.56-9586694) for windows-amd64 JRE (17.0.6+0-b2043.56-9586694), built on Feb  9 2023 20:06:20 by "androidbuild" with MS VC++ 16.10 / 16.11 (VS2019)

END.
